<?xml version="1.0" encoding="UTF-8"?>
<testsuite xmlns:xsi="http://www.w3.org/2001/XMLSchema-instance" xsi:noNamespaceSchemaLocation="https://maven.apache.org/surefire/maven-surefire-plugin/xsd/surefire-test-report.xsd" version="3.0.1" name="TestSuite" time="66.804" tests="3" errors="0" skipped="0" failures="0">
  <properties>
    <property name="java.specification.version" value="21"/>
    <property name="sun.cpu.isalist" value="amd64"/>
    <property name="sun.jnu.encoding" value="Cp1252"/>
    <property name="java.class.path" value="C:\Users\Sabir\eclipse-workspace\AppiumFramework\target\test-classes;C:\Users\Sabir\eclipse-workspace\AppiumFramework\target\classes;C:\Users\Sabir\.m2\repository\commons-io\commons-io\2.16.1\commons-io-2.16.1.jar;C:\Users\Sabir\.m2\repository\com\fasterxml\jackson\core\jackson-databind\2.17.1\jackson-databind-2.17.1.jar;C:\Users\Sabir\.m2\repository\com\fasterxml\jackson\core\jackson-annotations\2.17.1\jackson-annotations-2.17.1.jar;C:\Users\Sabir\.m2\repository\com\fasterxml\jackson\core\jackson-core\2.17.1\jackson-core-2.17.1.jar;C:\Users\Sabir\.m2\repository\org\seleniumhq\selenium\selenium-support\4.21.0\selenium-support-4.21.0.jar;C:\Users\Sabir\.m2\repository\com\google\auto\service\auto-service-annotations\1.1.1\auto-service-annotations-1.1.1.jar;C:\Users\Sabir\.m2\repository\com\google\guava\guava\33.2.0-jre\guava-33.2.0-jre.jar;C:\Users\Sabir\.m2\repository\com\google\guava\failureaccess\1.0.2\failureaccess-1.0.2.jar;C:\Users\Sabir\.m2\repository\com\google\guava\listenablefuture\9999.0-empty-to-avoid-conflict-with-guava\listenablefuture-9999.0-empty-to-avoid-conflict-with-guava.jar;C:\Users\Sabir\.m2\repository\com\google\code\findbugs\jsr305\3.0.2\jsr305-3.0.2.jar;C:\Users\Sabir\.m2\repository\org\checkerframework\checker-qual\3.42.0\checker-qual-3.42.0.jar;C:\Users\Sabir\.m2\repository\com\google\errorprone\error_prone_annotations\2.26.1\error_prone_annotations-2.26.1.jar;C:\Users\Sabir\.m2\repository\com\google\j2objc\j2objc-annotations\3.0.0\j2objc-annotations-3.0.0.jar;C:\Users\Sabir\.m2\repository\net\bytebuddy\byte-buddy\1.14.15\byte-buddy-1.14.15.jar;C:\Users\Sabir\.m2\repository\org\seleniumhq\selenium\selenium-api\4.21.0\selenium-api-4.21.0.jar;C:\Users\Sabir\.m2\repository\org\seleniumhq\selenium\selenium-json\4.21.0\selenium-json-4.21.0.jar;C:\Users\Sabir\.m2\repository\org\seleniumhq\selenium\selenium-remote-driver\4.21.0\selenium-remote-driver-4.21.0.jar;C:\Users\Sabir\.m2\repository\io\opentelemetry\semconv\opentelemetry-semconv\1.25.0-alpha\opentelemetry-semconv-1.25.0-alpha.jar;C:\Users\Sabir\.m2\repository\io\opentelemetry\opentelemetry-api\1.38.0\opentelemetry-api-1.38.0.jar;C:\Users\Sabir\.m2\repository\io\opentelemetry\opentelemetry-context\1.38.0\opentelemetry-context-1.38.0.jar;C:\Users\Sabir\.m2\repository\io\opentelemetry\opentelemetry-exporter-logging\1.38.0\opentelemetry-exporter-logging-1.38.0.jar;C:\Users\Sabir\.m2\repository\io\opentelemetry\opentelemetry-sdk-common\1.38.0\opentelemetry-sdk-common-1.38.0.jar;C:\Users\Sabir\.m2\repository\io\opentelemetry\opentelemetry-sdk-extension-autoconfigure-spi\1.38.0\opentelemetry-sdk-extension-autoconfigure-spi-1.38.0.jar;C:\Users\Sabir\.m2\repository\io\opentelemetry\opentelemetry-sdk-extension-autoconfigure\1.38.0\opentelemetry-sdk-extension-autoconfigure-1.38.0.jar;C:\Users\Sabir\.m2\repository\io\opentelemetry\opentelemetry-api-incubator\1.38.0-alpha\opentelemetry-api-incubator-1.38.0-alpha.jar;C:\Users\Sabir\.m2\repository\io\opentelemetry\opentelemetry-sdk-trace\1.38.0\opentelemetry-sdk-trace-1.38.0.jar;C:\Users\Sabir\.m2\repository\io\opentelemetry\opentelemetry-sdk\1.38.0\opentelemetry-sdk-1.38.0.jar;C:\Users\Sabir\.m2\repository\io\opentelemetry\opentelemetry-sdk-metrics\1.38.0\opentelemetry-sdk-metrics-1.38.0.jar;C:\Users\Sabir\.m2\repository\io\opentelemetry\opentelemetry-sdk-logs\1.38.0\opentelemetry-sdk-logs-1.38.0.jar;C:\Users\Sabir\.m2\repository\org\seleniumhq\selenium\selenium-http\4.21.0\selenium-http-4.21.0.jar;C:\Users\Sabir\.m2\repository\dev\failsafe\failsafe\3.3.2\failsafe-3.3.2.jar;C:\Users\Sabir\.m2\repository\org\seleniumhq\selenium\selenium-manager\4.21.0\selenium-manager-4.21.0.jar;C:\Users\Sabir\.m2\repository\org\seleniumhq\selenium\selenium-os\4.21.0\selenium-os-4.21.0.jar;C:\Users\Sabir\.m2\repository\org\apache\commons\commons-exec\1.4.0\commons-exec-1.4.0.jar;C:\Users\Sabir\.m2\repository\io\appium\java-client\9.2.3\java-client-9.2.3.jar;C:\Users\Sabir\.m2\repository\com\google\code\gson\gson\2.11.0\gson-2.11.0.jar;C:\Users\Sabir\.m2\repository\org\slf4j\slf4j-api\2.0.13\slf4j-api-2.0.13.jar;C:\Users\Sabir\.m2\repository\org\testng\testng\7.0.0\testng-7.0.0.jar;C:\Users\Sabir\.m2\repository\com\beust\jcommander\1.72\jcommander-1.72.jar;C:\Users\Sabir\.m2\repository\com\aventstack\extentreports\5.1.1\extentreports-5.1.1.jar;C:\Users\Sabir\.m2\repository\io\reactivex\rxjava3\rxjava\3.1.6\rxjava-3.1.6.jar;C:\Users\Sabir\.m2\repository\org\reactivestreams\reactive-streams\1.0.4\reactive-streams-1.0.4.jar;C:\Users\Sabir\.m2\repository\org\freemarker\freemarker\2.3.32\freemarker-2.3.32.jar;C:\Users\Sabir\.m2\repository\org\projectlombok\lombok\1.18.26\lombok-1.18.26.jar;"/>
    <property name="java.vm.vendor" value="Oracle Corporation"/>
    <property name="sun.arch.data.model" value="64"/>
    <property name="user.variant" value=""/>
    <property name="java.vendor.url" value="https://java.oracle.com/"/>
    <property name="user.timezone" value="Europe/Oslo"/>
    <property name="os.name" value="Windows 11"/>
    <property name="java.vm.specification.version" value="21"/>
    <property name="sun.java.launcher" value="SUN_STANDARD"/>
    <property name="user.country" value="US"/>
    <property name="sun.boot.library.path" value="C:\Program Files\Java\jdk-21\bin"/>
    <property name="sun.java.command" value="C:\Users\Sabir\AppData\Local\Temp\surefire17366456278351487018\surefirebooter-20240619194214198_3.jar C:\Users\Sabir\AppData\Local\Temp\surefire17366456278351487018 2024-06-19T19-42-14_105-jvmRun1 surefire-20240619194214198_1tmp surefire_0-20240619194214198_2tmp"/>
    <property name="jdk.debug" value="release"/>
    <property name="surefire.test.class.path" value="C:\Users\Sabir\eclipse-workspace\AppiumFramework\target\test-classes;C:\Users\Sabir\eclipse-workspace\AppiumFramework\target\classes;C:\Users\Sabir\.m2\repository\commons-io\commons-io\2.16.1\commons-io-2.16.1.jar;C:\Users\Sabir\.m2\repository\com\fasterxml\jackson\core\jackson-databind\2.17.1\jackson-databind-2.17.1.jar;C:\Users\Sabir\.m2\repository\com\fasterxml\jackson\core\jackson-annotations\2.17.1\jackson-annotations-2.17.1.jar;C:\Users\Sabir\.m2\repository\com\fasterxml\jackson\core\jackson-core\2.17.1\jackson-core-2.17.1.jar;C:\Users\Sabir\.m2\repository\org\seleniumhq\selenium\selenium-support\4.21.0\selenium-support-4.21.0.jar;C:\Users\Sabir\.m2\repository\com\google\auto\service\auto-service-annotations\1.1.1\auto-service-annotations-1.1.1.jar;C:\Users\Sabir\.m2\repository\com\google\guava\guava\33.2.0-jre\guava-33.2.0-jre.jar;C:\Users\Sabir\.m2\repository\com\google\guava\failureaccess\1.0.2\failureaccess-1.0.2.jar;C:\Users\Sabir\.m2\repository\com\google\guava\listenablefuture\9999.0-empty-to-avoid-conflict-with-guava\listenablefuture-9999.0-empty-to-avoid-conflict-with-guava.jar;C:\Users\Sabir\.m2\repository\com\google\code\findbugs\jsr305\3.0.2\jsr305-3.0.2.jar;C:\Users\Sabir\.m2\repository\org\checkerframework\checker-qual\3.42.0\checker-qual-3.42.0.jar;C:\Users\Sabir\.m2\repository\com\google\errorprone\error_prone_annotations\2.26.1\error_prone_annotations-2.26.1.jar;C:\Users\Sabir\.m2\repository\com\google\j2objc\j2objc-annotations\3.0.0\j2objc-annotations-3.0.0.jar;C:\Users\Sabir\.m2\repository\net\bytebuddy\byte-buddy\1.14.15\byte-buddy-1.14.15.jar;C:\Users\Sabir\.m2\repository\org\seleniumhq\selenium\selenium-api\4.21.0\selenium-api-4.21.0.jar;C:\Users\Sabir\.m2\repository\org\seleniumhq\selenium\selenium-json\4.21.0\selenium-json-4.21.0.jar;C:\Users\Sabir\.m2\repository\org\seleniumhq\selenium\selenium-remote-driver\4.21.0\selenium-remote-driver-4.21.0.jar;C:\Users\Sabir\.m2\repository\io\opentelemetry\semconv\opentelemetry-semconv\1.25.0-alpha\opentelemetry-semconv-1.25.0-alpha.jar;C:\Users\Sabir\.m2\repository\io\opentelemetry\opentelemetry-api\1.38.0\opentelemetry-api-1.38.0.jar;C:\Users\Sabir\.m2\repository\io\opentelemetry\opentelemetry-context\1.38.0\opentelemetry-context-1.38.0.jar;C:\Users\Sabir\.m2\repository\io\opentelemetry\opentelemetry-exporter-logging\1.38.0\opentelemetry-exporter-logging-1.38.0.jar;C:\Users\Sabir\.m2\repository\io\opentelemetry\opentelemetry-sdk-common\1.38.0\opentelemetry-sdk-common-1.38.0.jar;C:\Users\Sabir\.m2\repository\io\opentelemetry\opentelemetry-sdk-extension-autoconfigure-spi\1.38.0\opentelemetry-sdk-extension-autoconfigure-spi-1.38.0.jar;C:\Users\Sabir\.m2\repository\io\opentelemetry\opentelemetry-sdk-extension-autoconfigure\1.38.0\opentelemetry-sdk-extension-autoconfigure-1.38.0.jar;C:\Users\Sabir\.m2\repository\io\opentelemetry\opentelemetry-api-incubator\1.38.0-alpha\opentelemetry-api-incubator-1.38.0-alpha.jar;C:\Users\Sabir\.m2\repository\io\opentelemetry\opentelemetry-sdk-trace\1.38.0\opentelemetry-sdk-trace-1.38.0.jar;C:\Users\Sabir\.m2\repository\io\opentelemetry\opentelemetry-sdk\1.38.0\opentelemetry-sdk-1.38.0.jar;C:\Users\Sabir\.m2\repository\io\opentelemetry\opentelemetry-sdk-metrics\1.38.0\opentelemetry-sdk-metrics-1.38.0.jar;C:\Users\Sabir\.m2\repository\io\opentelemetry\opentelemetry-sdk-logs\1.38.0\opentelemetry-sdk-logs-1.38.0.jar;C:\Users\Sabir\.m2\repository\org\seleniumhq\selenium\selenium-http\4.21.0\selenium-http-4.21.0.jar;C:\Users\Sabir\.m2\repository\dev\failsafe\failsafe\3.3.2\failsafe-3.3.2.jar;C:\Users\Sabir\.m2\repository\org\seleniumhq\selenium\selenium-manager\4.21.0\selenium-manager-4.21.0.jar;C:\Users\Sabir\.m2\repository\org\seleniumhq\selenium\selenium-os\4.21.0\selenium-os-4.21.0.jar;C:\Users\Sabir\.m2\repository\org\apache\commons\commons-exec\1.4.0\commons-exec-1.4.0.jar;C:\Users\Sabir\.m2\repository\io\appium\java-client\9.2.3\java-client-9.2.3.jar;C:\Users\Sabir\.m2\repository\com\google\code\gson\gson\2.11.0\gson-2.11.0.jar;C:\Users\Sabir\.m2\repository\org\slf4j\slf4j-api\2.0.13\slf4j-api-2.0.13.jar;C:\Users\Sabir\.m2\repository\org\testng\testng\7.0.0\testng-7.0.0.jar;C:\Users\Sabir\.m2\repository\com\beust\jcommander\1.72\jcommander-1.72.jar;C:\Users\Sabir\.m2\repository\com\aventstack\extentreports\5.1.1\extentreports-5.1.1.jar;C:\Users\Sabir\.m2\repository\io\reactivex\rxjava3\rxjava\3.1.6\rxjava-3.1.6.jar;C:\Users\Sabir\.m2\repository\org\reactivestreams\reactive-streams\1.0.4\reactive-streams-1.0.4.jar;C:\Users\Sabir\.m2\repository\org\freemarker\freemarker\2.3.32\freemarker-2.3.32.jar;C:\Users\Sabir\.m2\repository\org\projectlombok\lombok\1.18.26\lombok-1.18.26.jar;"/>
    <property name="sun.cpu.endian" value="little"/>
    <property name="user.home" value="C:\Users\Sabir"/>
    <property name="user.language" value="en"/>
    <property name="java.specification.vendor" value="Oracle Corporation"/>
    <property name="java.version.date" value="2024-01-16"/>
    <property name="java.home" value="C:\Program Files\Java\jdk-21"/>
    <property name="file.separator" value="\"/>
    <property name="basedir" value="C:\Users\Sabir\eclipse-workspace\AppiumFramework"/>
    <property name="java.vm.compressedOopsMode" value="Zero based"/>
    <property name="line.separator" value="&#10;"/>
    <property name="java.vm.specification.vendor" value="Oracle Corporation"/>
    <property name="java.specification.name" value="Java Platform API Specification"/>
    <property name="surefire.real.class.path" value="C:\Users\Sabir\AppData\Local\Temp\surefire17366456278351487018\surefirebooter-20240619194214198_3.jar"/>
    <property name="user.script" value=""/>
    <property name="sun.management.compiler" value="HotSpot 64-Bit Tiered Compilers"/>
    <property name="java.runtime.version" value="21.0.2+13-LTS-58"/>
    <property name="user.name" value="Sabir"/>
    <property name="stdout.encoding" value="Cp1252"/>
    <property name="path.separator" value=";"/>
    <property name="os.version" value="10.0"/>
    <property name="java.runtime.name" value="Java(TM) SE Runtime Environment"/>
    <property name="file.encoding" value="UTF-8"/>
    <property name="java.vm.name" value="Java HotSpot(TM) 64-Bit Server VM"/>
    <property name="localRepository" value="C:\Users\Sabir\.m2\repository"/>
    <property name="java.vendor.url.bug" value="https://bugreport.java.com/bugreport/"/>
    <property name="java.io.tmpdir" value="C:\Users\Sabir\AppData\Local\Temp\"/>
    <property name="java.version" value="21.0.2"/>
    <property name="user.dir" value="C:\Users\Sabir\eclipse-workspace\AppiumFramework"/>
    <property name="os.arch" value="amd64"/>
    <property name="java.vm.specification.name" value="Java Virtual Machine Specification"/>
    <property name="sun.os.patch.level" value=""/>
    <property name="native.encoding" value="Cp1252"/>
    <property name="java.library.path" value="C:\Program Files\Java\jdk-21\bin;C:\WINDOWS\Sun\Java\bin;C:\WINDOWS\system32;C:\WINDOWS;C:\Program Files\Java\jdk-21/bin;C:\Program Files\Java\jdk-21/bin;C:\WINDOWS\system32;C:\WINDOWS;C:\WINDOWS\System32\Wbem;C:\WINDOWS\System32\WindowsPowerShell\v1.0\;C:\WINDOWS\System32\OpenSSH\;C:\Program Files (x86)\NVIDIA Corporation\PhysX\Common;C:\Program Files\NVIDIA Corporation\NVIDIA NvDLISR;C:\Program Files\dotnet\;C:\Program Files (x86)\Windows Kits\10\Windows Performance Toolkit\;C:\Program Files\Maven\apache-maven-3.9.6\bin;C:\Program Files\Java\jdk-21\bin;C:\strawberry\c\bin;C:\strawberry\perl\bin;E:\Tutorials\actionSQA\jmeter\bin\jmeter-n.cmd;C:\Program Files\nodejs\;C:\ProgramData\chocolatey\bin;C:\Users\Sabir\AppData\Local\Programs\Python\Python312\Scripts\;C:\Users\Sabir\AppData\Local\Programs\Python\Python312\;C:\Program Files\Git\cmd;C:\Users\Sabir\AppData\Local\Android\Sdk\tools\bin;C:\Users\Sabir\AppData\Local\Android\Sdk\tools;C:\Users\Sabir\AppData\Local\Android\Sdk\platform-tools;C:\Users\Sabir\AppData\Local\Android\Sdk\platforms\android-34;C:\Users\Sabir\AppData\Local\Programs\Python\Python312\Scripts\;C:\Users\Sabir\AppData\Local\Programs\Python\Python312\;C:\Users\Sabir\AppData\Local\Programs\Python\Launcher\;C:\Users\Sabir\AppData\Local\Microsoft\WindowsApps;C:\Program Files\Java\jdk-21.0.2\bin;C:\Users\Sabir\AppData\Roaming\npm;C:\Users\Sabir\AppData\Local\Programs\Microsoft VS Code\bin;."/>
    <property name="java.vm.info" value="mixed mode, sharing"/>
    <property name="stderr.encoding" value="Cp1252"/>
    <property name="java.vendor" value="Oracle Corporation"/>
    <property name="java.vm.version" value="21.0.2+13-LTS-58"/>
    <property name="sun.io.unicode.encoding" value="UnicodeLittle"/>
    <property name="java.class.version" value="65.0"/>
  </properties>
  <testcase name="fillForm_PositiveFlow[Tester, female, Argentina](1)" classname="testautomation.eCommerce_E2E_tc2" time="16.038">
    <system-out><![CDATA[&amp#27;[35m[Appium]&amp#27;[39m Welcome to Appium v2.9.0
&amp#27;[35m[Appium]&amp#27;[39m Non-default server args:
&amp#27;[35m[Appium]&amp#27;[39m { address: &amp#27;[32m'127.0.0.1'&amp#27;[39m }
&amp#27;[35m[Appium]&amp#27;[39m The autodetected Appium home path: C:\Users\Sabir
&amp#27;[35m[Appium]&amp#27;[39m Attempting to load driver uiautomator2...
&amp#27;[35m[Appium]&amp#27;[39m Requiring driver at C:\Users\Sabir\node_modules\appium-uiautomator2-driver\build\index.js
&amp#27;[35m[Appium]&amp#27;[39m AndroidUiautomator2Driver has been successfully loaded in 0.472s
&amp#27;[35m[Appium]&amp#27;[39m Appium REST http interface listener started on http://127.0.0.1:4723
&amp#27;[35m[Appium]&amp#27;[39m Available drivers:
&amp#27;[35m[Appium]&amp#27;[39m   - uiautomator2@3.5.2 (automationName 'UiAutomator2')
&amp#27;[35m[Appium]&amp#27;[39m No plugins have been installed. Use the "appium plugin" command to install the one(s) you want to use.
&amp#27;[38;5;0m[HTTP]&amp#27;[0m &amp#27;[37m-->&amp#27;[39m &amp#27;[37mGET&amp#27;[39m &amp#27;[37m/status&amp#27;[39m
&amp#27;[38;5;0m[HTTP]&amp#27;[0m &amp#27;[90m{}&amp#27;[39m
&amp#27;[38;5;16m[AppiumDriver@5a4c]&amp#27;[0m Calling AppiumDriver.getStatus() with args: []
&amp#27;[38;5;16m[AppiumDriver@5a4c]&amp#27;[0m Responding to client with driver.getStatus() result: {"ready":true,"message":"The server is ready to accept new connections","build":{"version":"2.9.0"}}
&amp#27;[38;5;0m[HTTP]&amp#27;[0m &amp#27;[37m<-- GET /status &amp#27;[39m&amp#27;[32m200&amp#27;[39m &amp#27;[90m4 ms - 110&amp#27;[39m
&amp#27;[38;5;0m[HTTP]&amp#27;[0m &amp#27;[90m&amp#27;[39m
&amp#27;[38;5;0m[HTTP]&amp#27;[0m Request idempotency key: ed499c7b-65a5-43fb-aed4-07ff93997a53
&amp#27;[38;5;0m[HTTP]&amp#27;[0m &amp#27;[37m-->&amp#27;[39m &amp#27;[37mPOST&amp#27;[39m &amp#27;[37m/session&amp#27;[39m
&amp#27;[38;5;0m[HTTP]&amp#27;[0m &amp#27;[90m{"capabilities":{"firstMatch":[{"appium:deviceName":"A52","platformName":"ANDROID","appium:automationName":"UIAutomator2","appium:app":"C:\\Users\\Sabir\\eclipse-workspace\\AppiumFramework\\src\\test\\java\\resources\\General-Store.apk"}]}}&amp#27;[39m
&amp#27;[38;5;16m[AppiumDriver@5a4c]&amp#27;[0m Calling AppiumDriver.createSession() with args: [null,null,{"firstMatch":[{"appium:deviceName":"A52","platformName":"ANDROID","appium:automationName":"UIAutomator2","appium:app":"C:\\Users\\Sabir\\eclipse-workspace\\AppiumFramework\\src\\test\\java\\resources\\General-Store.apk"}]}]
&amp#27;[38;5;16m[AppiumDriver@5a4c]&amp#27;[0m Event 'newSessionRequested' logged at 1718818936632 (19:42:16 GMT+0200 (Central European Summer Time))
&amp#27;[35m[Appium]&amp#27;[39m Attempting to find matching driver for automationName 'UIAutomator2' and platformName 'ANDROID'
&amp#27;[35m[Appium]&amp#27;[39m The 'uiautomator2' driver was installed and matched caps.
&amp#27;[35m[Appium]&amp#27;[39m Will require it at C:\Users\Sabir\node_modules\appium-uiautomator2-driver
&amp#27;[35m[Appium]&amp#27;[39m Requiring driver at C:\Users\Sabir\node_modules\appium-uiautomator2-driver\build\index.js
&amp#27;[38;5;16m[AppiumDriver@5a4c]&amp#27;[0m Appium v2.9.0 creating new AndroidUiautomator2Driver (v3.5.2) session
&amp#27;[38;5;16m[AppiumDriver@5a4c]&amp#27;[0m Checking BaseDriver versions for Appium and AndroidUiautomator2Driver
&amp#27;[38;5;16m[AppiumDriver@5a4c]&amp#27;[0m Appium's BaseDriver version is 9.9.0
&amp#27;[38;5;16m[AppiumDriver@5a4c]&amp#27;[0m AndroidUiautomator2Driver's BaseDriver version is 9.6.0
&amp#27;[38;5;32m[AndroidUiautomator2Driver@20e3]&amp#27;[0m Creating session with W3C capabilities: {
&amp#27;[38;5;32m[AndroidUiautomator2Driver@20e3]&amp#27;[0m   "alwaysMatch": {
&amp#27;[38;5;32m[AndroidUiautomator2Driver@20e3]&amp#27;[0m     "platformName": "ANDROID",
&amp#27;[38;5;32m[AndroidUiautomator2Driver@20e3]&amp#27;[0m     "appium:deviceName": "A52",
&amp#27;[38;5;32m[AndroidUiautomator2Driver@20e3]&amp#27;[0m     "appium:automationName": "UIAutomator2",
&amp#27;[38;5;32m[AndroidUiautomator2Driver@20e3]&amp#27;[0m     "appium:app": "C:\\Users\\Sabir\\eclipse-workspace\\AppiumFramework\\src\\test\\java\\resources\\General-Store.apk"
&amp#27;[38;5;32m[AndroidUiautomator2Driver@20e3]&amp#27;[0m   },
&amp#27;[38;5;32m[AndroidUiautomator2Driver@20e3]&amp#27;[0m   "firstMatch": [
&amp#27;[38;5;32m[AndroidUiautomator2Driver@20e3]&amp#27;[0m     {}
&amp#27;[38;5;32m[AndroidUiautomator2Driver@20e3]&amp#27;[0m   ]
&amp#27;[38;5;32m[AndroidUiautomator2Driver@20e3]&amp#27;[0m }
&amp#27;[38;5;32m[AndroidUiautomator2Driver@20e3 (2eb8af4b)]&amp#27;[0m Session created with session id: 2eb8af4b-f6f5-46ef-858a-418a2cc165ce
&amp#27;[38;5;48m[ADB]&amp#27;[0m Found 1 'build-tools' folders under 'C:\Users\Sabir\AppData\Local\Android\Sdk' (newest first):
&amp#27;[38;5;48m[ADB]&amp#27;[0m     C:\Users\Sabir\AppData\Local\Android\Sdk\build-tools\34.0.0
&amp#27;[38;5;48m[ADB]&amp#27;[0m Using 'adb.exe' from 'C:\Users\Sabir\AppData\Local\Android\Sdk\platform-tools\adb.exe'
&amp#27;[38;5;48m[ADB]&amp#27;[0m Running 'C:\Users\Sabir\AppData\Local\Android\Sdk\platform-tools\adb.exe -P 5037 start-server'
&amp#27;[38;5;32m[AndroidUiautomator2Driver@20e3 (2eb8af4b)]&amp#27;[0m Retrieving device list
&amp#27;[38;5;48m[ADB]&amp#27;[0m Trying to find connected Android devices
&amp#27;[38;5;48m[ADB]&amp#27;[0m Getting connected devices
&amp#27;[38;5;48m[ADB]&amp#27;[0m Connected devices: [{"udid":"R58T10BJQHK","state":"device"}]
&amp#27;[38;5;32m[AndroidUiautomator2Driver@20e3 (2eb8af4b)]&amp#27;[0m Using device: R58T10BJQHK
&amp#27;[38;5;48m[ADB]&amp#27;[0m Using 'adb.exe' from 'C:\Users\Sabir\AppData\Local\Android\Sdk\platform-tools\adb.exe'
&amp#27;[38;5;48m[ADB]&amp#27;[0m Running 'C:\Users\Sabir\AppData\Local\Android\Sdk\platform-tools\adb.exe -P 5037 start-server'
&amp#27;[38;5;48m[ADB]&amp#27;[0m Setting device id to R58T10BJQHK
&amp#27;[38;5;64m[BaseDriver]&amp#27;[0m Using local app 'C:\Users\Sabir\eclipse-workspace\AppiumFramework\src\test\java\resources\General-Store.apk'
&amp#27;[38;5;32m[AndroidUiautomator2Driver@20e3 (2eb8af4b)]&amp#27;[0m Checking whether app is actually present
&amp#27;[38;5;48m[ADB]&amp#27;[0m Running 'C:\Users\Sabir\AppData\Local\Android\Sdk\platform-tools\adb.exe -P 5037 -s R58T10BJQHK shell getprop ro.build.version.sdk'
&amp#27;[38;5;48m[ADB]&amp#27;[0m Current device property 'ro.build.version.sdk': 34
&amp#27;[38;5;48m[ADB]&amp#27;[0m Getting device platform version
&amp#27;[38;5;48m[ADB]&amp#27;[0m Running 'C:\Users\Sabir\AppData\Local\Android\Sdk\platform-tools\adb.exe -P 5037 -s R58T10BJQHK shell getprop ro.build.version.release'
&amp#27;[38;5;48m[ADB]&amp#27;[0m Current device property 'ro.build.version.release': 14
&amp#27;[38;5;48m[ADB]&amp#27;[0m Device API level: 34
&amp#27;[38;5;32m[AndroidUiautomator2Driver@20e3 (2eb8af4b)]&amp#27;[0m Relaxing hidden api policy
&amp#27;[38;5;48m[ADB]&amp#27;[0m Running 'C:\Users\Sabir\AppData\Local\Android\Sdk\platform-tools\adb.exe -P 5037 -s R58T10BJQHK shell 'settings put global hidden_api_policy_pre_p_apps 1;settings put global hidden_api_policy_p_apps 1;settings put global hidden_api_policy 1''
&amp#27;[38;5;32m[AndroidUiautomator2Driver@20e3 (2eb8af4b)]&amp#27;[0m Parsing package and activity from app manifest
&amp#27;[38;5;32m[AndroidUiautomator2Driver@20e3 (2eb8af4b)]&amp#27;[0m Pushing settings apk to the device...
&amp#27;[38;5;48m[ADB]&amp#27;[0m Getting package info for 'io.appium.settings'
&amp#27;[38;5;48m[ADB]&amp#27;[0m Running 'C:\Users\Sabir\AppData\Local\Android\Sdk\platform-tools\adb.exe -P 5037 -s R58T10BJQHK shell dumpsys package io.appium.settings'
&amp#27;[38;5;48m[ADB]&amp#27;[0m Package name: 'com.androidsample.generalstore'
&amp#27;[38;5;48m[ADB]&amp#27;[0m Main activity name: 'com.androidsample.generalstore.SplashActivity'
&amp#27;[38;5;32m[AndroidUiautomator2Driver@20e3 (2eb8af4b)]&amp#27;[0m Parsed package and activity are: com.androidsample.generalstore/com.androidsample.generalstore.SplashActivity
&amp#27;[38;5;48m[ADB]&amp#27;[0m The version name of the installed 'io.appium.settings' is greater or equal to the application version name ('5.9.2' >= '5.9.2')
&amp#27;[38;5;48m[ADB]&amp#27;[0m There is no need to install/upgrade 'C:\Users\Sabir\node_modules\appium-uiautomator2-driver\node_modules\io.appium.settings\apks\settings_apk-debug.apk'
&amp#27;[38;5;48m[ADB]&amp#27;[0m Running 'C:\Users\Sabir\AppData\Local\Android\Sdk\platform-tools\adb.exe -P 5037 -s R58T10BJQHK shell dumpsys activity services io.appium.settings'
&amp#27;[38;5;32m[AndroidUiautomator2Driver@20e3 (2eb8af4b)]&amp#27;[0m io.appium.settings is already running. There is no need to reset its permissions.
&amp#27;[38;5;80m[Logcat]&amp#27;[0m Starting logs capture with command: C:\\Users\\Sabir\\AppData\\Local\\Android\\Sdk\\platform-tools\\adb.exe -P 5037 -s R58T10BJQHK logcat -v threadtime
&amp#27;[38;5;48m[ADB]&amp#27;[0m Running 'C:\Users\Sabir\AppData\Local\Android\Sdk\platform-tools\adb.exe -P 5037 -s R58T10BJQHK shell appops set io.appium.settings android:mock_location allow'
&amp#27;[38;5;48m[ADB]&amp#27;[0m Running 'C:\Users\Sabir\AppData\Local\Android\Sdk\platform-tools\adb.exe -P 5037 -s R58T10BJQHK shell "[ -e '/data/local/tmp/mock_apps.json' ] && echo __PASS__"'
&amp#27;[38;5;48m[ADB]&amp#27;[0m Running 'C:\Users\Sabir\AppData\Local\Android\Sdk\platform-tools\adb.exe -P 5037 -s R58T10BJQHK shell cat /data/local/tmp/mock_apps.json'
&amp#27;[38;5;32m[AndroidUiautomator2Driver@20e3 (2eb8af4b)]&amp#27;[0m Forwarding UiAutomator2 Server port 6790 to local port 8200
&amp#27;[38;5;48m[ADB]&amp#27;[0m Forwarding system: 8200 to device: 6790
&amp#27;[38;5;48m[ADB]&amp#27;[0m Running 'C:\Users\Sabir\AppData\Local\Android\Sdk\platform-tools\adb.exe -P 5037 -s R58T10BJQHK forward tcp:8200 tcp:6790'
&amp#27;[38;5;48m[ADB]&amp#27;[0m Getting package info for 'io.appium.uiautomator2.server'
&amp#27;[38;5;48m[ADB]&amp#27;[0m Running 'C:\Users\Sabir\AppData\Local\Android\Sdk\platform-tools\adb.exe -P 5037 -s R58T10BJQHK shell dumpsys package io.appium.uiautomator2.server'
&amp#27;[38;5;48m[ADB]&amp#27;[0m Getting install status for io.appium.uiautomator2.server.test
&amp#27;[38;5;48m[ADB]&amp#27;[0m Checking app cert for C:\Users\Sabir\eclipse-workspace\AppiumFramework\src\test\java\resources\General-Store.apk
&amp#27;[38;5;48m[ADB]&amp#27;[0m Running 'C:\Users\Sabir\AppData\Local\Android\Sdk\platform-tools\adb.exe -P 5037 -s R58T10BJQHK shell cmd package list packages'
&amp#27;[38;5;48m[ADB]&amp#27;[0m Using 'apksigner.jar' from 'C:\Users\Sabir\AppData\Local\Android\Sdk\build-tools\34.0.0\lib\apksigner.jar'
&amp#27;[38;5;48m[ADB]&amp#27;[0m Starting apksigner: 'C:\\Program Files\\Java\\jdk-21\\bin\\java.exe' -Xmx1024M -Xss1m -jar C:\\Users\\Sabir\\AppData\\Local\\Android\\Sdk\\build-tools\\34.0.0\\lib\\apksigner.jar verify --print-certs C:\\Users\\Sabir\\eclipse-workspace\\AppiumFramework\\src\\test\\java\\resources\\General-Store.apk
&amp#27;[38;5;48m[ADB]&amp#27;[0m 'io.appium.uiautomator2.server.test' is installed
&amp#27;[38;5;48m[ADB]&amp#27;[0m The version name of the installed 'io.appium.uiautomator2.server' is greater or equal to the application version name ('7.0.9' >= '7.0.9')
&amp#27;[38;5;32m[AndroidUiautomator2Driver@20e3 (2eb8af4b)]&amp#27;[0m Server packages status: [{"installState":"sameVersionInstalled","appPath":"C:\\Users\\Sabir\\node_modules\\appium-uiautomator2-driver\\node_modules\\appium-uiautomator2-server\\apks\\appium-uiautomator2-server-v7.0.9.apk","appId":"io.appium.uiautomator2.server"},{"installState":"sameVersionInstalled","appPath":"C:\\Users\\Sabir\\node_modules\\appium-uiautomator2-driver\\node_modules\\appium-uiautomator2-server\\apks\\appium-uiautomator2-server-debug-androidTest.apk","appId":"io.appium.uiautomator2.server.test"}]
&amp#27;[38;5;32m[AndroidUiautomator2Driver@20e3 (2eb8af4b)]&amp#27;[0m Server packages are not going to be (re)installed
&amp#27;[38;5;32m[AndroidUiautomator2Driver@20e3 (2eb8af4b)]&amp#27;[0m Waiting up to 30000ms for services to be available
&amp#27;[38;5;48m[ADB]&amp#27;[0m Running 'C:\Users\Sabir\AppData\Local\Android\Sdk\platform-tools\adb.exe -P 5037 -s R58T10BJQHK shell pm list instrumentation'
&amp#27;[38;5;48m[ADB]&amp#27;[0m apksigner stdout: Signer #1 certificate DN: EMAILADDRESS=android@android.com, CN=Android, OU=Android, O=Android, L=Mountain View, ST=California, C=US
&amp#27;[38;5;48m[ADB]&amp#27;[0m Signer #1 certificate SHA-256 digest: a40da80a59d170caa950cf15c18c454d47a39b26989d8b640ecd745ba71bf5dc
&amp#27;[38;5;48m[ADB]&amp#27;[0m Signer #1 certificate SHA-1 digest: 61ed377e85d386a8dfee6b864bd85b0bfaa5af81
&amp#27;[38;5;48m[ADB]&amp#27;[0m Signer #1 certificate MD5 digest: e89b158e4bcf988ebd09eb83f5378e87
&amp#27;[38;5;48m[ADB]&amp#27;[0m 
&amp#27;[38;5;48m[ADB]&amp#27;[0m sha256 hash did match for 'General-Store.apk'
&amp#27;[38;5;48m[ADB]&amp#27;[0m 'C:\Users\Sabir\eclipse-workspace\AppiumFramework\src\test\java\resources\General-Store.apk' is signed with the default certificate
&amp#27;[38;5;48m[ADB]&amp#27;[0m Getting package info for 'com.androidsample.generalstore'
&amp#27;[38;5;48m[ADB]&amp#27;[0m Running 'C:\Users\Sabir\AppData\Local\Android\Sdk\platform-tools\adb.exe -P 5037 -s R58T10BJQHK shell dumpsys package com.androidsample.generalstore'
&amp#27;[38;5;32m[AndroidUiautomator2Driver@20e3 (2eb8af4b)]&amp#27;[0m Instrumentation target 'io.appium.uiautomator2.server.test/androidx.test.runner.AndroidJUnitRunner' is available
&amp#27;[38;5;48m[ADB]&amp#27;[0m Adding packages ["io.appium.settings","io.appium.uiautomator2.server","io.appium.uiautomator2.server.test"] to Doze whitelist
&amp#27;[38;5;48m[ADB]&amp#27;[0m Got the following command chunks to execute: [["dumpsys","deviceidle","whitelist","+io.appium.settings",";","dumpsys","deviceidle","whitelist","+io.appium.uiautomator2.server",";","dumpsys","deviceidle","whitelist","+io.appium.uiautomator2.server.test",";"]]
&amp#27;[38;5;48m[ADB]&amp#27;[0m Running 'C:\Users\Sabir\AppData\Local\Android\Sdk\platform-tools\adb.exe -P 5037 -s R58T10BJQHK shell dumpsys deviceidle whitelist +io.appium.settings ; dumpsys deviceidle whitelist +io.appium.uiautomator2.server ; dumpsys deviceidle whitelist +io.appium.uiautomator2.server.test ;'
&amp#27;[38;5;48m[ADB]&amp#27;[0m The version name of the installed 'com.androidsample.generalstore' is greater or equal to the application version name ('1.0.0' >= '1.0.0')
&amp#27;[38;5;48m[ADB]&amp#27;[0m There is no need to install/upgrade 'C:\Users\Sabir\eclipse-workspace\AppiumFramework\src\test\java\resources\General-Store.apk'
&amp#27;[38;5;32m[AndroidUiautomator2Driver@20e3 (2eb8af4b)]&amp#27;[0m Performing fast reset on 'com.androidsample.generalstore'
&amp#27;[38;5;48m[ADB]&amp#27;[0m Getting install status for com.androidsample.generalstore
&amp#27;[38;5;48m[ADB]&amp#27;[0m Running 'C:\Users\Sabir\AppData\Local\Android\Sdk\platform-tools\adb.exe -P 5037 -s R58T10BJQHK shell cmd package list packages'
&amp#27;[38;5;48m[ADB]&amp#27;[0m 'com.androidsample.generalstore' is installed
&amp#27;[38;5;48m[ADB]&amp#27;[0m Running 'C:\Users\Sabir\AppData\Local\Android\Sdk\platform-tools\adb.exe -P 5037 -s R58T10BJQHK shell am force-stop com.androidsample.generalstore'
&amp#27;[38;5;48m[ADB]&amp#27;[0m Running 'C:\Users\Sabir\AppData\Local\Android\Sdk\platform-tools\adb.exe -P 5037 -s R58T10BJQHK shell pm clear com.androidsample.generalstore'
&amp#27;[38;5;32m[AndroidUiautomator2Driver@20e3 (2eb8af4b)]&amp#27;[0m Performed fast reset on the installed 'com.androidsample.generalstore' application (stop and clear)
&amp#27;[38;5;32m[AndroidUiautomator2Driver@20e3 (2eb8af4b)]&amp#27;[0m Performing shallow cleanup of automation leftovers
&amp#27;[38;5;32m[AndroidUiautomator2Driver@20e3 (2eb8af4b)]&amp#27;[0m No obsolete sessions have been detected (socket hang up)
&amp#27;[38;5;48m[ADB]&amp#27;[0m Running 'C:\Users\Sabir\AppData\Local\Android\Sdk\platform-tools\adb.exe -P 5037 -s R58T10BJQHK shell am force-stop io.appium.uiautomator2.server.test'
&amp#27;[38;5;32m[AndroidUiautomator2Driver@20e3 (2eb8af4b)]&amp#27;[0m Starting UIAutomator2 server 7.0.9
&amp#27;[38;5;32m[AndroidUiautomator2Driver@20e3 (2eb8af4b)]&amp#27;[0m Using UIAutomator2 server from 'C:\Users\Sabir\node_modules\appium-uiautomator2-driver\node_modules\appium-uiautomator2-server\apks\appium-uiautomator2-server-v7.0.9.apk' and test from 'C:\Users\Sabir\node_modules\appium-uiautomator2-driver\node_modules\appium-uiautomator2-server\apks\appium-uiautomator2-server-debug-androidTest.apk'
&amp#27;[38;5;32m[AndroidUiautomator2Driver@20e3 (2eb8af4b)]&amp#27;[0m Waiting up to 30000ms for UiAutomator2 to be online...
&amp#27;[38;5;48m[ADB]&amp#27;[0m Creating ADB subprocess with args: ["-P","5037","-s","R58T10BJQHK","shell","am","instrument","-w","-e","disableAnalytics","true","io.appium.uiautomator2.server.test/androidx.test.runner.AndroidJUnitRunner"]
&amp#27;[38;5;32m[AndroidUiautomator2Driver@20e3 (2eb8af4b)]&amp#27;[0m Matched '/status' to command name 'getStatus'
&amp#27;[38;5;32m[AndroidUiautomator2Driver@20e3 (2eb8af4b)]&amp#27;[0m Proxying [GET /status] to [GET http://127.0.0.1:8200/status] with no body
&amp#27;[38;5;32m[AndroidUiautomator2Driver@20e3 (2eb8af4b)]&amp#27;[0m socket hang up
&amp#27;[38;5;96m[Instrumentation]&amp#27;[0m io.appium.uiautomator2.server.test.AppiumUiAutomator2Server:
&amp#27;[38;5;32m[AndroidUiautomator2Driver@20e3 (2eb8af4b)]&amp#27;[0m Matched '/status' to command name 'getStatus'
&amp#27;[38;5;32m[AndroidUiautomator2Driver@20e3 (2eb8af4b)]&amp#27;[0m Proxying [GET /status] to [GET http://127.0.0.1:8200/status] with no body
&amp#27;[38;5;32m[AndroidUiautomator2Driver@20e3 (2eb8af4b)]&amp#27;[0m socket hang up
&amp#27;[38;5;32m[AndroidUiautomator2Driver@20e3 (2eb8af4b)]&amp#27;[0m Matched '/status' to command name 'getStatus'
&amp#27;[38;5;32m[AndroidUiautomator2Driver@20e3 (2eb8af4b)]&amp#27;[0m Proxying [GET /status] to [GET http://127.0.0.1:8200/status] with no body
&amp#27;[38;5;32m[AndroidUiautomator2Driver@20e3 (2eb8af4b)]&amp#27;[0m Got response with status 200: {"sessionId":"None","value":{"message":"UiAutomator2 Server is ready to accept commands","ready":true}}
&amp#27;[38;5;32m[AndroidUiautomator2Driver@20e3 (2eb8af4b)]&amp#27;[0m The initialization of the instrumentation process took 2154ms
&amp#27;[38;5;32m[AndroidUiautomator2Driver@20e3 (2eb8af4b)]&amp#27;[0m Matched '/session' to command name 'createSession'
&amp#27;[38;5;32m[AndroidUiautomator2Driver@20e3 (2eb8af4b)]&amp#27;[0m Proxying [POST /session] to [POST http://127.0.0.1:8200/session] with body: {"capabilities":{"firstMatch":[{"platformName":"ANDROID","deviceName":"R58T10BJQHK","automationName":"UIAutomator2","app":"C:\\Users\\Sabir\\eclipse-workspace\\AppiumFramework\\src\\test\\java\\resources\\General-Store.apk","platform":"LINUX","webStorageEnabled":false,"takesScreenshot":true,"javascriptEnabled":true,"databaseEnabled":false,"networkConnectionEnabled":true,"locationContextEnabled":false,"warnings":{},"desired":{"platformName":"ANDROID","deviceName":"A52","automationName":"UIAutomator2","app":"C:\\Users\\Sabir\\eclipse-workspace\\AppiumFramework\\src\\test\\java\\resources\\General-Store.apk"},"deviceUDID":"R58T10BJQHK","appPackage":"com.androidsample.generalstore"}],"alwaysMatch":{}}}
&amp#27;[38;5;32m[AndroidUiautomator2Driver@20e3 (2eb8af4b)]&amp#27;[0m Got response with status 200: {"sessionId":"9d67d8fb-4a7d-4886-b012-0b0e31d22bf2","value":{"capabilities":{"firstMatch":[{"platformName":"ANDROID","deviceName":"R58T10BJQHK","automationName":"UIAutomator2","app":"C:\\Users\\Sabir\\eclipse-workspace\\AppiumFramework\\src\\test\\java\\resources\\General-Store.apk","platform":"LINUX","webStorageEnabled":false,"takesScreenshot":true,"javascriptEnabled":true,"databaseEnabled":false,"networkConnectionEnabled":true,"locationContextEnabled":false,"warnings":{},"desired":{"platformName":"ANDROID","deviceName":"A52","automationName":"UIAutomator2","app":"C:\\Users\\Sabir\\eclipse-workspace\\AppiumFramework\\src\\test\\java\\resources\\General-Store.apk"},"deviceUDID":"R58T10BJQHK","appPackage":"com.androidsample.generalstore"}],"alwaysMatch":{}},"sessionId":"9d67d8fb-4a7d-4886-b012-0b0e31d22bf2"}}
&amp#27;[38;5;32m[AndroidUiautomator2Driver@20e3 (2eb8af4b)]&amp#27;[0m Determined the downstream protocol as 'W3C'
&amp#27;[38;5;32m[AndroidUiautomator2Driver@20e3 (2eb8af4b)]&amp#27;[0m Proxying [GET /appium/device/pixel_ratio] to [GET http://127.0.0.1:8200/session/9d67d8fb-4a7d-4886-b012-0b0e31d22bf2/appium/device/pixel_ratio] with no body
&amp#27;[38;5;32m[AndroidUiautomator2Driver@20e3 (2eb8af4b)]&amp#27;[0m Matched '/appium/device/system_bars' to command name 'getSystemBars'
&amp#27;[38;5;32m[AndroidUiautomator2Driver@20e3 (2eb8af4b)]&amp#27;[0m Proxying [GET /appium/device/system_bars] to [GET http://127.0.0.1:8200/session/9d67d8fb-4a7d-4886-b012-0b0e31d22bf2/appium/device/system_bars] with no body
&amp#27;[38;5;32m[AndroidUiautomator2Driver@20e3 (2eb8af4b)]&amp#27;[0m Matched '/window/current/size' to command name 'getWindowSize'
&amp#27;[38;5;32m[AndroidUiautomator2Driver@20e3 (2eb8af4b)]&amp#27;[0m Proxying [GET /window/current/size] to [GET http://127.0.0.1:8200/session/9d67d8fb-4a7d-4886-b012-0b0e31d22bf2/window/current/size] with no body
&amp#27;[38;5;32m[AndroidUiautomator2Driver@20e3 (2eb8af4b)]&amp#27;[0m Proxying [GET /appium/device/info] to [GET http://127.0.0.1:8200/session/9d67d8fb-4a7d-4886-b012-0b0e31d22bf2/appium/device/info] with no body
&amp#27;[38;5;48m[ADB]&amp#27;[0m Running 'C:\Users\Sabir\AppData\Local\Android\Sdk\platform-tools\adb.exe -P 5037 -s R58T10BJQHK shell dumpsys window'
&amp#27;[38;5;48m[ADB]&amp#27;[0m Running 'C:\Users\Sabir\AppData\Local\Android\Sdk\platform-tools\adb.exe -P 5037 -s R58T10BJQHK shell dumpsys power'
&amp#27;[38;5;32m[AndroidUiautomator2Driver@20e3 (2eb8af4b)]&amp#27;[0m Got response with status 200: {"sessionId":"9d67d8fb-4a7d-4886-b012-0b0e31d22bf2","value":2.625}
&amp#27;[38;5;32m[AndroidUiautomator2Driver@20e3 (2eb8af4b)]&amp#27;[0m Got response with status 200: {"sessionId":"9d67d8fb-4a7d-4886-b012-0b0e31d22bf2","value":{"statusBar":87}}
&amp#27;[38;5;32m[AndroidUiautomator2Driver@20e3 (2eb8af4b)]&amp#27;[0m Got response with status 200: {"sessionId":"9d67d8fb-4a7d-4886-b012-0b0e31d22bf2","value":{"height":2400,"width":1080}}
&amp#27;[38;5;32m[AndroidUiautomator2Driver@20e3 (2eb8af4b)]&amp#27;[0m Got response with status 200: {"sessionId":"9d67d8fb-4a7d-4886-b012-0b0e31d22bf2","value":{"androidId":"1553dd670f582a1a","apiVersion":"34","bluetooth":{"state":"OFF"},"brand":"samsung","carrierName":"Telia N","displayDensity":420,"locale":"en_GB","manufacturer":"samsung","model":"SM-A525F","networks":[{"capabilities":{"SSID":null,"linkDownBandwidthKbps":30575,"linkUpstreamBandwidthKbps":12152,"networkCapabilities":"NET_CAPABILITY_NOT_METERED,NET_CAPABILITY_INTERNET,NET_CAPABILITY_NOT_RESTRICTED,NET_CAPABILITY_TRUSTED,NET_CAPABILITY_NOT_VPN,NET_CAPABILITY_VALIDATED,NET_CAPABILITY_NOT_ROAMING,NET_CAPABILITY_FOREGROUND,NET_CAPABILITY_NOT_CONGESTED,NET_CAPABILITY_NOT_SUSPENDED","signalStrength":-62,"transportTypes":"TRANSPORT_WIFI"},"detailedState":"CONNECTED","extraInfo":"","isAvailable":true,"isConnected":true,"isFailover":false,"isRoaming":false,"state":"CONNECTED","subtype":-1,"subtypeName":"","type":1,"typeName":"WIFI"},{"capabilities":{"SSID":null,"linkDownBandwidthKbps":14958,"linkUpstreamBandwidthKbps":11198,"networkCapabilities":...
&amp#27;[38;5;32m[AndroidUiautomator2Driver@20e3 (2eb8af4b)]&amp#27;[0m Screen already unlocked, doing nothing
&amp#27;[38;5;32m[AndroidUiautomator2Driver@20e3 (2eb8af4b)]&amp#27;[0m Starting 'com.androidsample.generalstore/com.androidsample.generalstore.SplashActivity and waiting for 'com.androidsample.generalstore/com.androidsample.generalstore.SplashActivity'
&amp#27;[38;5;48m[ADB]&amp#27;[0m Running 'C:\Users\Sabir\AppData\Local\Android\Sdk\platform-tools\adb.exe -P 5037 -s R58T10BJQHK shell am start -W -n com.androidsample.generalstore/com.androidsample.generalstore.SplashActivity -S -a android.intent.action.MAIN -c android.intent.category.LAUNCHER -f 0x10200000'
&amp#27;[38;5;48m[ADB]&amp#27;[0m Waiting up to 20000ms for activity matching pkg: 'com.androidsample.generalstore' and activity: 'com.androidsample.generalstore.SplashActivity' to be focused
&amp#27;[38;5;48m[ADB]&amp#27;[0m Possible activities, to be checked: 'com.androidsample.generalstore.SplashActivity', 'com.androidsample.generalstore.com.androidsample.generalstore.SplashActivity'
&amp#27;[38;5;48m[ADB]&amp#27;[0m Getting focused package and activity
&amp#27;[38;5;48m[ADB]&amp#27;[0m Running 'C:\Users\Sabir\AppData\Local\Android\Sdk\platform-tools\adb.exe -P 5037 -s R58T10BJQHK shell dumpsys window displays'
&amp#27;[38;5;48m[ADB]&amp#27;[0m Found package: 'com.androidsample.generalstore' and fully qualified activity name : 'com.androidsample.generalstore.SplashActivity'
&amp#27;[38;5;16m[AppiumDriver@5a4c]&amp#27;[0m New AndroidUiautomator2Driver session created successfully, session 2eb8af4b-f6f5-46ef-858a-418a2cc165ce added to master session list
&amp#27;[38;5;16m[AppiumDriver@5a4c]&amp#27;[0m Event 'newSessionStarted' logged at 1718818942095 (19:42:22 GMT+0200 (Central European Summer Time))
&amp#27;[38;5;32m[AndroidUiautomator2Driver@20e3 (2eb8af4b)]&amp#27;[0m Cached the protocol value 'W3C' for the new session 2eb8af4b-f6f5-46ef-858a-418a2cc165ce
&amp#27;[38;5;32m[AndroidUiautomator2Driver@20e3 (2eb8af4b)]&amp#27;[0m Responding to client with driver.createSession() result: {"capabilities":{"platformName":"ANDROID","deviceName":"R58T10BJQHK","automationName":"UIAutomator2","app":"C:\\Users\\Sabir\\eclipse-workspace\\AppiumFramework\\src\\test\\java\\resources\\General-Store.apk","platform":"LINUX","webStorageEnabled":false,"takesScreenshot":true,"javascriptEnabled":true,"databaseEnabled":false,"networkConnectionEnabled":true,"locationContextEnabled":false,"warnings":{},"desired":{"platformName":"ANDROID","deviceName":"A52","automationName":"UIAutomator2","app":"C:\\Users\\Sabir\\eclipse-workspace\\AppiumFramework\\src\\test\\java\\resources\\General-Store.apk"},"deviceUDID":"R58T10BJQHK","appPackage":"com.androidsample.generalstore","pixelRatio":"2.625","statBarHeight":87,"viewportRect":{"left":0,"top":87,"width":1080,"height":2313},"deviceApiLevel":34,"platformVersion":"14","deviceManufacturer":"samsung","deviceModel":"SM-A525F","deviceScreenSize":"1080x2400","deviceScreenDensity":420}}
&amp#27;[38;5;0m[HTTP]&amp#27;[0m &amp#27;[37m<-- POST /session &amp#27;[39m&amp#27;[32m200&amp#27;[39m &amp#27;[90m5464 ms - 992&amp#27;[39m
&amp#27;[38;5;0m[HTTP]&amp#27;[0m &amp#27;[90m&amp#27;[39m
&amp#27;[38;5;0m[HTTP]&amp#27;[0m &amp#27;[37m-->&amp#27;[39m &amp#27;[37mPOST&amp#27;[39m &amp#27;[37m/session/2eb8af4b-f6f5-46ef-858a-418a2cc165ce/timeouts&amp#27;[39m
&amp#27;[38;5;0m[HTTP]&amp#27;[0m &amp#27;[90m{"implicit":5000}&amp#27;[39m
&amp#27;[38;5;32m[AndroidUiautomator2Driver@20e3 (2eb8af4b)]&amp#27;[0m Calling AppiumDriver.timeouts() with args: [null,null,null,null,5000,"2eb8af4b-f6f5-46ef-858a-418a2cc165ce"]
&amp#27;[38;5;32m[AndroidUiautomator2Driver@20e3 (2eb8af4b)]&amp#27;[0m W3C timeout argument: {"implicit":5000}}
&amp#27;[38;5;32m[AndroidUiautomator2Driver@20e3 (2eb8af4b)]&amp#27;[0m Set implicit wait to 5000ms
&amp#27;[38;5;32m[AndroidUiautomator2Driver@20e3 (2eb8af4b)]&amp#27;[0m Responding to client with driver.timeouts() result: null
&amp#27;[38;5;0m[HTTP]&amp#27;[0m &amp#27;[37m<-- POST /session/2eb8af4b-f6f5-46ef-858a-418a2cc165ce/timeouts &amp#27;[39m&amp#27;[32m200&amp#27;[39m &amp#27;[90m2 ms - 14&amp#27;[39m
&amp#27;[38;5;0m[HTTP]&amp#27;[0m &amp#27;[90m&amp#27;[39m
&amp#27;[38;5;0m[HTTP]&amp#27;[0m &amp#27;[37m-->&amp#27;[39m &amp#27;[37mGET&amp#27;[39m &amp#27;[37m/session/2eb8af4b-f6f5-46ef-858a-418a2cc165ce/context&amp#27;[39m
&amp#27;[38;5;0m[HTTP]&amp#27;[0m &amp#27;[90m{}&amp#27;[39m
&amp#27;[38;5;32m[AndroidUiautomator2Driver@20e3 (2eb8af4b)]&amp#27;[0m Calling AppiumDriver.getCurrentContext() with args: ["2eb8af4b-f6f5-46ef-858a-418a2cc165ce"]
&amp#27;[38;5;32m[AndroidUiautomator2Driver@20e3 (2eb8af4b)]&amp#27;[0m Responding to client with driver.getCurrentContext() result: "NATIVE_APP"
&amp#27;[38;5;0m[HTTP]&amp#27;[0m &amp#27;[37m<-- GET /session/2eb8af4b-f6f5-46ef-858a-418a2cc165ce/context &amp#27;[39m&amp#27;[32m200&amp#27;[39m &amp#27;[90m3 ms - 22&amp#27;[39m
&amp#27;[38;5;0m[HTTP]&amp#27;[0m &amp#27;[90m&amp#27;[39m
&amp#27;[38;5;0m[HTTP]&amp#27;[0m &amp#27;[37m-->&amp#27;[39m &amp#27;[37mPOST&amp#27;[39m &amp#27;[37m/session/2eb8af4b-f6f5-46ef-858a-418a2cc165ce/element&amp#27;[39m
&amp#27;[38;5;0m[HTTP]&amp#27;[0m &amp#27;[90m{"value":"com.androidsample.generalstore:id/nameField","using":"id"}&amp#27;[39m
&amp#27;[38;5;32m[AndroidUiautomator2Driver@20e3 (2eb8af4b)]&amp#27;[0m Calling AppiumDriver.findElement() with args: ["id","com.androidsample.generalstore:id/nameField","2eb8af4b-f6f5-46ef-858a-418a2cc165ce"]
&amp#27;[38;5;32m[AndroidUiautomator2Driver@20e3 (2eb8af4b)]&amp#27;[0m Valid locator strategies for this request: xpath, id, class name, accessibility id, css selector, -android uiautomator
&amp#27;[38;5;32m[AndroidUiautomator2Driver@20e3 (2eb8af4b)]&amp#27;[0m Waiting up to 5000 ms for condition
&amp#27;[38;5;32m[AndroidUiautomator2Driver@20e3 (2eb8af4b)]&amp#27;[0m Matched '/element' to command name 'findElement'
&amp#27;[38;5;32m[AndroidUiautomator2Driver@20e3 (2eb8af4b)]&amp#27;[0m Proxying [POST /element] to [POST http://127.0.0.1:8200/session/9d67d8fb-4a7d-4886-b012-0b0e31d22bf2/element] with body: {"strategy":"id","selector":"com.androidsample.generalstore:id/nameField","context":"","multiple":false}
&amp#27;[38;5;32m[AndroidUiautomator2Driver@20e3 (2eb8af4b)]&amp#27;[0m Got response with status 404: {"sessionId":"9d67d8fb-4a7d-4886-b012-0b0e31d22bf2","value":{"error":"no such element","message":"An element could not be located on the page using the given search parameters","stacktrace":"io.appium.uiautomator2.common.exceptions.ElementNotFoundException: An element could not be located on the page using the given search parameters\n\tat io.appium.uiautomator2.handler.FindElement.safeHandle(FindElement.java:63)\n\tat io.appium.uiautomator2.handler.request.SafeRequestHandler.handle(SafeRequestHandler.java:59)\n\tat io.appium.uiautomator2.server.AppiumServlet.handleRequest(AppiumServlet.java:259)\n\tat io.appium.uiautomator2.server.AppiumServlet.handleHttpRequest(AppiumServlet.java:253)\n\tat io.appium.uiautomator2.http.ServerHandler.channelRead(ServerHandler.java:77)\n\tat io.netty.channel.AbstractChannelHandlerContext.invokeChannelRead(AbstractChannelHandlerContext.java:366)\n\tat io.netty.channel.AbstractChannelHandlerContext.invokeChannelRead(AbstractChannelHandlerContext.java:352)\n\tat io.netty.chann...
&amp#27;[38;5;112m[W3C]&amp#27;[0m Matched W3C error code 'no such element' to NoSuchElementError
&amp#27;[38;5;32m[AndroidUiautomator2Driver@20e3 (2eb8af4b)]&amp#27;[0m Waited for 470 ms so far
&amp#27;[38;5;32m[AndroidUiautomator2Driver@20e3 (2eb8af4b)]&amp#27;[0m Matched '/element' to command name 'findElement'
&amp#27;[38;5;32m[AndroidUiautomator2Driver@20e3 (2eb8af4b)]&amp#27;[0m Proxying [POST /element] to [POST http://127.0.0.1:8200/session/9d67d8fb-4a7d-4886-b012-0b0e31d22bf2/element] with body: {"strategy":"id","selector":"com.androidsample.generalstore:id/nameField","context":"","multiple":false}
&amp#27;[38;5;32m[AndroidUiautomator2Driver@20e3 (2eb8af4b)]&amp#27;[0m Got response with status 404: {"sessionId":"9d67d8fb-4a7d-4886-b012-0b0e31d22bf2","value":{"error":"no such element","message":"An element could not be located on the page using the given search parameters","stacktrace":"io.appium.uiautomator2.common.exceptions.ElementNotFoundException: An element could not be located on the page using the given search parameters\n\tat io.appium.uiautomator2.handler.FindElement.safeHandle(FindElement.java:63)\n\tat io.appium.uiautomator2.handler.request.SafeRequestHandler.handle(SafeRequestHandler.java:59)\n\tat io.appium.uiautomator2.server.AppiumServlet.handleRequest(AppiumServlet.java:259)\n\tat io.appium.uiautomator2.server.AppiumServlet.handleHttpRequest(AppiumServlet.java:253)\n\tat io.appium.uiautomator2.http.ServerHandler.channelRead(ServerHandler.java:77)\n\tat io.netty.channel.AbstractChannelHandlerContext.invokeChannelRead(AbstractChannelHandlerContext.java:366)\n\tat io.netty.channel.AbstractChannelHandlerContext.invokeChannelRead(AbstractChannelHandlerContext.java:352)\n\tat io.netty.chann...
&amp#27;[38;5;112m[W3C]&amp#27;[0m Matched W3C error code 'no such element' to NoSuchElementError
&amp#27;[38;5;32m[AndroidUiautomator2Driver@20e3 (2eb8af4b)]&amp#27;[0m Waited for 1096 ms so far
&amp#27;[38;5;32m[AndroidUiautomator2Driver@20e3 (2eb8af4b)]&amp#27;[0m Matched '/element' to command name 'findElement'
&amp#27;[38;5;32m[AndroidUiautomator2Driver@20e3 (2eb8af4b)]&amp#27;[0m Proxying [POST /element] to [POST http://127.0.0.1:8200/session/9d67d8fb-4a7d-4886-b012-0b0e31d22bf2/element] with body: {"strategy":"id","selector":"com.androidsample.generalstore:id/nameField","context":"","multiple":false}
&amp#27;[38;5;32m[AndroidUiautomator2Driver@20e3 (2eb8af4b)]&amp#27;[0m Got response with status 404: {"sessionId":"9d67d8fb-4a7d-4886-b012-0b0e31d22bf2","value":{"error":"no such element","message":"An element could not be located on the page using the given search parameters","stacktrace":"io.appium.uiautomator2.common.exceptions.ElementNotFoundException: An element could not be located on the page using the given search parameters\n\tat io.appium.uiautomator2.handler.FindElement.safeHandle(FindElement.java:63)\n\tat io.appium.uiautomator2.handler.request.SafeRequestHandler.handle(SafeRequestHandler.java:59)\n\tat io.appium.uiautomator2.server.AppiumServlet.handleRequest(AppiumServlet.java:259)\n\tat io.appium.uiautomator2.server.AppiumServlet.handleHttpRequest(AppiumServlet.java:253)\n\tat io.appium.uiautomator2.http.ServerHandler.channelRead(ServerHandler.java:77)\n\tat io.netty.channel.AbstractChannelHandlerContext.invokeChannelRead(AbstractChannelHandlerContext.java:366)\n\tat io.netty.channel.AbstractChannelHandlerContext.invokeChannelRead(AbstractChannelHandlerContext.java:352)\n\tat io.netty.chann...
&amp#27;[38;5;112m[W3C]&amp#27;[0m Matched W3C error code 'no such element' to NoSuchElementError
&amp#27;[38;5;32m[AndroidUiautomator2Driver@20e3 (2eb8af4b)]&amp#27;[0m Waited for 1696 ms so far
&amp#27;[38;5;32m[AndroidUiautomator2Driver@20e3 (2eb8af4b)]&amp#27;[0m Matched '/element' to command name 'findElement'
&amp#27;[38;5;32m[AndroidUiautomator2Driver@20e3 (2eb8af4b)]&amp#27;[0m Proxying [POST /element] to [POST http://127.0.0.1:8200/session/9d67d8fb-4a7d-4886-b012-0b0e31d22bf2/element] with body: {"strategy":"id","selector":"com.androidsample.generalstore:id/nameField","context":"","multiple":false}
&amp#27;[38;5;32m[AndroidUiautomator2Driver@20e3 (2eb8af4b)]&amp#27;[0m Got response with status 404: {"sessionId":"9d67d8fb-4a7d-4886-b012-0b0e31d22bf2","value":{"error":"no such element","message":"An element could not be located on the page using the given search parameters","stacktrace":"io.appium.uiautomator2.common.exceptions.ElementNotFoundException: An element could not be located on the page using the given search parameters\n\tat io.appium.uiautomator2.handler.FindElement.safeHandle(FindElement.java:63)\n\tat io.appium.uiautomator2.handler.request.SafeRequestHandler.handle(SafeRequestHandler.java:59)\n\tat io.appium.uiautomator2.server.AppiumServlet.handleRequest(AppiumServlet.java:259)\n\tat io.appium.uiautomator2.server.AppiumServlet.handleHttpRequest(AppiumServlet.java:253)\n\tat io.appium.uiautomator2.http.ServerHandler.channelRead(ServerHandler.java:77)\n\tat io.netty.channel.AbstractChannelHandlerContext.invokeChannelRead(AbstractChannelHandlerContext.java:366)\n\tat io.netty.channel.AbstractChannelHandlerContext.invokeChannelRead(AbstractChannelHandlerContext.java:352)\n\tat io.netty.chann...
&amp#27;[38;5;112m[W3C]&amp#27;[0m Matched W3C error code 'no such element' to NoSuchElementError
&amp#27;[38;5;32m[AndroidUiautomator2Driver@20e3 (2eb8af4b)]&amp#27;[0m Waited for 2592 ms so far
&amp#27;[38;5;32m[AndroidUiautomator2Driver@20e3 (2eb8af4b)]&amp#27;[0m Matched '/element' to command name 'findElement'
&amp#27;[38;5;32m[AndroidUiautomator2Driver@20e3 (2eb8af4b)]&amp#27;[0m Proxying [POST /element] to [POST http://127.0.0.1:8200/session/9d67d8fb-4a7d-4886-b012-0b0e31d22bf2/element] with body: {"strategy":"id","selector":"com.androidsample.generalstore:id/nameField","context":"","multiple":false}
&amp#27;[38;5;32m[AndroidUiautomator2Driver@20e3 (2eb8af4b)]&amp#27;[0m Got response with status 200: {"sessionId":"9d67d8fb-4a7d-4886-b012-0b0e31d22bf2","value":{"ELEMENT":"00000000-0000-01c3-ffff-ffff0000001c","element-6066-11e4-a52e-4f735466cecf":"00000000-0000-01c3-ffff-ffff0000001c"}}
&amp#27;[38;5;32m[AndroidUiautomator2Driver@20e3 (2eb8af4b)]&amp#27;[0m Responding to client with driver.findElement() result: {"element-6066-11e4-a52e-4f735466cecf":"00000000-0000-01c3-ffff-ffff0000001c","ELEMENT":"00000000-0000-01c3-ffff-ffff0000001c"}
&amp#27;[38;5;0m[HTTP]&amp#27;[0m &amp#27;[37m<-- POST /session/2eb8af4b-f6f5-46ef-858a-418a2cc165ce/element &amp#27;[39m&amp#27;[32m200&amp#27;[39m &amp#27;[90m4049 ms - 137&amp#27;[39m
&amp#27;[38;5;0m[HTTP]&amp#27;[0m &amp#27;[90m&amp#27;[39m
&amp#27;[38;5;0m[HTTP]&amp#27;[0m &amp#27;[37m-->&amp#27;[39m &amp#27;[37mPOST&amp#27;[39m &amp#27;[37m/session/2eb8af4b-f6f5-46ef-858a-418a2cc165ce/element/00000000-0000-01c3-ffff-ffff0000001c/value&amp#27;[39m
&amp#27;[38;5;0m[HTTP]&amp#27;[0m &amp#27;[90m{"text":"Tester","value":["T","e","s","t","e","r"],"id":"00000000-0000-01c3-ffff-ffff0000001c"}&amp#27;[39m
&amp#27;[38;5;32m[AndroidUiautomator2Driver@20e3 (2eb8af4b)]&amp#27;[0m Calling AppiumDriver.setValue() with args: [["T","e","s","t","e","r"],"00000000-0000-01c3-ffff-ffff0000001c","2eb8af4b-f6f5-46ef-858a-418a2cc165ce"]
&amp#27;[38;5;32m[AndroidUiautomator2Driver@20e3 (2eb8af4b)]&amp#27;[0m Matched '/element/00000000-0000-01c3-ffff-ffff0000001c/value' to command name 'setValue'
&amp#27;[38;5;32m[AndroidUiautomator2Driver@20e3 (2eb8af4b)]&amp#27;[0m Added 'value' property ["T","e","s","t","e","r"] to 'setValue' request body
&amp#27;[38;5;32m[AndroidUiautomator2Driver@20e3 (2eb8af4b)]&amp#27;[0m Proxying [POST /element/00000000-0000-01c3-ffff-ffff0000001c/value] to [POST http://127.0.0.1:8200/session/9d67d8fb-4a7d-4886-b012-0b0e31d22bf2/element/00000000-0000-01c3-ffff-ffff0000001c/value] with body: {"elementId":"00000000-0000-01c3-ffff-ffff0000001c","text":"Tester","replace":false,"value":["T","e","s","t","e","r"]}
&amp#27;[38;5;32m[AndroidUiautomator2Driver@20e3 (2eb8af4b)]&amp#27;[0m Got response with status 200: {"sessionId":"9d67d8fb-4a7d-4886-b012-0b0e31d22bf2","value":null}
&amp#27;[38;5;32m[AndroidUiautomator2Driver@20e3 (2eb8af4b)]&amp#27;[0m Responding to client with driver.setValue() result: null
&amp#27;[38;5;0m[HTTP]&amp#27;[0m &amp#27;[37m<-- POST /session/2eb8af4b-f6f5-46ef-858a-418a2cc165ce/element/00000000-0000-01c3-ffff-ffff0000001c/value &amp#27;[39m&amp#27;[32m200&amp#27;[39m &amp#27;[90m705 ms - 14&amp#27;[39m
&amp#27;[38;5;0m[HTTP]&amp#27;[0m &amp#27;[90m&amp#27;[39m
&amp#27;[38;5;0m[HTTP]&amp#27;[0m &amp#27;[37m-->&amp#27;[39m &amp#27;[37mPOST&amp#27;[39m &amp#27;[37m/session/2eb8af4b-f6f5-46ef-858a-418a2cc165ce/execute/sync&amp#27;[39m
&amp#27;[38;5;0m[HTTP]&amp#27;[0m &amp#27;[90m{"script":"mobile: hideKeyboard","args":[]}&amp#27;[39m
&amp#27;[38;5;32m[AndroidUiautomator2Driver@20e3 (2eb8af4b)]&amp#27;[0m Calling AppiumDriver.execute() with args: ["mobile: hideKeyboard",[],"2eb8af4b-f6f5-46ef-858a-418a2cc165ce"]
&amp#27;[38;5;32m[AndroidUiautomator2Driver@20e3 (2eb8af4b)]&amp#27;[0m Executing native command 'mobile: hideKeyboard'
&amp#27;[38;5;48m[ADB]&amp#27;[0m Running 'C:\Users\Sabir\AppData\Local\Android\Sdk\platform-tools\adb.exe -P 5037 -s R58T10BJQHK shell dumpsys input_method'
&amp#27;[38;5;48m[ADB]&amp#27;[0m Keyboard has no UI; no closing necessary
&amp#27;[38;5;32m[AndroidUiautomator2Driver@20e3 (2eb8af4b)]&amp#27;[0m Responding to client with driver.execute() result: false
&amp#27;[38;5;0m[HTTP]&amp#27;[0m &amp#27;[37m<-- POST /session/2eb8af4b-f6f5-46ef-858a-418a2cc165ce/execute/sync &amp#27;[39m&amp#27;[32m200&amp#27;[39m &amp#27;[90m138 ms - 15&amp#27;[39m
&amp#27;[38;5;0m[HTTP]&amp#27;[0m &amp#27;[90m&amp#27;[39m
&amp#27;[38;5;0m[HTTP]&amp#27;[0m &amp#27;[37m-->&amp#27;[39m &amp#27;[37mGET&amp#27;[39m &amp#27;[37m/session/2eb8af4b-f6f5-46ef-858a-418a2cc165ce/context&amp#27;[39m
&amp#27;[38;5;0m[HTTP]&amp#27;[0m &amp#27;[90m{}&amp#27;[39m
&amp#27;[38;5;32m[AndroidUiautomator2Driver@20e3 (2eb8af4b)]&amp#27;[0m Calling AppiumDriver.getCurrentContext() with args: ["2eb8af4b-f6f5-46ef-858a-418a2cc165ce"]
&amp#27;[38;5;32m[AndroidUiautomator2Driver@20e3 (2eb8af4b)]&amp#27;[0m Responding to client with driver.getCurrentContext() result: "NATIVE_APP"
&amp#27;[38;5;0m[HTTP]&amp#27;[0m &amp#27;[37m<-- GET /session/2eb8af4b-f6f5-46ef-858a-418a2cc165ce/context &amp#27;[39m&amp#27;[32m200&amp#27;[39m &amp#27;[90m1 ms - 22&amp#27;[39m
&amp#27;[38;5;0m[HTTP]&amp#27;[0m &amp#27;[90m&amp#27;[39m
&amp#27;[38;5;0m[HTTP]&amp#27;[0m &amp#27;[37m-->&amp#27;[39m &amp#27;[37mPOST&amp#27;[39m &amp#27;[37m/session/2eb8af4b-f6f5-46ef-858a-418a2cc165ce/element&amp#27;[39m
&amp#27;[38;5;0m[HTTP]&amp#27;[0m &amp#27;[90m{"value":"//*[@text='Female']","using":"xpath"}&amp#27;[39m
&amp#27;[38;5;32m[AndroidUiautomator2Driver@20e3 (2eb8af4b)]&amp#27;[0m Calling AppiumDriver.findElement() with args: ["xpath","//*[@text='Female']","2eb8af4b-f6f5-46ef-858a-418a2cc165ce"]
&amp#27;[38;5;32m[AndroidUiautomator2Driver@20e3 (2eb8af4b)]&amp#27;[0m Valid locator strategies for this request: xpath, id, class name, accessibility id, css selector, -android uiautomator
&amp#27;[38;5;32m[AndroidUiautomator2Driver@20e3 (2eb8af4b)]&amp#27;[0m Waiting up to 5000 ms for condition
&amp#27;[38;5;32m[AndroidUiautomator2Driver@20e3 (2eb8af4b)]&amp#27;[0m Matched '/element' to command name 'findElement'
&amp#27;[38;5;32m[AndroidUiautomator2Driver@20e3 (2eb8af4b)]&amp#27;[0m Proxying [POST /element] to [POST http://127.0.0.1:8200/session/9d67d8fb-4a7d-4886-b012-0b0e31d22bf2/element] with body: {"strategy":"xpath","selector":"//*[@text='Female']","context":"","multiple":false}
&amp#27;[38;5;32m[AndroidUiautomator2Driver@20e3 (2eb8af4b)]&amp#27;[0m Got response with status 200: {"sessionId":"9d67d8fb-4a7d-4886-b012-0b0e31d22bf2","value":{"ELEMENT":"00000000-0000-01c3-ffff-ffff00000020","element-6066-11e4-a52e-4f735466cecf":"00000000-0000-01c3-ffff-ffff00000020"}}
&amp#27;[38;5;32m[AndroidUiautomator2Driver@20e3 (2eb8af4b)]&amp#27;[0m Responding to client with driver.findElement() result: {"element-6066-11e4-a52e-4f735466cecf":"00000000-0000-01c3-ffff-ffff00000020","ELEMENT":"00000000-0000-01c3-ffff-ffff00000020"}
&amp#27;[38;5;0m[HTTP]&amp#27;[0m &amp#27;[37m<-- POST /session/2eb8af4b-f6f5-46ef-858a-418a2cc165ce/element &amp#27;[39m&amp#27;[32m200&amp#27;[39m &amp#27;[90m1335 ms - 137&amp#27;[39m
&amp#27;[38;5;0m[HTTP]&amp#27;[0m &amp#27;[90m&amp#27;[39m
&amp#27;[38;5;0m[HTTP]&amp#27;[0m &amp#27;[37m-->&amp#27;[39m &amp#27;[37mPOST&amp#27;[39m &amp#27;[37m/session/2eb8af4b-f6f5-46ef-858a-418a2cc165ce/element/00000000-0000-01c3-ffff-ffff00000020/click&amp#27;[39m
&amp#27;[38;5;0m[HTTP]&amp#27;[0m &amp#27;[90m{"id":"00000000-0000-01c3-ffff-ffff00000020"}&amp#27;[39m
&amp#27;[38;5;32m[AndroidUiautomator2Driver@20e3 (2eb8af4b)]&amp#27;[0m Calling AppiumDriver.click() with args: ["00000000-0000-01c3-ffff-ffff00000020","2eb8af4b-f6f5-46ef-858a-418a2cc165ce"]
&amp#27;[38;5;32m[AndroidUiautomator2Driver@20e3 (2eb8af4b)]&amp#27;[0m Matched '/element/00000000-0000-01c3-ffff-ffff00000020/click' to command name 'click'
&amp#27;[38;5;32m[AndroidUiautomator2Driver@20e3 (2eb8af4b)]&amp#27;[0m Proxying [POST /element/00000000-0000-01c3-ffff-ffff00000020/click] to [POST http://127.0.0.1:8200/session/9d67d8fb-4a7d-4886-b012-0b0e31d22bf2/element/00000000-0000-01c3-ffff-ffff00000020/click] with body: {"element":"00000000-0000-01c3-ffff-ffff00000020"}
&amp#27;[38;5;32m[AndroidUiautomator2Driver@20e3 (2eb8af4b)]&amp#27;[0m Got response with status 200: {"sessionId":"9d67d8fb-4a7d-4886-b012-0b0e31d22bf2","value":null}
&amp#27;[38;5;32m[AndroidUiautomator2Driver@20e3 (2eb8af4b)]&amp#27;[0m Responding to client with driver.click() result: null
&amp#27;[38;5;0m[HTTP]&amp#27;[0m &amp#27;[37m<-- POST /session/2eb8af4b-f6f5-46ef-858a-418a2cc165ce/element/00000000-0000-01c3-ffff-ffff00000020/click &amp#27;[39m&amp#27;[32m200&amp#27;[39m &amp#27;[90m82 ms - 14&amp#27;[39m
&amp#27;[38;5;0m[HTTP]&amp#27;[0m &amp#27;[90m&amp#27;[39m
&amp#27;[38;5;0m[HTTP]&amp#27;[0m &amp#27;[37m-->&amp#27;[39m &amp#27;[37mGET&amp#27;[39m &amp#27;[37m/session/2eb8af4b-f6f5-46ef-858a-418a2cc165ce/context&amp#27;[39m
&amp#27;[38;5;0m[HTTP]&amp#27;[0m &amp#27;[90m{}&amp#27;[39m
&amp#27;[38;5;32m[AndroidUiautomator2Driver@20e3 (2eb8af4b)]&amp#27;[0m Calling AppiumDriver.getCurrentContext() with args: ["2eb8af4b-f6f5-46ef-858a-418a2cc165ce"]
&amp#27;[38;5;32m[AndroidUiautomator2Driver@20e3 (2eb8af4b)]&amp#27;[0m Responding to client with driver.getCurrentContext() result: "NATIVE_APP"
&amp#27;[38;5;0m[HTTP]&amp#27;[0m &amp#27;[37m<-- GET /session/2eb8af4b-f6f5-46ef-858a-418a2cc165ce/context &amp#27;[39m&amp#27;[32m200&amp#27;[39m &amp#27;[90m1 ms - 22&amp#27;[39m
&amp#27;[38;5;0m[HTTP]&amp#27;[0m &amp#27;[90m&amp#27;[39m
&amp#27;[38;5;0m[HTTP]&amp#27;[0m &amp#27;[37m-->&amp#27;[39m &amp#27;[37mPOST&amp#27;[39m &amp#27;[37m/session/2eb8af4b-f6f5-46ef-858a-418a2cc165ce/element&amp#27;[39m
&amp#27;[38;5;0m[HTTP]&amp#27;[0m &amp#27;[90m{"value":"com.androidsample.generalstore:id/spinnerCountry","using":"id"}&amp#27;[39m
&amp#27;[38;5;32m[AndroidUiautomator2Driver@20e3 (2eb8af4b)]&amp#27;[0m Calling AppiumDriver.findElement() with args: ["id","com.androidsample.generalstore:id/spinnerCountry","2eb8af4b-f6f5-46ef-858a-418a2cc165ce"]
&amp#27;[38;5;32m[AndroidUiautomator2Driver@20e3 (2eb8af4b)]&amp#27;[0m Valid locator strategies for this request: xpath, id, class name, accessibility id, css selector, -android uiautomator
&amp#27;[38;5;32m[AndroidUiautomator2Driver@20e3 (2eb8af4b)]&amp#27;[0m Waiting up to 5000 ms for condition
&amp#27;[38;5;32m[AndroidUiautomator2Driver@20e3 (2eb8af4b)]&amp#27;[0m Matched '/element' to command name 'findElement'
&amp#27;[38;5;32m[AndroidUiautomator2Driver@20e3 (2eb8af4b)]&amp#27;[0m Proxying [POST /element] to [POST http://127.0.0.1:8200/session/9d67d8fb-4a7d-4886-b012-0b0e31d22bf2/element] with body: {"strategy":"id","selector":"com.androidsample.generalstore:id/spinnerCountry","context":"","multiple":false}
&amp#27;[38;5;32m[AndroidUiautomator2Driver@20e3 (2eb8af4b)]&amp#27;[0m Got response with status 200: {"sessionId":"9d67d8fb-4a7d-4886-b012-0b0e31d22bf2","value":{"ELEMENT":"00000000-0000-01c3-ffff-ffff0000001a","element-6066-11e4-a52e-4f735466cecf":"00000000-0000-01c3-ffff-ffff0000001a"}}
&amp#27;[38;5;32m[AndroidUiautomator2Driver@20e3 (2eb8af4b)]&amp#27;[0m Responding to client with driver.findElement() result: {"element-6066-11e4-a52e-4f735466cecf":"00000000-0000-01c3-ffff-ffff0000001a","ELEMENT":"00000000-0000-01c3-ffff-ffff0000001a"}
&amp#27;[38;5;0m[HTTP]&amp#27;[0m &amp#27;[37m<-- POST /session/2eb8af4b-f6f5-46ef-858a-418a2cc165ce/element &amp#27;[39m&amp#27;[32m200&amp#27;[39m &amp#27;[90m739 ms - 137&amp#27;[39m
&amp#27;[38;5;0m[HTTP]&amp#27;[0m &amp#27;[90m&amp#27;[39m
&amp#27;[38;5;0m[HTTP]&amp#27;[0m &amp#27;[37m-->&amp#27;[39m &amp#27;[37mPOST&amp#27;[39m &amp#27;[37m/session/2eb8af4b-f6f5-46ef-858a-418a2cc165ce/element/00000000-0000-01c3-ffff-ffff0000001a/click&amp#27;[39m
&amp#27;[38;5;0m[HTTP]&amp#27;[0m &amp#27;[90m{"id":"00000000-0000-01c3-ffff-ffff0000001a"}&amp#27;[39m
&amp#27;[38;5;32m[AndroidUiautomator2Driver@20e3 (2eb8af4b)]&amp#27;[0m Calling AppiumDriver.click() with args: ["00000000-0000-01c3-ffff-ffff0000001a","2eb8af4b-f6f5-46ef-858a-418a2cc165ce"]
&amp#27;[38;5;32m[AndroidUiautomator2Driver@20e3 (2eb8af4b)]&amp#27;[0m Matched '/element/00000000-0000-01c3-ffff-ffff0000001a/click' to command name 'click'
&amp#27;[38;5;32m[AndroidUiautomator2Driver@20e3 (2eb8af4b)]&amp#27;[0m Proxying [POST /element/00000000-0000-01c3-ffff-ffff0000001a/click] to [POST http://127.0.0.1:8200/session/9d67d8fb-4a7d-4886-b012-0b0e31d22bf2/element/00000000-0000-01c3-ffff-ffff0000001a/click] with body: {"element":"00000000-0000-01c3-ffff-ffff0000001a"}
&amp#27;[38;5;32m[AndroidUiautomator2Driver@20e3 (2eb8af4b)]&amp#27;[0m Got response with status 200: {"sessionId":"9d67d8fb-4a7d-4886-b012-0b0e31d22bf2","value":null}
&amp#27;[38;5;32m[AndroidUiautomator2Driver@20e3 (2eb8af4b)]&amp#27;[0m Responding to client with driver.click() result: null
&amp#27;[38;5;0m[HTTP]&amp#27;[0m &amp#27;[37m<-- POST /session/2eb8af4b-f6f5-46ef-858a-418a2cc165ce/element/00000000-0000-01c3-ffff-ffff0000001a/click &amp#27;[39m&amp#27;[32m200&amp#27;[39m &amp#27;[90m156 ms - 14&amp#27;[39m
&amp#27;[38;5;0m[HTTP]&amp#27;[0m &amp#27;[90m&amp#27;[39m
&amp#27;[38;5;0m[HTTP]&amp#27;[0m &amp#27;[37m-->&amp#27;[39m &amp#27;[37mPOST&amp#27;[39m &amp#27;[37m/session/2eb8af4b-f6f5-46ef-858a-418a2cc165ce/element&amp#27;[39m
&amp#27;[38;5;0m[HTTP]&amp#27;[0m &amp#27;[90m{"value":"new UiScrollable(new UiSelector()).scrollIntoView(text(\"Argentina\"));","using":"-android uiautomator"}&amp#27;[39m
&amp#27;[38;5;32m[AndroidUiautomator2Driver@20e3 (2eb8af4b)]&amp#27;[0m Calling AppiumDriver.findElement() with args: ["-android uiautomator","new UiScrollable(new UiSelector()).scrollIntoView(text(\"Argentina\"));","2eb8af4b-f6f5-46ef-858a-418a2cc165ce"]
&amp#27;[38;5;32m[AndroidUiautomator2Driver@20e3 (2eb8af4b)]&amp#27;[0m Valid locator strategies for this request: xpath, id, class name, accessibility id, css selector, -android uiautomator
&amp#27;[38;5;32m[AndroidUiautomator2Driver@20e3 (2eb8af4b)]&amp#27;[0m Waiting up to 5000 ms for condition
&amp#27;[38;5;32m[AndroidUiautomator2Driver@20e3 (2eb8af4b)]&amp#27;[0m Matched '/element' to command name 'findElement'
&amp#27;[38;5;32m[AndroidUiautomator2Driver@20e3 (2eb8af4b)]&amp#27;[0m Proxying [POST /element] to [POST http://127.0.0.1:8200/session/9d67d8fb-4a7d-4886-b012-0b0e31d22bf2/element] with body: {"strategy":"-android uiautomator","selector":"new UiScrollable(new UiSelector()).scrollIntoView(text(\"Argentina\"));","context":"","multiple":false}
&amp#27;[38;5;32m[AndroidUiautomator2Driver@20e3 (2eb8af4b)]&amp#27;[0m Got response with status 200: {"sessionId":"9d67d8fb-4a7d-4886-b012-0b0e31d22bf2","value":{"ELEMENT":"00000000-0000-01c4-ffff-ffff00000032","element-6066-11e4-a52e-4f735466cecf":"00000000-0000-01c4-ffff-ffff00000032"}}
&amp#27;[38;5;32m[AndroidUiautomator2Driver@20e3 (2eb8af4b)]&amp#27;[0m Responding to client with driver.findElement() result: {"element-6066-11e4-a52e-4f735466cecf":"00000000-0000-01c4-ffff-ffff00000032","ELEMENT":"00000000-0000-01c4-ffff-ffff00000032"}
&amp#27;[38;5;0m[HTTP]&amp#27;[0m &amp#27;[37m<-- POST /session/2eb8af4b-f6f5-46ef-858a-418a2cc165ce/element &amp#27;[39m&amp#27;[32m200&amp#27;[39m &amp#27;[90m1233 ms - 137&amp#27;[39m
&amp#27;[38;5;0m[HTTP]&amp#27;[0m &amp#27;[90m&amp#27;[39m
&amp#27;[38;5;0m[HTTP]&amp#27;[0m &amp#27;[37m-->&amp#27;[39m &amp#27;[37mPOST&amp#27;[39m &amp#27;[37m/session/2eb8af4b-f6f5-46ef-858a-418a2cc165ce/element&amp#27;[39m
&amp#27;[38;5;0m[HTTP]&amp#27;[0m &amp#27;[90m{"value":"//*[@text='Argentina']","using":"xpath"}&amp#27;[39m
&amp#27;[38;5;32m[AndroidUiautomator2Driver@20e3 (2eb8af4b)]&amp#27;[0m Calling AppiumDriver.findElement() with args: ["xpath","//*[@text='Argentina']","2eb8af4b-f6f5-46ef-858a-418a2cc165ce"]
&amp#27;[38;5;32m[AndroidUiautomator2Driver@20e3 (2eb8af4b)]&amp#27;[0m Valid locator strategies for this request: xpath, id, class name, accessibility id, css selector, -android uiautomator
&amp#27;[38;5;32m[AndroidUiautomator2Driver@20e3 (2eb8af4b)]&amp#27;[0m Waiting up to 5000 ms for condition
&amp#27;[38;5;32m[AndroidUiautomator2Driver@20e3 (2eb8af4b)]&amp#27;[0m Matched '/element' to command name 'findElement'
&amp#27;[38;5;32m[AndroidUiautomator2Driver@20e3 (2eb8af4b)]&amp#27;[0m Proxying [POST /element] to [POST http://127.0.0.1:8200/session/9d67d8fb-4a7d-4886-b012-0b0e31d22bf2/element] with body: {"strategy":"xpath","selector":"//*[@text='Argentina']","context":"","multiple":false}
&amp#27;[38;5;32m[AndroidUiautomator2Driver@20e3 (2eb8af4b)]&amp#27;[0m Got response with status 200: {"sessionId":"9d67d8fb-4a7d-4886-b012-0b0e31d22bf2","value":{"ELEMENT":"00000000-0000-01c4-ffff-ffff00000032","element-6066-11e4-a52e-4f735466cecf":"00000000-0000-01c4-ffff-ffff00000032"}}
&amp#27;[38;5;32m[AndroidUiautomator2Driver@20e3 (2eb8af4b)]&amp#27;[0m Responding to client with driver.findElement() result: {"element-6066-11e4-a52e-4f735466cecf":"00000000-0000-01c4-ffff-ffff00000032","ELEMENT":"00000000-0000-01c4-ffff-ffff00000032"}
&amp#27;[38;5;0m[HTTP]&amp#27;[0m &amp#27;[37m<-- POST /session/2eb8af4b-f6f5-46ef-858a-418a2cc165ce/element &amp#27;[39m&amp#27;[32m200&amp#27;[39m &amp#27;[90m232 ms - 137&amp#27;[39m
&amp#27;[38;5;0m[HTTP]&amp#27;[0m &amp#27;[90m&amp#27;[39m
&amp#27;[38;5;0m[HTTP]&amp#27;[0m &amp#27;[37m-->&amp#27;[39m &amp#27;[37mPOST&amp#27;[39m &amp#27;[37m/session/2eb8af4b-f6f5-46ef-858a-418a2cc165ce/element/00000000-0000-01c4-ffff-ffff00000032/click&amp#27;[39m
&amp#27;[38;5;0m[HTTP]&amp#27;[0m &amp#27;[90m{"id":"00000000-0000-01c4-ffff-ffff00000032"}&amp#27;[39m
&amp#27;[38;5;32m[AndroidUiautomator2Driver@20e3 (2eb8af4b)]&amp#27;[0m Calling AppiumDriver.click() with args: ["00000000-0000-01c4-ffff-ffff00000032","2eb8af4b-f6f5-46ef-858a-418a2cc165ce"]
&amp#27;[38;5;32m[AndroidUiautomator2Driver@20e3 (2eb8af4b)]&amp#27;[0m Matched '/element/00000000-0000-01c4-ffff-ffff00000032/click' to command name 'click'
&amp#27;[38;5;32m[AndroidUiautomator2Driver@20e3 (2eb8af4b)]&amp#27;[0m Proxying [POST /element/00000000-0000-01c4-ffff-ffff00000032/click] to [POST http://127.0.0.1:8200/session/9d67d8fb-4a7d-4886-b012-0b0e31d22bf2/element/00000000-0000-01c4-ffff-ffff00000032/click] with body: {"element":"00000000-0000-01c4-ffff-ffff00000032"}
&amp#27;[38;5;32m[AndroidUiautomator2Driver@20e3 (2eb8af4b)]&amp#27;[0m Got response with status 200: {"sessionId":"9d67d8fb-4a7d-4886-b012-0b0e31d22bf2","value":null}
&amp#27;[38;5;32m[AndroidUiautomator2Driver@20e3 (2eb8af4b)]&amp#27;[0m Responding to client with driver.click() result: null
&amp#27;[38;5;0m[HTTP]&amp#27;[0m &amp#27;[37m<-- POST /session/2eb8af4b-f6f5-46ef-858a-418a2cc165ce/element/00000000-0000-01c4-ffff-ffff00000032/click &amp#27;[39m&amp#27;[32m200&amp#27;[39m &amp#27;[90m776 ms - 14&amp#27;[39m
&amp#27;[38;5;0m[HTTP]&amp#27;[0m &amp#27;[90m&amp#27;[39m
&amp#27;[38;5;0m[HTTP]&amp#27;[0m &amp#27;[37m-->&amp#27;[39m &amp#27;[37mGET&amp#27;[39m &amp#27;[37m/session/2eb8af4b-f6f5-46ef-858a-418a2cc165ce/context&amp#27;[39m
&amp#27;[38;5;0m[HTTP]&amp#27;[0m &amp#27;[90m{}&amp#27;[39m
&amp#27;[38;5;32m[AndroidUiautomator2Driver@20e3 (2eb8af4b)]&amp#27;[0m Calling AppiumDriver.getCurrentContext() with args: ["2eb8af4b-f6f5-46ef-858a-418a2cc165ce"]
&amp#27;[38;5;32m[AndroidUiautomator2Driver@20e3 (2eb8af4b)]&amp#27;[0m Responding to client with driver.getCurrentContext() result: "NATIVE_APP"
&amp#27;[38;5;0m[HTTP]&amp#27;[0m &amp#27;[37m<-- GET /session/2eb8af4b-f6f5-46ef-858a-418a2cc165ce/context &amp#27;[39m&amp#27;[32m200&amp#27;[39m &amp#27;[90m1 ms - 22&amp#27;[39m
&amp#27;[38;5;0m[HTTP]&amp#27;[0m &amp#27;[90m&amp#27;[39m
&amp#27;[38;5;0m[HTTP]&amp#27;[0m &amp#27;[37m-->&amp#27;[39m &amp#27;[37mPOST&amp#27;[39m &amp#27;[37m/session/2eb8af4b-f6f5-46ef-858a-418a2cc165ce/element&amp#27;[39m
&amp#27;[38;5;0m[HTTP]&amp#27;[0m &amp#27;[90m{"value":"android.widget.Button","using":"class name"}&amp#27;[39m
&amp#27;[38;5;32m[AndroidUiautomator2Driver@20e3 (2eb8af4b)]&amp#27;[0m Calling AppiumDriver.findElement() with args: ["class name","android.widget.Button","2eb8af4b-f6f5-46ef-858a-418a2cc165ce"]
&amp#27;[38;5;32m[AndroidUiautomator2Driver@20e3 (2eb8af4b)]&amp#27;[0m Valid locator strategies for this request: xpath, id, class name, accessibility id, css selector, -android uiautomator
&amp#27;[38;5;32m[AndroidUiautomator2Driver@20e3 (2eb8af4b)]&amp#27;[0m Waiting up to 5000 ms for condition
&amp#27;[38;5;32m[AndroidUiautomator2Driver@20e3 (2eb8af4b)]&amp#27;[0m Matched '/element' to command name 'findElement'
&amp#27;[38;5;32m[AndroidUiautomator2Driver@20e3 (2eb8af4b)]&amp#27;[0m Proxying [POST /element] to [POST http://127.0.0.1:8200/session/9d67d8fb-4a7d-4886-b012-0b0e31d22bf2/element] with body: {"strategy":"class name","selector":"android.widget.Button","context":"","multiple":false}
&amp#27;[38;5;32m[AndroidUiautomator2Driver@20e3 (2eb8af4b)]&amp#27;[0m Got response with status 200: {"sessionId":"9d67d8fb-4a7d-4886-b012-0b0e31d22bf2","value":{"ELEMENT":"00000000-0000-01c3-ffff-ffff00000021","element-6066-11e4-a52e-4f735466cecf":"00000000-0000-01c3-ffff-ffff00000021"}}
&amp#27;[38;5;32m[AndroidUiautomator2Driver@20e3 (2eb8af4b)]&amp#27;[0m Responding to client with driver.findElement() result: {"element-6066-11e4-a52e-4f735466cecf":"00000000-0000-01c3-ffff-ffff00000021","ELEMENT":"00000000-0000-01c3-ffff-ffff00000021"}
&amp#27;[38;5;0m[HTTP]&amp#27;[0m &amp#27;[37m<-- POST /session/2eb8af4b-f6f5-46ef-858a-418a2cc165ce/element &amp#27;[39m&amp#27;[32m200&amp#27;[39m &amp#27;[90m227 ms - 137&amp#27;[39m
&amp#27;[38;5;0m[HTTP]&amp#27;[0m &amp#27;[90m&amp#27;[39m
&amp#27;[38;5;0m[HTTP]&amp#27;[0m &amp#27;[37m-->&amp#27;[39m &amp#27;[37mPOST&amp#27;[39m &amp#27;[37m/session/2eb8af4b-f6f5-46ef-858a-418a2cc165ce/element/00000000-0000-01c3-ffff-ffff00000021/click&amp#27;[39m
&amp#27;[38;5;0m[HTTP]&amp#27;[0m &amp#27;[90m{"id":"00000000-0000-01c3-ffff-ffff00000021"}&amp#27;[39m
&amp#27;[38;5;32m[AndroidUiautomator2Driver@20e3 (2eb8af4b)]&amp#27;[0m Calling AppiumDriver.click() with args: ["00000000-0000-01c3-ffff-ffff00000021","2eb8af4b-f6f5-46ef-858a-418a2cc165ce"]
&amp#27;[38;5;32m[AndroidUiautomator2Driver@20e3 (2eb8af4b)]&amp#27;[0m Matched '/element/00000000-0000-01c3-ffff-ffff00000021/click' to command name 'click'
&amp#27;[38;5;32m[AndroidUiautomator2Driver@20e3 (2eb8af4b)]&amp#27;[0m Proxying [POST /element/00000000-0000-01c3-ffff-ffff00000021/click] to [POST http://127.0.0.1:8200/session/9d67d8fb-4a7d-4886-b012-0b0e31d22bf2/element/00000000-0000-01c3-ffff-ffff00000021/click] with body: {"element":"00000000-0000-01c3-ffff-ffff00000021"}
&amp#27;[38;5;32m[AndroidUiautomator2Driver@20e3 (2eb8af4b)]&amp#27;[0m Got response with status 200: {"sessionId":"9d67d8fb-4a7d-4886-b012-0b0e31d22bf2","value":null}
&amp#27;[38;5;32m[AndroidUiautomator2Driver@20e3 (2eb8af4b)]&amp#27;[0m Responding to client with driver.click() result: null
&amp#27;[38;5;0m[HTTP]&amp#27;[0m &amp#27;[37m<-- POST /session/2eb8af4b-f6f5-46ef-858a-418a2cc165ce/element/00000000-0000-01c3-ffff-ffff00000021/click &amp#27;[39m&amp#27;[32m200&amp#27;[39m &amp#27;[90m66 ms - 14&amp#27;[39m
&amp#27;[38;5;0m[HTTP]&amp#27;[0m &amp#27;[90m&amp#27;[39m
&amp#27;[38;5;0m[HTTP]&amp#27;[0m &amp#27;[37m-->&amp#27;[39m &amp#27;[37mGET&amp#27;[39m &amp#27;[37m/session/2eb8af4b-f6f5-46ef-858a-418a2cc165ce/context&amp#27;[39m
&amp#27;[38;5;0m[HTTP]&amp#27;[0m &amp#27;[90m{}&amp#27;[39m
&amp#27;[38;5;32m[AndroidUiautomator2Driver@20e3 (2eb8af4b)]&amp#27;[0m Calling AppiumDriver.getCurrentContext() with args: ["2eb8af4b-f6f5-46ef-858a-418a2cc165ce"]
&amp#27;[38;5;32m[AndroidUiautomator2Driver@20e3 (2eb8af4b)]&amp#27;[0m Responding to client with driver.getCurrentContext() result: "NATIVE_APP"
&amp#27;[38;5;0m[HTTP]&amp#27;[0m &amp#27;[37m<-- GET /session/2eb8af4b-f6f5-46ef-858a-418a2cc165ce/context &amp#27;[39m&amp#27;[32m200&amp#27;[39m &amp#27;[90m1 ms - 22&amp#27;[39m
&amp#27;[38;5;0m[HTTP]&amp#27;[0m &amp#27;[90m&amp#27;[39m
&amp#27;[38;5;0m[HTTP]&amp#27;[0m &amp#27;[37m-->&amp#27;[39m &amp#27;[37mPOST&amp#27;[39m &amp#27;[37m/session/2eb8af4b-f6f5-46ef-858a-418a2cc165ce/elements&amp#27;[39m
&amp#27;[38;5;0m[HTTP]&amp#27;[0m &amp#27;[90m{"value":"(//android.widget.Toast)[1]","using":"xpath"}&amp#27;[39m
&amp#27;[38;5;32m[AndroidUiautomator2Driver@20e3 (2eb8af4b)]&amp#27;[0m Calling AppiumDriver.findElements() with args: ["xpath","(//android.widget.Toast)[1]","2eb8af4b-f6f5-46ef-858a-418a2cc165ce"]
&amp#27;[38;5;32m[AndroidUiautomator2Driver@20e3 (2eb8af4b)]&amp#27;[0m Valid locator strategies for this request: xpath, id, class name, accessibility id, css selector, -android uiautomator
&amp#27;[38;5;32m[AndroidUiautomator2Driver@20e3 (2eb8af4b)]&amp#27;[0m Waiting up to 5000 ms for condition
&amp#27;[38;5;32m[AndroidUiautomator2Driver@20e3 (2eb8af4b)]&amp#27;[0m Matched '/elements' to command name 'findElements'
&amp#27;[38;5;32m[AndroidUiautomator2Driver@20e3 (2eb8af4b)]&amp#27;[0m Proxying [POST /elements] to [POST http://127.0.0.1:8200/session/9d67d8fb-4a7d-4886-b012-0b0e31d22bf2/elements] with body: {"strategy":"xpath","selector":"(//android.widget.Toast)[1]","context":"","multiple":true}
&amp#27;[38;5;32m[AndroidUiautomator2Driver@20e3 (2eb8af4b)]&amp#27;[0m Got response with status 200: {"sessionId":"9d67d8fb-4a7d-4886-b012-0b0e31d22bf2","value":[]}
&amp#27;[38;5;32m[AndroidUiautomator2Driver@20e3 (2eb8af4b)]&amp#27;[0m Waited for 271 ms so far
&amp#27;[38;5;32m[AndroidUiautomator2Driver@20e3 (2eb8af4b)]&amp#27;[0m Matched '/elements' to command name 'findElements'
&amp#27;[38;5;32m[AndroidUiautomator2Driver@20e3 (2eb8af4b)]&amp#27;[0m Proxying [POST /elements] to [POST http://127.0.0.1:8200/session/9d67d8fb-4a7d-4886-b012-0b0e31d22bf2/elements] with body: {"strategy":"xpath","selector":"(//android.widget.Toast)[1]","context":"","multiple":true}
&amp#27;[38;5;32m[AndroidUiautomator2Driver@20e3 (2eb8af4b)]&amp#27;[0m Got response with status 200: {"sessionId":"9d67d8fb-4a7d-4886-b012-0b0e31d22bf2","value":[]}
&amp#27;[38;5;32m[AndroidUiautomator2Driver@20e3 (2eb8af4b)]&amp#27;[0m Waited for 1792 ms so far
&amp#27;[38;5;32m[AndroidUiautomator2Driver@20e3 (2eb8af4b)]&amp#27;[0m Matched '/elements' to command name 'findElements'
&amp#27;[38;5;32m[AndroidUiautomator2Driver@20e3 (2eb8af4b)]&amp#27;[0m Proxying [POST /elements] to [POST http://127.0.0.1:8200/session/9d67d8fb-4a7d-4886-b012-0b0e31d22bf2/elements] with body: {"strategy":"xpath","selector":"(//android.widget.Toast)[1]","context":"","multiple":true}
&amp#27;[38;5;32m[AndroidUiautomator2Driver@20e3 (2eb8af4b)]&amp#27;[0m Got response with status 200: {"sessionId":"9d67d8fb-4a7d-4886-b012-0b0e31d22bf2","value":[]}
&amp#27;[38;5;32m[AndroidUiautomator2Driver@20e3 (2eb8af4b)]&amp#27;[0m Waited for 2738 ms so far
&amp#27;[38;5;32m[AndroidUiautomator2Driver@20e3 (2eb8af4b)]&amp#27;[0m Matched '/elements' to command name 'findElements'
&amp#27;[38;5;32m[AndroidUiautomator2Driver@20e3 (2eb8af4b)]&amp#27;[0m Proxying [POST /elements] to [POST http://127.0.0.1:8200/session/9d67d8fb-4a7d-4886-b012-0b0e31d22bf2/elements] with body: {"strategy":"xpath","selector":"(//android.widget.Toast)[1]","context":"","multiple":true}
&amp#27;[38;5;32m[AndroidUiautomator2Driver@20e3 (2eb8af4b)]&amp#27;[0m Got response with status 200: {"sessionId":"9d67d8fb-4a7d-4886-b012-0b0e31d22bf2","value":[]}
&amp#27;[38;5;32m[AndroidUiautomator2Driver@20e3 (2eb8af4b)]&amp#27;[0m Waited for 3678 ms so far
&amp#27;[38;5;32m[AndroidUiautomator2Driver@20e3 (2eb8af4b)]&amp#27;[0m Matched '/elements' to command name 'findElements'
&amp#27;[38;5;32m[AndroidUiautomator2Driver@20e3 (2eb8af4b)]&amp#27;[0m Proxying [POST /elements] to [POST http://127.0.0.1:8200/session/9d67d8fb-4a7d-4886-b012-0b0e31d22bf2/elements] with body: {"strategy":"xpath","selector":"(//android.widget.Toast)[1]","context":"","multiple":true}
&amp#27;[38;5;32m[AndroidUiautomator2Driver@20e3 (2eb8af4b)]&amp#27;[0m Got response with status 200: {"sessionId":"9d67d8fb-4a7d-4886-b012-0b0e31d22bf2","value":[]}
&amp#27;[38;5;32m[AndroidUiautomator2Driver@20e3 (2eb8af4b)]&amp#27;[0m Waited for 4574 ms so far
&amp#27;[38;5;32m[AndroidUiautomator2Driver@20e3 (2eb8af4b)]&amp#27;[0m Matched '/elements' to command name 'findElements'
&amp#27;[38;5;32m[AndroidUiautomator2Driver@20e3 (2eb8af4b)]&amp#27;[0m Proxying [POST /elements] to [POST http://127.0.0.1:8200/session/9d67d8fb-4a7d-4886-b012-0b0e31d22bf2/elements] with body: {"strategy":"xpath","selector":"(//android.widget.Toast)[1]","context":"","multiple":true}
&amp#27;[38;5;32m[AndroidUiautomator2Driver@20e3 (2eb8af4b)]&amp#27;[0m Got response with status 200: {"sessionId":"9d67d8fb-4a7d-4886-b012-0b0e31d22bf2","value":[]}
&amp#27;[38;5;32m[AndroidUiautomator2Driver@20e3 (2eb8af4b)]&amp#27;[0m Responding to client with driver.findElements() result: []
&amp#27;[38;5;0m[HTTP]&amp#27;[0m &amp#27;[37m<-- POST /session/2eb8af4b-f6f5-46ef-858a-418a2cc165ce/elements &amp#27;[39m&amp#27;[32m200&amp#27;[39m &amp#27;[90m5415 ms - 12&amp#27;[39m
&amp#27;[38;5;0m[HTTP]&amp#27;[0m &amp#27;[90m&amp#27;[39m
&amp#27;[38;5;0m[HTTP]&amp#27;[0m &amp#27;[37m-->&amp#27;[39m &amp#27;[37mPOST&amp#27;[39m &amp#27;[37m/session/2eb8af4b-f6f5-46ef-858a-418a2cc165ce/execute/sync&amp#27;[39m
&amp#27;[38;5;0m[HTTP]&amp#27;[0m &amp#27;[90m{"script":"mobile: pressKey","args":[{"keycode":4}]}&amp#27;[39m
&amp#27;[38;5;32m[AndroidUiautomator2Driver@20e3 (2eb8af4b)]&amp#27;[0m Calling AppiumDriver.execute() with args: ["mobile: pressKey",[{"keycode":4}],"2eb8af4b-f6f5-46ef-858a-418a2cc165ce"]
&amp#27;[38;5;32m[AndroidUiautomator2Driver@20e3 (2eb8af4b)]&amp#27;[0m Executing native command 'mobile: pressKey'
&amp#27;[38;5;32m[AndroidUiautomator2Driver@20e3 (2eb8af4b)]&amp#27;[0m Matched '/appium/device/press_keycode' to command name 'pressKeyCode'
&amp#27;[38;5;32m[AndroidUiautomator2Driver@20e3 (2eb8af4b)]&amp#27;[0m Proxying [POST /appium/device/press_keycode] to [POST http://127.0.0.1:8200/session/9d67d8fb-4a7d-4886-b012-0b0e31d22bf2/appium/device/press_keycode] with body: {"keycode":4}
&amp#27;[38;5;32m[AndroidUiautomator2Driver@20e3 (2eb8af4b)]&amp#27;[0m Got response with status 200: {"sessionId":"9d67d8fb-4a7d-4886-b012-0b0e31d22bf2","value":null}
&amp#27;[38;5;32m[AndroidUiautomator2Driver@20e3 (2eb8af4b)]&amp#27;[0m Responding to client with driver.execute() result: null
&amp#27;[38;5;0m[HTTP]&amp#27;[0m &amp#27;[37m<-- POST /session/2eb8af4b-f6f5-46ef-858a-418a2cc165ce/execute/sync &amp#27;[39m&amp#27;[32m200&amp#27;[39m &amp#27;[90m789 ms - 14&amp#27;[39m
&amp#27;[38;5;0m[HTTP]&amp#27;[0m &amp#27;[90m&amp#27;[39m
]]></system-out>
    <system-err><![CDATA[SLF4J(W): No SLF4J providers were found.
SLF4J(W): Defaulting to no-operation (NOP) logger implementation
SLF4J(W): See https://www.slf4j.org/codes.html#noProviders for further details.
]]></system-err>
  </testcase>
  <testcase name="fillForm_PositiveFlow[Testing, male, Brazil](2)" classname="testautomation.eCommerce_E2E_tc2" time="23.042">
    <system-out><![CDATA[&amp#27;[38;5;0m[HTTP]&amp#27;[0m &amp#27;[37m-->&amp#27;[39m &amp#27;[37mGET&amp#27;[39m &amp#27;[37m/session/2eb8af4b-f6f5-46ef-858a-418a2cc165ce/context&amp#27;[39m
&amp#27;[38;5;0m[HTTP]&amp#27;[0m &amp#27;[90m{}&amp#27;[39m
&amp#27;[38;5;32m[AndroidUiautomator2Driver@20e3 (2eb8af4b)]&amp#27;[0m Calling AppiumDriver.getCurrentContext() with args: ["2eb8af4b-f6f5-46ef-858a-418a2cc165ce"]
&amp#27;[38;5;32m[AndroidUiautomator2Driver@20e3 (2eb8af4b)]&amp#27;[0m Responding to client with driver.getCurrentContext() result: "NATIVE_APP"
&amp#27;[38;5;0m[HTTP]&amp#27;[0m &amp#27;[37m<-- GET /session/2eb8af4b-f6f5-46ef-858a-418a2cc165ce/context &amp#27;[39m&amp#27;[32m200&amp#27;[39m &amp#27;[90m1 ms - 22&amp#27;[39m
&amp#27;[38;5;0m[HTTP]&amp#27;[0m &amp#27;[90m&amp#27;[39m
&amp#27;[38;5;0m[HTTP]&amp#27;[0m &amp#27;[37m-->&amp#27;[39m &amp#27;[37mPOST&amp#27;[39m &amp#27;[37m/session/2eb8af4b-f6f5-46ef-858a-418a2cc165ce/element&amp#27;[39m
&amp#27;[38;5;0m[HTTP]&amp#27;[0m &amp#27;[90m{"value":"com.androidsample.generalstore:id/nameField","using":"id"}&amp#27;[39m
&amp#27;[38;5;32m[AndroidUiautomator2Driver@20e3 (2eb8af4b)]&amp#27;[0m Calling AppiumDriver.findElement() with args: ["id","com.androidsample.generalstore:id/nameField","2eb8af4b-f6f5-46ef-858a-418a2cc165ce"]
&amp#27;[38;5;32m[AndroidUiautomator2Driver@20e3 (2eb8af4b)]&amp#27;[0m Valid locator strategies for this request: xpath, id, class name, accessibility id, css selector, -android uiautomator
&amp#27;[38;5;32m[AndroidUiautomator2Driver@20e3 (2eb8af4b)]&amp#27;[0m Waiting up to 5000 ms for condition
&amp#27;[38;5;32m[AndroidUiautomator2Driver@20e3 (2eb8af4b)]&amp#27;[0m Matched '/element' to command name 'findElement'
&amp#27;[38;5;32m[AndroidUiautomator2Driver@20e3 (2eb8af4b)]&amp#27;[0m Proxying [POST /element] to [POST http://127.0.0.1:8200/session/9d67d8fb-4a7d-4886-b012-0b0e31d22bf2/element] with body: {"strategy":"id","selector":"com.androidsample.generalstore:id/nameField","context":"","multiple":false}
&amp#27;[38;5;32m[AndroidUiautomator2Driver@20e3 (2eb8af4b)]&amp#27;[0m Got response with status 200: {"sessionId":"9d67d8fb-4a7d-4886-b012-0b0e31d22bf2","value":{"ELEMENT":"00000000-0000-01c3-ffff-ffff0000001c","element-6066-11e4-a52e-4f735466cecf":"00000000-0000-01c3-ffff-ffff0000001c"}}
&amp#27;[38;5;32m[AndroidUiautomator2Driver@20e3 (2eb8af4b)]&amp#27;[0m Responding to client with driver.findElement() result: {"element-6066-11e4-a52e-4f735466cecf":"00000000-0000-01c3-ffff-ffff0000001c","ELEMENT":"00000000-0000-01c3-ffff-ffff0000001c"}
&amp#27;[38;5;0m[HTTP]&amp#27;[0m &amp#27;[37m<-- POST /session/2eb8af4b-f6f5-46ef-858a-418a2cc165ce/element &amp#27;[39m&amp#27;[32m200&amp#27;[39m &amp#27;[90m746 ms - 137&amp#27;[39m
&amp#27;[38;5;0m[HTTP]&amp#27;[0m &amp#27;[90m&amp#27;[39m
&amp#27;[38;5;0m[HTTP]&amp#27;[0m &amp#27;[37m-->&amp#27;[39m &amp#27;[37mPOST&amp#27;[39m &amp#27;[37m/session/2eb8af4b-f6f5-46ef-858a-418a2cc165ce/element/00000000-0000-01c3-ffff-ffff0000001c/value&amp#27;[39m
&amp#27;[38;5;0m[HTTP]&amp#27;[0m &amp#27;[90m{"text":"Testing","value":["T","e","s","t","i","n","g"],"id":"00000000-0000-01c3-ffff-ffff0000001c"}&amp#27;[39m
&amp#27;[38;5;32m[AndroidUiautomator2Driver@20e3 (2eb8af4b)]&amp#27;[0m Calling AppiumDriver.setValue() with args: [["T","e","s","t","i","n","g"],"00000000-0000-01c3-ffff-ffff0000001c","2eb8af4b-f6f5-46ef-858a-418a2cc165ce"]
&amp#27;[38;5;32m[AndroidUiautomator2Driver@20e3 (2eb8af4b)]&amp#27;[0m Matched '/element/00000000-0000-01c3-ffff-ffff0000001c/value' to command name 'setValue'
&amp#27;[38;5;32m[AndroidUiautomator2Driver@20e3 (2eb8af4b)]&amp#27;[0m Added 'value' property ["T","e","s","t","i","n","g"] to 'setValue' request body
&amp#27;[38;5;32m[AndroidUiautomator2Driver@20e3 (2eb8af4b)]&amp#27;[0m Proxying [POST /element/00000000-0000-01c3-ffff-ffff0000001c/value] to [POST http://127.0.0.1:8200/session/9d67d8fb-4a7d-4886-b012-0b0e31d22bf2/element/00000000-0000-01c3-ffff-ffff0000001c/value] with body: {"elementId":"00000000-0000-01c3-ffff-ffff0000001c","text":"Testing","replace":false,"value":["T","e","s","t","i","n","g"]}
&amp#27;[38;5;32m[AndroidUiautomator2Driver@20e3 (2eb8af4b)]&amp#27;[0m Got response with status 200: {"sessionId":"9d67d8fb-4a7d-4886-b012-0b0e31d22bf2","value":null}
&amp#27;[38;5;32m[AndroidUiautomator2Driver@20e3 (2eb8af4b)]&amp#27;[0m Responding to client with driver.setValue() result: null
&amp#27;[38;5;0m[HTTP]&amp#27;[0m &amp#27;[37m<-- POST /session/2eb8af4b-f6f5-46ef-858a-418a2cc165ce/element/00000000-0000-01c3-ffff-ffff0000001c/value &amp#27;[39m&amp#27;[32m200&amp#27;[39m &amp#27;[90m697 ms - 14&amp#27;[39m
&amp#27;[38;5;0m[HTTP]&amp#27;[0m &amp#27;[90m&amp#27;[39m
&amp#27;[38;5;0m[HTTP]&amp#27;[0m &amp#27;[37m-->&amp#27;[39m &amp#27;[37mPOST&amp#27;[39m &amp#27;[37m/session/2eb8af4b-f6f5-46ef-858a-418a2cc165ce/execute/sync&amp#27;[39m
&amp#27;[38;5;0m[HTTP]&amp#27;[0m &amp#27;[90m{"script":"mobile: hideKeyboard","args":[]}&amp#27;[39m
&amp#27;[38;5;32m[AndroidUiautomator2Driver@20e3 (2eb8af4b)]&amp#27;[0m Calling AppiumDriver.execute() with args: ["mobile: hideKeyboard",[],"2eb8af4b-f6f5-46ef-858a-418a2cc165ce"]
&amp#27;[38;5;32m[AndroidUiautomator2Driver@20e3 (2eb8af4b)]&amp#27;[0m Executing native command 'mobile: hideKeyboard'
&amp#27;[38;5;48m[ADB]&amp#27;[0m Running 'C:\Users\Sabir\AppData\Local\Android\Sdk\platform-tools\adb.exe -P 5037 -s R58T10BJQHK shell dumpsys input_method'
&amp#27;[38;5;48m[ADB]&amp#27;[0m Keyboard has no UI; no closing necessary
&amp#27;[38;5;32m[AndroidUiautomator2Driver@20e3 (2eb8af4b)]&amp#27;[0m Responding to client with driver.execute() result: false
&amp#27;[38;5;0m[HTTP]&amp#27;[0m &amp#27;[37m<-- POST /session/2eb8af4b-f6f5-46ef-858a-418a2cc165ce/execute/sync &amp#27;[39m&amp#27;[32m200&amp#27;[39m &amp#27;[90m147 ms - 15&amp#27;[39m
&amp#27;[38;5;0m[HTTP]&amp#27;[0m &amp#27;[90m&amp#27;[39m
&amp#27;[38;5;0m[HTTP]&amp#27;[0m &amp#27;[37m-->&amp#27;[39m &amp#27;[37mGET&amp#27;[39m &amp#27;[37m/session/2eb8af4b-f6f5-46ef-858a-418a2cc165ce/context&amp#27;[39m
&amp#27;[38;5;0m[HTTP]&amp#27;[0m &amp#27;[90m{}&amp#27;[39m
&amp#27;[38;5;32m[AndroidUiautomator2Driver@20e3 (2eb8af4b)]&amp#27;[0m Calling AppiumDriver.getCurrentContext() with args: ["2eb8af4b-f6f5-46ef-858a-418a2cc165ce"]
&amp#27;[38;5;32m[AndroidUiautomator2Driver@20e3 (2eb8af4b)]&amp#27;[0m Responding to client with driver.getCurrentContext() result: "NATIVE_APP"
&amp#27;[38;5;0m[HTTP]&amp#27;[0m &amp#27;[37m<-- GET /session/2eb8af4b-f6f5-46ef-858a-418a2cc165ce/context &amp#27;[39m&amp#27;[32m200&amp#27;[39m &amp#27;[90m1 ms - 22&amp#27;[39m
&amp#27;[38;5;0m[HTTP]&amp#27;[0m &amp#27;[90m&amp#27;[39m
&amp#27;[38;5;0m[HTTP]&amp#27;[0m &amp#27;[37m-->&amp#27;[39m &amp#27;[37mPOST&amp#27;[39m &amp#27;[37m/session/2eb8af4b-f6f5-46ef-858a-418a2cc165ce/element&amp#27;[39m
&amp#27;[38;5;0m[HTTP]&amp#27;[0m &amp#27;[90m{"value":"//*[@text='Male']","using":"xpath"}&amp#27;[39m
&amp#27;[38;5;32m[AndroidUiautomator2Driver@20e3 (2eb8af4b)]&amp#27;[0m Calling AppiumDriver.findElement() with args: ["xpath","//*[@text='Male']","2eb8af4b-f6f5-46ef-858a-418a2cc165ce"]
&amp#27;[38;5;32m[AndroidUiautomator2Driver@20e3 (2eb8af4b)]&amp#27;[0m Valid locator strategies for this request: xpath, id, class name, accessibility id, css selector, -android uiautomator
&amp#27;[38;5;32m[AndroidUiautomator2Driver@20e3 (2eb8af4b)]&amp#27;[0m Waiting up to 5000 ms for condition
&amp#27;[38;5;32m[AndroidUiautomator2Driver@20e3 (2eb8af4b)]&amp#27;[0m Matched '/element' to command name 'findElement'
&amp#27;[38;5;32m[AndroidUiautomator2Driver@20e3 (2eb8af4b)]&amp#27;[0m Proxying [POST /element] to [POST http://127.0.0.1:8200/session/9d67d8fb-4a7d-4886-b012-0b0e31d22bf2/element] with body: {"strategy":"xpath","selector":"//*[@text='Male']","context":"","multiple":false}
&amp#27;[38;5;32m[AndroidUiautomator2Driver@20e3 (2eb8af4b)]&amp#27;[0m Got response with status 200: {"sessionId":"9d67d8fb-4a7d-4886-b012-0b0e31d22bf2","value":{"ELEMENT":"00000000-0000-01c3-ffff-ffff0000001f","element-6066-11e4-a52e-4f735466cecf":"00000000-0000-01c3-ffff-ffff0000001f"}}
&amp#27;[38;5;32m[AndroidUiautomator2Driver@20e3 (2eb8af4b)]&amp#27;[0m Responding to client with driver.findElement() result: {"element-6066-11e4-a52e-4f735466cecf":"00000000-0000-01c3-ffff-ffff0000001f","ELEMENT":"00000000-0000-01c3-ffff-ffff0000001f"}
&amp#27;[38;5;0m[HTTP]&amp#27;[0m &amp#27;[37m<-- POST /session/2eb8af4b-f6f5-46ef-858a-418a2cc165ce/element &amp#27;[39m&amp#27;[32m200&amp#27;[39m &amp#27;[90m709 ms - 137&amp#27;[39m
&amp#27;[38;5;0m[HTTP]&amp#27;[0m &amp#27;[90m&amp#27;[39m
&amp#27;[38;5;0m[HTTP]&amp#27;[0m &amp#27;[37m-->&amp#27;[39m &amp#27;[37mPOST&amp#27;[39m &amp#27;[37m/session/2eb8af4b-f6f5-46ef-858a-418a2cc165ce/element/00000000-0000-01c3-ffff-ffff0000001f/click&amp#27;[39m
&amp#27;[38;5;0m[HTTP]&amp#27;[0m &amp#27;[90m{"id":"00000000-0000-01c3-ffff-ffff0000001f"}&amp#27;[39m
&amp#27;[38;5;32m[AndroidUiautomator2Driver@20e3 (2eb8af4b)]&amp#27;[0m Calling AppiumDriver.click() with args: ["00000000-0000-01c3-ffff-ffff0000001f","2eb8af4b-f6f5-46ef-858a-418a2cc165ce"]
&amp#27;[38;5;32m[AndroidUiautomator2Driver@20e3 (2eb8af4b)]&amp#27;[0m Matched '/element/00000000-0000-01c3-ffff-ffff0000001f/click' to command name 'click'
&amp#27;[38;5;32m[AndroidUiautomator2Driver@20e3 (2eb8af4b)]&amp#27;[0m Proxying [POST /element/00000000-0000-01c3-ffff-ffff0000001f/click] to [POST http://127.0.0.1:8200/session/9d67d8fb-4a7d-4886-b012-0b0e31d22bf2/element/00000000-0000-01c3-ffff-ffff0000001f/click] with body: {"element":"00000000-0000-01c3-ffff-ffff0000001f"}
&amp#27;[38;5;32m[AndroidUiautomator2Driver@20e3 (2eb8af4b)]&amp#27;[0m Got response with status 200: {"sessionId":"9d67d8fb-4a7d-4886-b012-0b0e31d22bf2","value":null}
&amp#27;[38;5;32m[AndroidUiautomator2Driver@20e3 (2eb8af4b)]&amp#27;[0m Responding to client with driver.click() result: null
&amp#27;[38;5;0m[HTTP]&amp#27;[0m &amp#27;[37m<-- POST /session/2eb8af4b-f6f5-46ef-858a-418a2cc165ce/element/00000000-0000-01c3-ffff-ffff0000001f/click &amp#27;[39m&amp#27;[32m200&amp#27;[39m &amp#27;[90m85 ms - 14&amp#27;[39m
&amp#27;[38;5;0m[HTTP]&amp#27;[0m &amp#27;[90m&amp#27;[39m
&amp#27;[38;5;0m[HTTP]&amp#27;[0m &amp#27;[37m-->&amp#27;[39m &amp#27;[37mGET&amp#27;[39m &amp#27;[37m/session/2eb8af4b-f6f5-46ef-858a-418a2cc165ce/context&amp#27;[39m
&amp#27;[38;5;0m[HTTP]&amp#27;[0m &amp#27;[90m{}&amp#27;[39m
&amp#27;[38;5;32m[AndroidUiautomator2Driver@20e3 (2eb8af4b)]&amp#27;[0m Calling AppiumDriver.getCurrentContext() with args: ["2eb8af4b-f6f5-46ef-858a-418a2cc165ce"]
&amp#27;[38;5;32m[AndroidUiautomator2Driver@20e3 (2eb8af4b)]&amp#27;[0m Responding to client with driver.getCurrentContext() result: "NATIVE_APP"
&amp#27;[38;5;0m[HTTP]&amp#27;[0m &amp#27;[37m<-- GET /session/2eb8af4b-f6f5-46ef-858a-418a2cc165ce/context &amp#27;[39m&amp#27;[32m200&amp#27;[39m &amp#27;[90m1 ms - 22&amp#27;[39m
&amp#27;[38;5;0m[HTTP]&amp#27;[0m &amp#27;[90m&amp#27;[39m
&amp#27;[38;5;0m[HTTP]&amp#27;[0m &amp#27;[37m-->&amp#27;[39m &amp#27;[37mPOST&amp#27;[39m &amp#27;[37m/session/2eb8af4b-f6f5-46ef-858a-418a2cc165ce/element&amp#27;[39m
&amp#27;[38;5;0m[HTTP]&amp#27;[0m &amp#27;[90m{"value":"com.androidsample.generalstore:id/spinnerCountry","using":"id"}&amp#27;[39m
&amp#27;[38;5;32m[AndroidUiautomator2Driver@20e3 (2eb8af4b)]&amp#27;[0m Calling AppiumDriver.findElement() with args: ["id","com.androidsample.generalstore:id/spinnerCountry","2eb8af4b-f6f5-46ef-858a-418a2cc165ce"]
&amp#27;[38;5;32m[AndroidUiautomator2Driver@20e3 (2eb8af4b)]&amp#27;[0m Valid locator strategies for this request: xpath, id, class name, accessibility id, css selector, -android uiautomator
&amp#27;[38;5;32m[AndroidUiautomator2Driver@20e3 (2eb8af4b)]&amp#27;[0m Waiting up to 5000 ms for condition
&amp#27;[38;5;32m[AndroidUiautomator2Driver@20e3 (2eb8af4b)]&amp#27;[0m Matched '/element' to command name 'findElement'
&amp#27;[38;5;32m[AndroidUiautomator2Driver@20e3 (2eb8af4b)]&amp#27;[0m Proxying [POST /element] to [POST http://127.0.0.1:8200/session/9d67d8fb-4a7d-4886-b012-0b0e31d22bf2/element] with body: {"strategy":"id","selector":"com.androidsample.generalstore:id/spinnerCountry","context":"","multiple":false}
&amp#27;[38;5;32m[AndroidUiautomator2Driver@20e3 (2eb8af4b)]&amp#27;[0m Got response with status 200: {"sessionId":"9d67d8fb-4a7d-4886-b012-0b0e31d22bf2","value":{"ELEMENT":"00000000-0000-01c3-ffff-ffff0000001a","element-6066-11e4-a52e-4f735466cecf":"00000000-0000-01c3-ffff-ffff0000001a"}}
&amp#27;[38;5;32m[AndroidUiautomator2Driver@20e3 (2eb8af4b)]&amp#27;[0m Responding to client with driver.findElement() result: {"element-6066-11e4-a52e-4f735466cecf":"00000000-0000-01c3-ffff-ffff0000001a","ELEMENT":"00000000-0000-01c3-ffff-ffff0000001a"}
&amp#27;[38;5;0m[HTTP]&amp#27;[0m &amp#27;[37m<-- POST /session/2eb8af4b-f6f5-46ef-858a-418a2cc165ce/element &amp#27;[39m&amp#27;[32m200&amp#27;[39m &amp#27;[90m799 ms - 137&amp#27;[39m
&amp#27;[38;5;0m[HTTP]&amp#27;[0m &amp#27;[90m&amp#27;[39m
&amp#27;[38;5;0m[HTTP]&amp#27;[0m &amp#27;[37m-->&amp#27;[39m &amp#27;[37mPOST&amp#27;[39m &amp#27;[37m/session/2eb8af4b-f6f5-46ef-858a-418a2cc165ce/element/00000000-0000-01c3-ffff-ffff0000001a/click&amp#27;[39m
&amp#27;[38;5;0m[HTTP]&amp#27;[0m &amp#27;[90m{"id":"00000000-0000-01c3-ffff-ffff0000001a"}&amp#27;[39m
&amp#27;[38;5;32m[AndroidUiautomator2Driver@20e3 (2eb8af4b)]&amp#27;[0m Calling AppiumDriver.click() with args: ["00000000-0000-01c3-ffff-ffff0000001a","2eb8af4b-f6f5-46ef-858a-418a2cc165ce"]
&amp#27;[38;5;32m[AndroidUiautomator2Driver@20e3 (2eb8af4b)]&amp#27;[0m Matched '/element/00000000-0000-01c3-ffff-ffff0000001a/click' to command name 'click'
&amp#27;[38;5;32m[AndroidUiautomator2Driver@20e3 (2eb8af4b)]&amp#27;[0m Proxying [POST /element/00000000-0000-01c3-ffff-ffff0000001a/click] to [POST http://127.0.0.1:8200/session/9d67d8fb-4a7d-4886-b012-0b0e31d22bf2/element/00000000-0000-01c3-ffff-ffff0000001a/click] with body: {"element":"00000000-0000-01c3-ffff-ffff0000001a"}
&amp#27;[38;5;32m[AndroidUiautomator2Driver@20e3 (2eb8af4b)]&amp#27;[0m Got response with status 200: {"sessionId":"9d67d8fb-4a7d-4886-b012-0b0e31d22bf2","value":null}
&amp#27;[38;5;32m[AndroidUiautomator2Driver@20e3 (2eb8af4b)]&amp#27;[0m Responding to client with driver.click() result: null
&amp#27;[38;5;0m[HTTP]&amp#27;[0m &amp#27;[37m<-- POST /session/2eb8af4b-f6f5-46ef-858a-418a2cc165ce/element/00000000-0000-01c3-ffff-ffff0000001a/click &amp#27;[39m&amp#27;[32m200&amp#27;[39m &amp#27;[90m124 ms - 14&amp#27;[39m
&amp#27;[38;5;0m[HTTP]&amp#27;[0m &amp#27;[90m&amp#27;[39m
&amp#27;[38;5;0m[HTTP]&amp#27;[0m &amp#27;[37m-->&amp#27;[39m &amp#27;[37mPOST&amp#27;[39m &amp#27;[37m/session/2eb8af4b-f6f5-46ef-858a-418a2cc165ce/element&amp#27;[39m
&amp#27;[38;5;0m[HTTP]&amp#27;[0m &amp#27;[90m{"value":"new UiScrollable(new UiSelector()).scrollIntoView(text(\"Brazil\"));","using":"-android uiautomator"}&amp#27;[39m
&amp#27;[38;5;32m[AndroidUiautomator2Driver@20e3 (2eb8af4b)]&amp#27;[0m Calling AppiumDriver.findElement() with args: ["-android uiautomator","new UiScrollable(new UiSelector()).scrollIntoView(text(\"Brazil\"));","2eb8af4b-f6f5-46ef-858a-418a2cc165ce"]
&amp#27;[38;5;32m[AndroidUiautomator2Driver@20e3 (2eb8af4b)]&amp#27;[0m Valid locator strategies for this request: xpath, id, class name, accessibility id, css selector, -android uiautomator
&amp#27;[38;5;32m[AndroidUiautomator2Driver@20e3 (2eb8af4b)]&amp#27;[0m Waiting up to 5000 ms for condition
&amp#27;[38;5;32m[AndroidUiautomator2Driver@20e3 (2eb8af4b)]&amp#27;[0m Matched '/element' to command name 'findElement'
&amp#27;[38;5;32m[AndroidUiautomator2Driver@20e3 (2eb8af4b)]&amp#27;[0m Proxying [POST /element] to [POST http://127.0.0.1:8200/session/9d67d8fb-4a7d-4886-b012-0b0e31d22bf2/element] with body: {"strategy":"-android uiautomator","selector":"new UiScrollable(new UiSelector()).scrollIntoView(text(\"Brazil\"));","context":"","multiple":false}
&amp#27;[38;5;32m[AndroidUiautomator2Driver@20e3 (2eb8af4b)]&amp#27;[0m Got response with status 200: {"sessionId":"9d67d8fb-4a7d-4886-b012-0b0e31d22bf2","value":{"ELEMENT":"00000000-0000-01c6-ffff-ffff0000006f","element-6066-11e4-a52e-4f735466cecf":"00000000-0000-01c6-ffff-ffff0000006f"}}
&amp#27;[38;5;32m[AndroidUiautomator2Driver@20e3 (2eb8af4b)]&amp#27;[0m Responding to client with driver.findElement() result: {"element-6066-11e4-a52e-4f735466cecf":"00000000-0000-01c6-ffff-ffff0000006f","ELEMENT":"00000000-0000-01c6-ffff-ffff0000006f"}
&amp#27;[38;5;0m[HTTP]&amp#27;[0m &amp#27;[37m<-- POST /session/2eb8af4b-f6f5-46ef-858a-418a2cc165ce/element &amp#27;[39m&amp#27;[32m200&amp#27;[39m &amp#27;[90m12278 ms - 137&amp#27;[39m
&amp#27;[38;5;0m[HTTP]&amp#27;[0m &amp#27;[90m&amp#27;[39m
&amp#27;[38;5;0m[HTTP]&amp#27;[0m &amp#27;[37m-->&amp#27;[39m &amp#27;[37mPOST&amp#27;[39m &amp#27;[37m/session/2eb8af4b-f6f5-46ef-858a-418a2cc165ce/element&amp#27;[39m
&amp#27;[38;5;0m[HTTP]&amp#27;[0m &amp#27;[90m{"value":"//*[@text='Brazil']","using":"xpath"}&amp#27;[39m
&amp#27;[38;5;32m[AndroidUiautomator2Driver@20e3 (2eb8af4b)]&amp#27;[0m Calling AppiumDriver.findElement() with args: ["xpath","//*[@text='Brazil']","2eb8af4b-f6f5-46ef-858a-418a2cc165ce"]
&amp#27;[38;5;32m[AndroidUiautomator2Driver@20e3 (2eb8af4b)]&amp#27;[0m Valid locator strategies for this request: xpath, id, class name, accessibility id, css selector, -android uiautomator
&amp#27;[38;5;32m[AndroidUiautomator2Driver@20e3 (2eb8af4b)]&amp#27;[0m Waiting up to 5000 ms for condition
&amp#27;[38;5;32m[AndroidUiautomator2Driver@20e3 (2eb8af4b)]&amp#27;[0m Matched '/element' to command name 'findElement'
&amp#27;[38;5;32m[AndroidUiautomator2Driver@20e3 (2eb8af4b)]&amp#27;[0m Proxying [POST /element] to [POST http://127.0.0.1:8200/session/9d67d8fb-4a7d-4886-b012-0b0e31d22bf2/element] with body: {"strategy":"xpath","selector":"//*[@text='Brazil']","context":"","multiple":false}
&amp#27;[38;5;32m[AndroidUiautomator2Driver@20e3 (2eb8af4b)]&amp#27;[0m Got response with status 200: {"sessionId":"9d67d8fb-4a7d-4886-b012-0b0e31d22bf2","value":{"ELEMENT":"00000000-0000-01c6-ffff-ffff0000006f","element-6066-11e4-a52e-4f735466cecf":"00000000-0000-01c6-ffff-ffff0000006f"}}
&amp#27;[38;5;32m[AndroidUiautomator2Driver@20e3 (2eb8af4b)]&amp#27;[0m Responding to client with driver.findElement() result: {"element-6066-11e4-a52e-4f735466cecf":"00000000-0000-01c6-ffff-ffff0000006f","ELEMENT":"00000000-0000-01c6-ffff-ffff0000006f"}
&amp#27;[38;5;0m[HTTP]&amp#27;[0m &amp#27;[37m<-- POST /session/2eb8af4b-f6f5-46ef-858a-418a2cc165ce/element &amp#27;[39m&amp#27;[32m200&amp#27;[39m &amp#27;[90m254 ms - 137&amp#27;[39m
&amp#27;[38;5;0m[HTTP]&amp#27;[0m &amp#27;[90m&amp#27;[39m
&amp#27;[38;5;0m[HTTP]&amp#27;[0m &amp#27;[37m-->&amp#27;[39m &amp#27;[37mPOST&amp#27;[39m &amp#27;[37m/session/2eb8af4b-f6f5-46ef-858a-418a2cc165ce/element/00000000-0000-01c6-ffff-ffff0000006f/click&amp#27;[39m
&amp#27;[38;5;0m[HTTP]&amp#27;[0m &amp#27;[90m{"id":"00000000-0000-01c6-ffff-ffff0000006f"}&amp#27;[39m
&amp#27;[38;5;32m[AndroidUiautomator2Driver@20e3 (2eb8af4b)]&amp#27;[0m Calling AppiumDriver.click() with args: ["00000000-0000-01c6-ffff-ffff0000006f","2eb8af4b-f6f5-46ef-858a-418a2cc165ce"]
&amp#27;[38;5;32m[AndroidUiautomator2Driver@20e3 (2eb8af4b)]&amp#27;[0m Matched '/element/00000000-0000-01c6-ffff-ffff0000006f/click' to command name 'click'
&amp#27;[38;5;32m[AndroidUiautomator2Driver@20e3 (2eb8af4b)]&amp#27;[0m Proxying [POST /element/00000000-0000-01c6-ffff-ffff0000006f/click] to [POST http://127.0.0.1:8200/session/9d67d8fb-4a7d-4886-b012-0b0e31d22bf2/element/00000000-0000-01c6-ffff-ffff0000006f/click] with body: {"element":"00000000-0000-01c6-ffff-ffff0000006f"}
&amp#27;[38;5;32m[AndroidUiautomator2Driver@20e3 (2eb8af4b)]&amp#27;[0m Got response with status 200: {"sessionId":"9d67d8fb-4a7d-4886-b012-0b0e31d22bf2","value":null}
&amp#27;[38;5;32m[AndroidUiautomator2Driver@20e3 (2eb8af4b)]&amp#27;[0m Responding to client with driver.click() result: null
&amp#27;[38;5;0m[HTTP]&amp#27;[0m &amp#27;[37m<-- POST /session/2eb8af4b-f6f5-46ef-858a-418a2cc165ce/element/00000000-0000-01c6-ffff-ffff0000006f/click &amp#27;[39m&amp#27;[32m200&amp#27;[39m &amp#27;[90m762 ms - 14&amp#27;[39m
&amp#27;[38;5;0m[HTTP]&amp#27;[0m &amp#27;[90m&amp#27;[39m
&amp#27;[38;5;0m[HTTP]&amp#27;[0m &amp#27;[37m-->&amp#27;[39m &amp#27;[37mGET&amp#27;[39m &amp#27;[37m/session/2eb8af4b-f6f5-46ef-858a-418a2cc165ce/context&amp#27;[39m
&amp#27;[38;5;0m[HTTP]&amp#27;[0m &amp#27;[90m{}&amp#27;[39m
&amp#27;[38;5;32m[AndroidUiautomator2Driver@20e3 (2eb8af4b)]&amp#27;[0m Calling AppiumDriver.getCurrentContext() with args: ["2eb8af4b-f6f5-46ef-858a-418a2cc165ce"]
&amp#27;[38;5;32m[AndroidUiautomator2Driver@20e3 (2eb8af4b)]&amp#27;[0m Responding to client with driver.getCurrentContext() result: "NATIVE_APP"
&amp#27;[38;5;0m[HTTP]&amp#27;[0m &amp#27;[37m<-- GET /session/2eb8af4b-f6f5-46ef-858a-418a2cc165ce/context &amp#27;[39m&amp#27;[32m200&amp#27;[39m &amp#27;[90m2 ms - 22&amp#27;[39m
&amp#27;[38;5;0m[HTTP]&amp#27;[0m &amp#27;[90m&amp#27;[39m
&amp#27;[38;5;0m[HTTP]&amp#27;[0m &amp#27;[37m-->&amp#27;[39m &amp#27;[37mPOST&amp#27;[39m &amp#27;[37m/session/2eb8af4b-f6f5-46ef-858a-418a2cc165ce/element&amp#27;[39m
&amp#27;[38;5;0m[HTTP]&amp#27;[0m &amp#27;[90m{"value":"android.widget.Button","using":"class name"}&amp#27;[39m
&amp#27;[38;5;32m[AndroidUiautomator2Driver@20e3 (2eb8af4b)]&amp#27;[0m Calling AppiumDriver.findElement() with args: ["class name","android.widget.Button","2eb8af4b-f6f5-46ef-858a-418a2cc165ce"]
&amp#27;[38;5;32m[AndroidUiautomator2Driver@20e3 (2eb8af4b)]&amp#27;[0m Valid locator strategies for this request: xpath, id, class name, accessibility id, css selector, -android uiautomator
&amp#27;[38;5;32m[AndroidUiautomator2Driver@20e3 (2eb8af4b)]&amp#27;[0m Waiting up to 5000 ms for condition
&amp#27;[38;5;32m[AndroidUiautomator2Driver@20e3 (2eb8af4b)]&amp#27;[0m Matched '/element' to command name 'findElement'
&amp#27;[38;5;32m[AndroidUiautomator2Driver@20e3 (2eb8af4b)]&amp#27;[0m Proxying [POST /element] to [POST http://127.0.0.1:8200/session/9d67d8fb-4a7d-4886-b012-0b0e31d22bf2/element] with body: {"strategy":"class name","selector":"android.widget.Button","context":"","multiple":false}
&amp#27;[38;5;32m[AndroidUiautomator2Driver@20e3 (2eb8af4b)]&amp#27;[0m Got response with status 200: {"sessionId":"9d67d8fb-4a7d-4886-b012-0b0e31d22bf2","value":{"ELEMENT":"00000000-0000-01c3-ffff-ffff00000021","element-6066-11e4-a52e-4f735466cecf":"00000000-0000-01c3-ffff-ffff00000021"}}
&amp#27;[38;5;32m[AndroidUiautomator2Driver@20e3 (2eb8af4b)]&amp#27;[0m Responding to client with driver.findElement() result: {"element-6066-11e4-a52e-4f735466cecf":"00000000-0000-01c3-ffff-ffff00000021","ELEMENT":"00000000-0000-01c3-ffff-ffff00000021"}
&amp#27;[38;5;0m[HTTP]&amp#27;[0m &amp#27;[37m<-- POST /session/2eb8af4b-f6f5-46ef-858a-418a2cc165ce/element &amp#27;[39m&amp#27;[32m200&amp#27;[39m &amp#27;[90m262 ms - 137&amp#27;[39m
&amp#27;[38;5;0m[HTTP]&amp#27;[0m &amp#27;[90m&amp#27;[39m
&amp#27;[38;5;0m[HTTP]&amp#27;[0m &amp#27;[37m-->&amp#27;[39m &amp#27;[37mPOST&amp#27;[39m &amp#27;[37m/session/2eb8af4b-f6f5-46ef-858a-418a2cc165ce/element/00000000-0000-01c3-ffff-ffff00000021/click&amp#27;[39m
&amp#27;[38;5;0m[HTTP]&amp#27;[0m &amp#27;[90m{"id":"00000000-0000-01c3-ffff-ffff00000021"}&amp#27;[39m
&amp#27;[38;5;32m[AndroidUiautomator2Driver@20e3 (2eb8af4b)]&amp#27;[0m Calling AppiumDriver.click() with args: ["00000000-0000-01c3-ffff-ffff00000021","2eb8af4b-f6f5-46ef-858a-418a2cc165ce"]
&amp#27;[38;5;32m[AndroidUiautomator2Driver@20e3 (2eb8af4b)]&amp#27;[0m Matched '/element/00000000-0000-01c3-ffff-ffff00000021/click' to command name 'click'
&amp#27;[38;5;32m[AndroidUiautomator2Driver@20e3 (2eb8af4b)]&amp#27;[0m Proxying [POST /element/00000000-0000-01c3-ffff-ffff00000021/click] to [POST http://127.0.0.1:8200/session/9d67d8fb-4a7d-4886-b012-0b0e31d22bf2/element/00000000-0000-01c3-ffff-ffff00000021/click] with body: {"element":"00000000-0000-01c3-ffff-ffff00000021"}
&amp#27;[38;5;32m[AndroidUiautomator2Driver@20e3 (2eb8af4b)]&amp#27;[0m Got response with status 200: {"sessionId":"9d67d8fb-4a7d-4886-b012-0b0e31d22bf2","value":null}
&amp#27;[38;5;32m[AndroidUiautomator2Driver@20e3 (2eb8af4b)]&amp#27;[0m Responding to client with driver.click() result: null
&amp#27;[38;5;0m[HTTP]&amp#27;[0m &amp#27;[37m<-- POST /session/2eb8af4b-f6f5-46ef-858a-418a2cc165ce/element/00000000-0000-01c3-ffff-ffff00000021/click &amp#27;[39m&amp#27;[32m200&amp#27;[39m &amp#27;[90m136 ms - 14&amp#27;[39m
&amp#27;[38;5;0m[HTTP]&amp#27;[0m &amp#27;[90m&amp#27;[39m
&amp#27;[38;5;0m[HTTP]&amp#27;[0m &amp#27;[37m-->&amp#27;[39m &amp#27;[37mGET&amp#27;[39m &amp#27;[37m/session/2eb8af4b-f6f5-46ef-858a-418a2cc165ce/context&amp#27;[39m
&amp#27;[38;5;0m[HTTP]&amp#27;[0m &amp#27;[90m{}&amp#27;[39m
&amp#27;[38;5;32m[AndroidUiautomator2Driver@20e3 (2eb8af4b)]&amp#27;[0m Calling AppiumDriver.getCurrentContext() with args: ["2eb8af4b-f6f5-46ef-858a-418a2cc165ce"]
&amp#27;[38;5;32m[AndroidUiautomator2Driver@20e3 (2eb8af4b)]&amp#27;[0m Responding to client with driver.getCurrentContext() result: "NATIVE_APP"
&amp#27;[38;5;0m[HTTP]&amp#27;[0m &amp#27;[37m<-- GET /session/2eb8af4b-f6f5-46ef-858a-418a2cc165ce/context &amp#27;[39m&amp#27;[32m200&amp#27;[39m &amp#27;[90m1 ms - 22&amp#27;[39m
&amp#27;[38;5;0m[HTTP]&amp#27;[0m &amp#27;[90m&amp#27;[39m
&amp#27;[38;5;0m[HTTP]&amp#27;[0m &amp#27;[37m-->&amp#27;[39m &amp#27;[37mPOST&amp#27;[39m &amp#27;[37m/session/2eb8af4b-f6f5-46ef-858a-418a2cc165ce/elements&amp#27;[39m
&amp#27;[38;5;0m[HTTP]&amp#27;[0m &amp#27;[90m{"value":"(//android.widget.Toast)[1]","using":"xpath"}&amp#27;[39m
&amp#27;[38;5;32m[AndroidUiautomator2Driver@20e3 (2eb8af4b)]&amp#27;[0m Calling AppiumDriver.findElements() with args: ["xpath","(//android.widget.Toast)[1]","2eb8af4b-f6f5-46ef-858a-418a2cc165ce"]
&amp#27;[38;5;32m[AndroidUiautomator2Driver@20e3 (2eb8af4b)]&amp#27;[0m Valid locator strategies for this request: xpath, id, class name, accessibility id, css selector, -android uiautomator
&amp#27;[38;5;32m[AndroidUiautomator2Driver@20e3 (2eb8af4b)]&amp#27;[0m Waiting up to 5000 ms for condition
&amp#27;[38;5;32m[AndroidUiautomator2Driver@20e3 (2eb8af4b)]&amp#27;[0m Matched '/elements' to command name 'findElements'
&amp#27;[38;5;32m[AndroidUiautomator2Driver@20e3 (2eb8af4b)]&amp#27;[0m Proxying [POST /elements] to [POST http://127.0.0.1:8200/session/9d67d8fb-4a7d-4886-b012-0b0e31d22bf2/elements] with body: {"strategy":"xpath","selector":"(//android.widget.Toast)[1]","context":"","multiple":true}
&amp#27;[38;5;32m[AndroidUiautomator2Driver@20e3 (2eb8af4b)]&amp#27;[0m Got response with status 200: {"sessionId":"9d67d8fb-4a7d-4886-b012-0b0e31d22bf2","value":[]}
&amp#27;[38;5;32m[AndroidUiautomator2Driver@20e3 (2eb8af4b)]&amp#27;[0m Waited for 1784 ms so far
&amp#27;[38;5;32m[AndroidUiautomator2Driver@20e3 (2eb8af4b)]&amp#27;[0m Matched '/elements' to command name 'findElements'
&amp#27;[38;5;32m[AndroidUiautomator2Driver@20e3 (2eb8af4b)]&amp#27;[0m Proxying [POST /elements] to [POST http://127.0.0.1:8200/session/9d67d8fb-4a7d-4886-b012-0b0e31d22bf2/elements] with body: {"strategy":"xpath","selector":"(//android.widget.Toast)[1]","context":"","multiple":true}
&amp#27;[38;5;32m[AndroidUiautomator2Driver@20e3 (2eb8af4b)]&amp#27;[0m Got response with status 200: {"sessionId":"9d67d8fb-4a7d-4886-b012-0b0e31d22bf2","value":[]}
&amp#27;[38;5;32m[AndroidUiautomator2Driver@20e3 (2eb8af4b)]&amp#27;[0m Waited for 2511 ms so far
&amp#27;[38;5;32m[AndroidUiautomator2Driver@20e3 (2eb8af4b)]&amp#27;[0m Matched '/elements' to command name 'findElements'
&amp#27;[38;5;32m[AndroidUiautomator2Driver@20e3 (2eb8af4b)]&amp#27;[0m Proxying [POST /elements] to [POST http://127.0.0.1:8200/session/9d67d8fb-4a7d-4886-b012-0b0e31d22bf2/elements] with body: {"strategy":"xpath","selector":"(//android.widget.Toast)[1]","context":"","multiple":true}
&amp#27;[38;5;32m[AndroidUiautomator2Driver@20e3 (2eb8af4b)]&amp#27;[0m Got response with status 200: {"sessionId":"9d67d8fb-4a7d-4886-b012-0b0e31d22bf2","value":[]}
&amp#27;[38;5;32m[AndroidUiautomator2Driver@20e3 (2eb8af4b)]&amp#27;[0m Waited for 3447 ms so far
&amp#27;[38;5;32m[AndroidUiautomator2Driver@20e3 (2eb8af4b)]&amp#27;[0m Matched '/elements' to command name 'findElements'
&amp#27;[38;5;32m[AndroidUiautomator2Driver@20e3 (2eb8af4b)]&amp#27;[0m Proxying [POST /elements] to [POST http://127.0.0.1:8200/session/9d67d8fb-4a7d-4886-b012-0b0e31d22bf2/elements] with body: {"strategy":"xpath","selector":"(//android.widget.Toast)[1]","context":"","multiple":true}
&amp#27;[38;5;32m[AndroidUiautomator2Driver@20e3 (2eb8af4b)]&amp#27;[0m Got response with status 200: {"sessionId":"9d67d8fb-4a7d-4886-b012-0b0e31d22bf2","value":[]}
&amp#27;[38;5;32m[AndroidUiautomator2Driver@20e3 (2eb8af4b)]&amp#27;[0m Waited for 4347 ms so far
&amp#27;[38;5;32m[AndroidUiautomator2Driver@20e3 (2eb8af4b)]&amp#27;[0m Matched '/elements' to command name 'findElements'
&amp#27;[38;5;32m[AndroidUiautomator2Driver@20e3 (2eb8af4b)]&amp#27;[0m Proxying [POST /elements] to [POST http://127.0.0.1:8200/session/9d67d8fb-4a7d-4886-b012-0b0e31d22bf2/elements] with body: {"strategy":"xpath","selector":"(//android.widget.Toast)[1]","context":"","multiple":true}
&amp#27;[38;5;32m[AndroidUiautomator2Driver@20e3 (2eb8af4b)]&amp#27;[0m Got response with status 200: {"sessionId":"9d67d8fb-4a7d-4886-b012-0b0e31d22bf2","value":[]}
&amp#27;[38;5;32m[AndroidUiautomator2Driver@20e3 (2eb8af4b)]&amp#27;[0m Responding to client with driver.findElements() result: []
&amp#27;[38;5;0m[HTTP]&amp#27;[0m &amp#27;[37m<-- POST /session/2eb8af4b-f6f5-46ef-858a-418a2cc165ce/elements &amp#27;[39m&amp#27;[32m200&amp#27;[39m &amp#27;[90m5227 ms - 12&amp#27;[39m
&amp#27;[38;5;0m[HTTP]&amp#27;[0m &amp#27;[90m&amp#27;[39m
&amp#27;[38;5;0m[HTTP]&amp#27;[0m &amp#27;[37m-->&amp#27;[39m &amp#27;[37mPOST&amp#27;[39m &amp#27;[37m/session/2eb8af4b-f6f5-46ef-858a-418a2cc165ce/execute/sync&amp#27;[39m
&amp#27;[38;5;0m[HTTP]&amp#27;[0m &amp#27;[90m{"script":"mobile: pressKey","args":[{"keycode":4}]}&amp#27;[39m
&amp#27;[38;5;32m[AndroidUiautomator2Driver@20e3 (2eb8af4b)]&amp#27;[0m Calling AppiumDriver.execute() with args: ["mobile: pressKey",[{"keycode":4}],"2eb8af4b-f6f5-46ef-858a-418a2cc165ce"]
&amp#27;[38;5;32m[AndroidUiautomator2Driver@20e3 (2eb8af4b)]&amp#27;[0m Executing native command 'mobile: pressKey'
&amp#27;[38;5;32m[AndroidUiautomator2Driver@20e3 (2eb8af4b)]&amp#27;[0m Matched '/appium/device/press_keycode' to command name 'pressKeyCode'
&amp#27;[38;5;32m[AndroidUiautomator2Driver@20e3 (2eb8af4b)]&amp#27;[0m Proxying [POST /appium/device/press_keycode] to [POST http://127.0.0.1:8200/session/9d67d8fb-4a7d-4886-b012-0b0e31d22bf2/appium/device/press_keycode] with body: {"keycode":4}
&amp#27;[38;5;32m[AndroidUiautomator2Driver@20e3 (2eb8af4b)]&amp#27;[0m Got response with status 200: {"sessionId":"9d67d8fb-4a7d-4886-b012-0b0e31d22bf2","value":null}
&amp#27;[38;5;32m[AndroidUiautomator2Driver@20e3 (2eb8af4b)]&amp#27;[0m Responding to client with driver.execute() result: null
&amp#27;[38;5;0m[HTTP]&amp#27;[0m &amp#27;[37m<-- POST /session/2eb8af4b-f6f5-46ef-858a-418a2cc165ce/execute/sync &amp#27;[39m&amp#27;[32m200&amp#27;[39m &amp#27;[90m747 ms - 14&amp#27;[39m
&amp#27;[38;5;0m[HTTP]&amp#27;[0m &amp#27;[90m&amp#27;[39m
]]></system-out>
  </testcase>
  <testcase name="totalAmountMatching" classname="testautomation.eCommerce_E2E_tc2" time="18.99">
    <system-out><![CDATA[&amp#27;[38;5;0m[HTTP]&amp#27;[0m &amp#27;[37m-->&amp#27;[39m &amp#27;[37mGET&amp#27;[39m &amp#27;[37m/session/2eb8af4b-f6f5-46ef-858a-418a2cc165ce/context&amp#27;[39m
&amp#27;[38;5;0m[HTTP]&amp#27;[0m &amp#27;[90m{}&amp#27;[39m
&amp#27;[38;5;32m[AndroidUiautomator2Driver@20e3 (2eb8af4b)]&amp#27;[0m Calling AppiumDriver.getCurrentContext() with args: ["2eb8af4b-f6f5-46ef-858a-418a2cc165ce"]
&amp#27;[38;5;32m[AndroidUiautomator2Driver@20e3 (2eb8af4b)]&amp#27;[0m Responding to client with driver.getCurrentContext() result: "NATIVE_APP"
&amp#27;[38;5;0m[HTTP]&amp#27;[0m &amp#27;[37m<-- GET /session/2eb8af4b-f6f5-46ef-858a-418a2cc165ce/context &amp#27;[39m&amp#27;[32m200&amp#27;[39m &amp#27;[90m1 ms - 22&amp#27;[39m
&amp#27;[38;5;0m[HTTP]&amp#27;[0m &amp#27;[90m&amp#27;[39m
&amp#27;[38;5;0m[HTTP]&amp#27;[0m &amp#27;[37m-->&amp#27;[39m &amp#27;[37mPOST&amp#27;[39m &amp#27;[37m/session/2eb8af4b-f6f5-46ef-858a-418a2cc165ce/element&amp#27;[39m
&amp#27;[38;5;0m[HTTP]&amp#27;[0m &amp#27;[90m{"value":"com.androidsample.generalstore:id/nameField","using":"id"}&amp#27;[39m
&amp#27;[38;5;32m[AndroidUiautomator2Driver@20e3 (2eb8af4b)]&amp#27;[0m Calling AppiumDriver.findElement() with args: ["id","com.androidsample.generalstore:id/nameField","2eb8af4b-f6f5-46ef-858a-418a2cc165ce"]
&amp#27;[38;5;32m[AndroidUiautomator2Driver@20e3 (2eb8af4b)]&amp#27;[0m Valid locator strategies for this request: xpath, id, class name, accessibility id, css selector, -android uiautomator
&amp#27;[38;5;32m[AndroidUiautomator2Driver@20e3 (2eb8af4b)]&amp#27;[0m Waiting up to 5000 ms for condition
&amp#27;[38;5;32m[AndroidUiautomator2Driver@20e3 (2eb8af4b)]&amp#27;[0m Matched '/element' to command name 'findElement'
&amp#27;[38;5;32m[AndroidUiautomator2Driver@20e3 (2eb8af4b)]&amp#27;[0m Proxying [POST /element] to [POST http://127.0.0.1:8200/session/9d67d8fb-4a7d-4886-b012-0b0e31d22bf2/element] with body: {"strategy":"id","selector":"com.androidsample.generalstore:id/nameField","context":"","multiple":false}
&amp#27;[38;5;32m[AndroidUiautomator2Driver@20e3 (2eb8af4b)]&amp#27;[0m Got response with status 200: {"sessionId":"9d67d8fb-4a7d-4886-b012-0b0e31d22bf2","value":{"ELEMENT":"00000000-0000-01c3-ffff-ffff0000001c","element-6066-11e4-a52e-4f735466cecf":"00000000-0000-01c3-ffff-ffff0000001c"}}
&amp#27;[38;5;32m[AndroidUiautomator2Driver@20e3 (2eb8af4b)]&amp#27;[0m Responding to client with driver.findElement() result: {"element-6066-11e4-a52e-4f735466cecf":"00000000-0000-01c3-ffff-ffff0000001c","ELEMENT":"00000000-0000-01c3-ffff-ffff0000001c"}
&amp#27;[38;5;0m[HTTP]&amp#27;[0m &amp#27;[37m<-- POST /session/2eb8af4b-f6f5-46ef-858a-418a2cc165ce/element &amp#27;[39m&amp#27;[32m200&amp#27;[39m &amp#27;[90m699 ms - 137&amp#27;[39m
&amp#27;[38;5;0m[HTTP]&amp#27;[0m &amp#27;[90m&amp#27;[39m
&amp#27;[38;5;0m[HTTP]&amp#27;[0m &amp#27;[37m-->&amp#27;[39m &amp#27;[37mPOST&amp#27;[39m &amp#27;[37m/session/2eb8af4b-f6f5-46ef-858a-418a2cc165ce/element/00000000-0000-01c3-ffff-ffff0000001c/value&amp#27;[39m
&amp#27;[38;5;0m[HTTP]&amp#27;[0m &amp#27;[90m{"text":"Testing","value":["T","e","s","t","i","n","g"],"id":"00000000-0000-01c3-ffff-ffff0000001c"}&amp#27;[39m
&amp#27;[38;5;32m[AndroidUiautomator2Driver@20e3 (2eb8af4b)]&amp#27;[0m Calling AppiumDriver.setValue() with args: [["T","e","s","t","i","n","g"],"00000000-0000-01c3-ffff-ffff0000001c","2eb8af4b-f6f5-46ef-858a-418a2cc165ce"]
&amp#27;[38;5;32m[AndroidUiautomator2Driver@20e3 (2eb8af4b)]&amp#27;[0m Matched '/element/00000000-0000-01c3-ffff-ffff0000001c/value' to command name 'setValue'
&amp#27;[38;5;32m[AndroidUiautomator2Driver@20e3 (2eb8af4b)]&amp#27;[0m Added 'value' property ["T","e","s","t","i","n","g"] to 'setValue' request body
&amp#27;[38;5;32m[AndroidUiautomator2Driver@20e3 (2eb8af4b)]&amp#27;[0m Proxying [POST /element/00000000-0000-01c3-ffff-ffff0000001c/value] to [POST http://127.0.0.1:8200/session/9d67d8fb-4a7d-4886-b012-0b0e31d22bf2/element/00000000-0000-01c3-ffff-ffff0000001c/value] with body: {"elementId":"00000000-0000-01c3-ffff-ffff0000001c","text":"Testing","replace":false,"value":["T","e","s","t","i","n","g"]}
&amp#27;[38;5;32m[AndroidUiautomator2Driver@20e3 (2eb8af4b)]&amp#27;[0m Got response with status 200: {"sessionId":"9d67d8fb-4a7d-4886-b012-0b0e31d22bf2","value":null}
&amp#27;[38;5;32m[AndroidUiautomator2Driver@20e3 (2eb8af4b)]&amp#27;[0m Responding to client with driver.setValue() result: null
&amp#27;[38;5;0m[HTTP]&amp#27;[0m &amp#27;[37m<-- POST /session/2eb8af4b-f6f5-46ef-858a-418a2cc165ce/element/00000000-0000-01c3-ffff-ffff0000001c/value &amp#27;[39m&amp#27;[32m200&amp#27;[39m &amp#27;[90m860 ms - 14&amp#27;[39m
&amp#27;[38;5;0m[HTTP]&amp#27;[0m &amp#27;[90m&amp#27;[39m
&amp#27;[38;5;0m[HTTP]&amp#27;[0m &amp#27;[37m-->&amp#27;[39m &amp#27;[37mPOST&amp#27;[39m &amp#27;[37m/session/2eb8af4b-f6f5-46ef-858a-418a2cc165ce/execute/sync&amp#27;[39m
&amp#27;[38;5;0m[HTTP]&amp#27;[0m &amp#27;[90m{"script":"mobile: hideKeyboard","args":[]}&amp#27;[39m
&amp#27;[38;5;32m[AndroidUiautomator2Driver@20e3 (2eb8af4b)]&amp#27;[0m Calling AppiumDriver.execute() with args: ["mobile: hideKeyboard",[],"2eb8af4b-f6f5-46ef-858a-418a2cc165ce"]
&amp#27;[38;5;32m[AndroidUiautomator2Driver@20e3 (2eb8af4b)]&amp#27;[0m Executing native command 'mobile: hideKeyboard'
&amp#27;[38;5;48m[ADB]&amp#27;[0m Running 'C:\Users\Sabir\AppData\Local\Android\Sdk\platform-tools\adb.exe -P 5037 -s R58T10BJQHK shell dumpsys input_method'
&amp#27;[38;5;48m[ADB]&amp#27;[0m Keyboard has no UI; no closing necessary
&amp#27;[38;5;32m[AndroidUiautomator2Driver@20e3 (2eb8af4b)]&amp#27;[0m Responding to client with driver.execute() result: false
&amp#27;[38;5;0m[HTTP]&amp#27;[0m &amp#27;[37m<-- POST /session/2eb8af4b-f6f5-46ef-858a-418a2cc165ce/execute/sync &amp#27;[39m&amp#27;[32m200&amp#27;[39m &amp#27;[90m115 ms - 15&amp#27;[39m
&amp#27;[38;5;0m[HTTP]&amp#27;[0m &amp#27;[90m&amp#27;[39m
&amp#27;[38;5;0m[HTTP]&amp#27;[0m &amp#27;[37m-->&amp#27;[39m &amp#27;[37mGET&amp#27;[39m &amp#27;[37m/session/2eb8af4b-f6f5-46ef-858a-418a2cc165ce/context&amp#27;[39m
&amp#27;[38;5;0m[HTTP]&amp#27;[0m &amp#27;[90m{}&amp#27;[39m
&amp#27;[38;5;32m[AndroidUiautomator2Driver@20e3 (2eb8af4b)]&amp#27;[0m Calling AppiumDriver.getCurrentContext() with args: ["2eb8af4b-f6f5-46ef-858a-418a2cc165ce"]
&amp#27;[38;5;32m[AndroidUiautomator2Driver@20e3 (2eb8af4b)]&amp#27;[0m Responding to client with driver.getCurrentContext() result: "NATIVE_APP"
&amp#27;[38;5;0m[HTTP]&amp#27;[0m &amp#27;[37m<-- GET /session/2eb8af4b-f6f5-46ef-858a-418a2cc165ce/context &amp#27;[39m&amp#27;[32m200&amp#27;[39m &amp#27;[90m1 ms - 22&amp#27;[39m
&amp#27;[38;5;0m[HTTP]&amp#27;[0m &amp#27;[90m&amp#27;[39m
&amp#27;[38;5;0m[HTTP]&amp#27;[0m &amp#27;[37m-->&amp#27;[39m &amp#27;[37mPOST&amp#27;[39m &amp#27;[37m/session/2eb8af4b-f6f5-46ef-858a-418a2cc165ce/element&amp#27;[39m
&amp#27;[38;5;0m[HTTP]&amp#27;[0m &amp#27;[90m{"value":"android.widget.Button","using":"class name"}&amp#27;[39m
&amp#27;[38;5;32m[AndroidUiautomator2Driver@20e3 (2eb8af4b)]&amp#27;[0m Calling AppiumDriver.findElement() with args: ["class name","android.widget.Button","2eb8af4b-f6f5-46ef-858a-418a2cc165ce"]
&amp#27;[38;5;32m[AndroidUiautomator2Driver@20e3 (2eb8af4b)]&amp#27;[0m Valid locator strategies for this request: xpath, id, class name, accessibility id, css selector, -android uiautomator
&amp#27;[38;5;32m[AndroidUiautomator2Driver@20e3 (2eb8af4b)]&amp#27;[0m Waiting up to 5000 ms for condition
&amp#27;[38;5;32m[AndroidUiautomator2Driver@20e3 (2eb8af4b)]&amp#27;[0m Matched '/element' to command name 'findElement'
&amp#27;[38;5;32m[AndroidUiautomator2Driver@20e3 (2eb8af4b)]&amp#27;[0m Proxying [POST /element] to [POST http://127.0.0.1:8200/session/9d67d8fb-4a7d-4886-b012-0b0e31d22bf2/element] with body: {"strategy":"class name","selector":"android.widget.Button","context":"","multiple":false}
&amp#27;[38;5;32m[AndroidUiautomator2Driver@20e3 (2eb8af4b)]&amp#27;[0m Got response with status 200: {"sessionId":"9d67d8fb-4a7d-4886-b012-0b0e31d22bf2","value":{"ELEMENT":"00000000-0000-01c3-ffff-ffff00000021","element-6066-11e4-a52e-4f735466cecf":"00000000-0000-01c3-ffff-ffff00000021"}}
&amp#27;[38;5;32m[AndroidUiautomator2Driver@20e3 (2eb8af4b)]&amp#27;[0m Responding to client with driver.findElement() result: {"element-6066-11e4-a52e-4f735466cecf":"00000000-0000-01c3-ffff-ffff00000021","ELEMENT":"00000000-0000-01c3-ffff-ffff00000021"}
&amp#27;[38;5;0m[HTTP]&amp#27;[0m &amp#27;[37m<-- POST /session/2eb8af4b-f6f5-46ef-858a-418a2cc165ce/element &amp#27;[39m&amp#27;[32m200&amp#27;[39m &amp#27;[90m588 ms - 137&amp#27;[39m
&amp#27;[38;5;0m[HTTP]&amp#27;[0m &amp#27;[90m&amp#27;[39m
&amp#27;[38;5;0m[HTTP]&amp#27;[0m &amp#27;[37m-->&amp#27;[39m &amp#27;[37mPOST&amp#27;[39m &amp#27;[37m/session/2eb8af4b-f6f5-46ef-858a-418a2cc165ce/element/00000000-0000-01c3-ffff-ffff00000021/click&amp#27;[39m
&amp#27;[38;5;0m[HTTP]&amp#27;[0m &amp#27;[90m{"id":"00000000-0000-01c3-ffff-ffff00000021"}&amp#27;[39m
&amp#27;[38;5;32m[AndroidUiautomator2Driver@20e3 (2eb8af4b)]&amp#27;[0m Calling AppiumDriver.click() with args: ["00000000-0000-01c3-ffff-ffff00000021","2eb8af4b-f6f5-46ef-858a-418a2cc165ce"]
&amp#27;[38;5;32m[AndroidUiautomator2Driver@20e3 (2eb8af4b)]&amp#27;[0m Matched '/element/00000000-0000-01c3-ffff-ffff00000021/click' to command name 'click'
&amp#27;[38;5;32m[AndroidUiautomator2Driver@20e3 (2eb8af4b)]&amp#27;[0m Proxying [POST /element/00000000-0000-01c3-ffff-ffff00000021/click] to [POST http://127.0.0.1:8200/session/9d67d8fb-4a7d-4886-b012-0b0e31d22bf2/element/00000000-0000-01c3-ffff-ffff00000021/click] with body: {"element":"00000000-0000-01c3-ffff-ffff00000021"}
&amp#27;[38;5;32m[AndroidUiautomator2Driver@20e3 (2eb8af4b)]&amp#27;[0m Got response with status 200: {"sessionId":"9d67d8fb-4a7d-4886-b012-0b0e31d22bf2","value":null}
&amp#27;[38;5;32m[AndroidUiautomator2Driver@20e3 (2eb8af4b)]&amp#27;[0m Responding to client with driver.click() result: null
&amp#27;[38;5;0m[HTTP]&amp#27;[0m &amp#27;[37m<-- POST /session/2eb8af4b-f6f5-46ef-858a-418a2cc165ce/element/00000000-0000-01c3-ffff-ffff00000021/click &amp#27;[39m&amp#27;[32m200&amp#27;[39m &amp#27;[90m144 ms - 14&amp#27;[39m
&amp#27;[38;5;0m[HTTP]&amp#27;[0m &amp#27;[90m&amp#27;[39m
&amp#27;[38;5;0m[HTTP]&amp#27;[0m &amp#27;[37m-->&amp#27;[39m &amp#27;[37mGET&amp#27;[39m &amp#27;[37m/session/2eb8af4b-f6f5-46ef-858a-418a2cc165ce/context&amp#27;[39m
&amp#27;[38;5;0m[HTTP]&amp#27;[0m &amp#27;[90m{}&amp#27;[39m
&amp#27;[38;5;32m[AndroidUiautomator2Driver@20e3 (2eb8af4b)]&amp#27;[0m Calling AppiumDriver.getCurrentContext() with args: ["2eb8af4b-f6f5-46ef-858a-418a2cc165ce"]
&amp#27;[38;5;32m[AndroidUiautomator2Driver@20e3 (2eb8af4b)]&amp#27;[0m Responding to client with driver.getCurrentContext() result: "NATIVE_APP"
&amp#27;[38;5;0m[HTTP]&amp#27;[0m &amp#27;[37m<-- GET /session/2eb8af4b-f6f5-46ef-858a-418a2cc165ce/context &amp#27;[39m&amp#27;[32m200&amp#27;[39m &amp#27;[90m1 ms - 22&amp#27;[39m
&amp#27;[38;5;0m[HTTP]&amp#27;[0m &amp#27;[90m&amp#27;[39m
&amp#27;[38;5;0m[HTTP]&amp#27;[0m &amp#27;[37m-->&amp#27;[39m &amp#27;[37mPOST&amp#27;[39m &amp#27;[37m/session/2eb8af4b-f6f5-46ef-858a-418a2cc165ce/elements&amp#27;[39m
&amp#27;[38;5;0m[HTTP]&amp#27;[0m &amp#27;[90m{"value":"//*[@text='ADD TO CART']","using":"xpath"}&amp#27;[39m
&amp#27;[38;5;32m[AndroidUiautomator2Driver@20e3 (2eb8af4b)]&amp#27;[0m Calling AppiumDriver.findElements() with args: ["xpath","//*[@text='ADD TO CART']","2eb8af4b-f6f5-46ef-858a-418a2cc165ce"]
&amp#27;[38;5;32m[AndroidUiautomator2Driver@20e3 (2eb8af4b)]&amp#27;[0m Valid locator strategies for this request: xpath, id, class name, accessibility id, css selector, -android uiautomator
&amp#27;[38;5;32m[AndroidUiautomator2Driver@20e3 (2eb8af4b)]&amp#27;[0m Waiting up to 5000 ms for condition
&amp#27;[38;5;32m[AndroidUiautomator2Driver@20e3 (2eb8af4b)]&amp#27;[0m Matched '/elements' to command name 'findElements'
&amp#27;[38;5;32m[AndroidUiautomator2Driver@20e3 (2eb8af4b)]&amp#27;[0m Proxying [POST /elements] to [POST http://127.0.0.1:8200/session/9d67d8fb-4a7d-4886-b012-0b0e31d22bf2/elements] with body: {"strategy":"xpath","selector":"//*[@text='ADD TO CART']","context":"","multiple":true}
&amp#27;[38;5;32m[AndroidUiautomator2Driver@20e3 (2eb8af4b)]&amp#27;[0m Got response with status 200: {"sessionId":"9d67d8fb-4a7d-4886-b012-0b0e31d22bf2","value":[]}
&amp#27;[38;5;32m[AndroidUiautomator2Driver@20e3 (2eb8af4b)]&amp#27;[0m Waited for 240 ms so far
&amp#27;[38;5;32m[AndroidUiautomator2Driver@20e3 (2eb8af4b)]&amp#27;[0m Matched '/elements' to command name 'findElements'
&amp#27;[38;5;32m[AndroidUiautomator2Driver@20e3 (2eb8af4b)]&amp#27;[0m Proxying [POST /elements] to [POST http://127.0.0.1:8200/session/9d67d8fb-4a7d-4886-b012-0b0e31d22bf2/elements] with body: {"strategy":"xpath","selector":"//*[@text='ADD TO CART']","context":"","multiple":true}
&amp#27;[38;5;32m[AndroidUiautomator2Driver@20e3 (2eb8af4b)]&amp#27;[0m Got response with status 200: {"sessionId":"9d67d8fb-4a7d-4886-b012-0b0e31d22bf2","value":[{"ELEMENT":"00000000-0000-01c8-ffff-ffff000000be","element-6066-11e4-a52e-4f735466cecf":"00000000-0000-01c8-ffff-ffff000000be"},{"ELEMENT":"00000000-0000-01c8-ffff-ffff000000c6","element-6066-11e4-a52e-4f735466cecf":"00000000-0000-01c8-ffff-ffff000000c6"}]}
&amp#27;[38;5;32m[AndroidUiautomator2Driver@20e3 (2eb8af4b)]&amp#27;[0m Responding to client with driver.findElements() result: [{"element-6066-11e4-a52e-4f735466cecf":"00000000-0000-01c8-ffff-ffff000000be","ELEMENT":"00000000-0000-01c8-ffff-ffff000000be"},{"element-6066-11e4-a52e-4f735466cecf":"00000000-0000-01c8-ffff-ffff000000c6","ELEMENT":"00000000-0000-01c8-ffff-ffff000000c6"}]
&amp#27;[38;5;0m[HTTP]&amp#27;[0m &amp#27;[37m<-- POST /session/2eb8af4b-f6f5-46ef-858a-418a2cc165ce/elements &amp#27;[39m&amp#27;[32m200&amp#27;[39m &amp#27;[90m1824 ms - 267&amp#27;[39m
&amp#27;[38;5;0m[HTTP]&amp#27;[0m &amp#27;[90m&amp#27;[39m
&amp#27;[38;5;0m[HTTP]&amp#27;[0m &amp#27;[37m-->&amp#27;[39m &amp#27;[37mPOST&amp#27;[39m &amp#27;[37m/session/2eb8af4b-f6f5-46ef-858a-418a2cc165ce/element/00000000-0000-01c8-ffff-ffff000000be/click&amp#27;[39m
&amp#27;[38;5;0m[HTTP]&amp#27;[0m &amp#27;[90m{"id":"00000000-0000-01c8-ffff-ffff000000be"}&amp#27;[39m
&amp#27;[38;5;32m[AndroidUiautomator2Driver@20e3 (2eb8af4b)]&amp#27;[0m Calling AppiumDriver.click() with args: ["00000000-0000-01c8-ffff-ffff000000be","2eb8af4b-f6f5-46ef-858a-418a2cc165ce"]
&amp#27;[38;5;32m[AndroidUiautomator2Driver@20e3 (2eb8af4b)]&amp#27;[0m Matched '/element/00000000-0000-01c8-ffff-ffff000000be/click' to command name 'click'
&amp#27;[38;5;32m[AndroidUiautomator2Driver@20e3 (2eb8af4b)]&amp#27;[0m Proxying [POST /element/00000000-0000-01c8-ffff-ffff000000be/click] to [POST http://127.0.0.1:8200/session/9d67d8fb-4a7d-4886-b012-0b0e31d22bf2/element/00000000-0000-01c8-ffff-ffff000000be/click] with body: {"element":"00000000-0000-01c8-ffff-ffff000000be"}
&amp#27;[38;5;32m[AndroidUiautomator2Driver@20e3 (2eb8af4b)]&amp#27;[0m Got response with status 200: {"sessionId":"9d67d8fb-4a7d-4886-b012-0b0e31d22bf2","value":null}
&amp#27;[38;5;32m[AndroidUiautomator2Driver@20e3 (2eb8af4b)]&amp#27;[0m Responding to client with driver.click() result: null
&amp#27;[38;5;0m[HTTP]&amp#27;[0m &amp#27;[37m<-- POST /session/2eb8af4b-f6f5-46ef-858a-418a2cc165ce/element/00000000-0000-01c8-ffff-ffff000000be/click &amp#27;[39m&amp#27;[32m200&amp#27;[39m &amp#27;[90m84 ms - 14&amp#27;[39m
&amp#27;[38;5;0m[HTTP]&amp#27;[0m &amp#27;[90m&amp#27;[39m
&amp#27;[38;5;0m[HTTP]&amp#27;[0m &amp#27;[37m-->&amp#27;[39m &amp#27;[37mGET&amp#27;[39m &amp#27;[37m/session/2eb8af4b-f6f5-46ef-858a-418a2cc165ce/context&amp#27;[39m
&amp#27;[38;5;0m[HTTP]&amp#27;[0m &amp#27;[90m{}&amp#27;[39m
&amp#27;[38;5;32m[AndroidUiautomator2Driver@20e3 (2eb8af4b)]&amp#27;[0m Calling AppiumDriver.getCurrentContext() with args: ["2eb8af4b-f6f5-46ef-858a-418a2cc165ce"]
&amp#27;[38;5;32m[AndroidUiautomator2Driver@20e3 (2eb8af4b)]&amp#27;[0m Responding to client with driver.getCurrentContext() result: "NATIVE_APP"
&amp#27;[38;5;0m[HTTP]&amp#27;[0m &amp#27;[37m<-- GET /session/2eb8af4b-f6f5-46ef-858a-418a2cc165ce/context &amp#27;[39m&amp#27;[32m200&amp#27;[39m &amp#27;[90m0 ms - 22&amp#27;[39m
&amp#27;[38;5;0m[HTTP]&amp#27;[0m &amp#27;[90m&amp#27;[39m
&amp#27;[38;5;0m[HTTP]&amp#27;[0m &amp#27;[37m-->&amp#27;[39m &amp#27;[37mPOST&amp#27;[39m &amp#27;[37m/session/2eb8af4b-f6f5-46ef-858a-418a2cc165ce/elements&amp#27;[39m
&amp#27;[38;5;0m[HTTP]&amp#27;[0m &amp#27;[90m{"value":"//*[@text='ADD TO CART']","using":"xpath"}&amp#27;[39m
&amp#27;[38;5;32m[AndroidUiautomator2Driver@20e3 (2eb8af4b)]&amp#27;[0m Calling AppiumDriver.findElements() with args: ["xpath","//*[@text='ADD TO CART']","2eb8af4b-f6f5-46ef-858a-418a2cc165ce"]
&amp#27;[38;5;32m[AndroidUiautomator2Driver@20e3 (2eb8af4b)]&amp#27;[0m Valid locator strategies for this request: xpath, id, class name, accessibility id, css selector, -android uiautomator
&amp#27;[38;5;32m[AndroidUiautomator2Driver@20e3 (2eb8af4b)]&amp#27;[0m Waiting up to 5000 ms for condition
&amp#27;[38;5;32m[AndroidUiautomator2Driver@20e3 (2eb8af4b)]&amp#27;[0m Matched '/elements' to command name 'findElements'
&amp#27;[38;5;32m[AndroidUiautomator2Driver@20e3 (2eb8af4b)]&amp#27;[0m Proxying [POST /elements] to [POST http://127.0.0.1:8200/session/9d67d8fb-4a7d-4886-b012-0b0e31d22bf2/elements] with body: {"strategy":"xpath","selector":"//*[@text='ADD TO CART']","context":"","multiple":true}
&amp#27;[38;5;32m[AndroidUiautomator2Driver@20e3 (2eb8af4b)]&amp#27;[0m Got response with status 200: {"sessionId":"9d67d8fb-4a7d-4886-b012-0b0e31d22bf2","value":[{"ELEMENT":"00000000-0000-01c8-ffff-ffff000000c6","element-6066-11e4-a52e-4f735466cecf":"00000000-0000-01c8-ffff-ffff000000c6"}]}
&amp#27;[38;5;32m[AndroidUiautomator2Driver@20e3 (2eb8af4b)]&amp#27;[0m Responding to client with driver.findElements() result: [{"element-6066-11e4-a52e-4f735466cecf":"00000000-0000-01c8-ffff-ffff000000c6","ELEMENT":"00000000-0000-01c8-ffff-ffff000000c6"}]
&amp#27;[38;5;0m[HTTP]&amp#27;[0m &amp#27;[37m<-- POST /session/2eb8af4b-f6f5-46ef-858a-418a2cc165ce/elements &amp#27;[39m&amp#27;[32m200&amp#27;[39m &amp#27;[90m963 ms - 139&amp#27;[39m
&amp#27;[38;5;0m[HTTP]&amp#27;[0m &amp#27;[90m&amp#27;[39m
&amp#27;[38;5;0m[HTTP]&amp#27;[0m &amp#27;[37m-->&amp#27;[39m &amp#27;[37mPOST&amp#27;[39m &amp#27;[37m/session/2eb8af4b-f6f5-46ef-858a-418a2cc165ce/element/00000000-0000-01c8-ffff-ffff000000c6/click&amp#27;[39m
&amp#27;[38;5;0m[HTTP]&amp#27;[0m &amp#27;[90m{"id":"00000000-0000-01c8-ffff-ffff000000c6"}&amp#27;[39m
&amp#27;[38;5;32m[AndroidUiautomator2Driver@20e3 (2eb8af4b)]&amp#27;[0m Calling AppiumDriver.click() with args: ["00000000-0000-01c8-ffff-ffff000000c6","2eb8af4b-f6f5-46ef-858a-418a2cc165ce"]
&amp#27;[38;5;32m[AndroidUiautomator2Driver@20e3 (2eb8af4b)]&amp#27;[0m Matched '/element/00000000-0000-01c8-ffff-ffff000000c6/click' to command name 'click'
&amp#27;[38;5;32m[AndroidUiautomator2Driver@20e3 (2eb8af4b)]&amp#27;[0m Proxying [POST /element/00000000-0000-01c8-ffff-ffff000000c6/click] to [POST http://127.0.0.1:8200/session/9d67d8fb-4a7d-4886-b012-0b0e31d22bf2/element/00000000-0000-01c8-ffff-ffff000000c6/click] with body: {"element":"00000000-0000-01c8-ffff-ffff000000c6"}
&amp#27;[38;5;32m[AndroidUiautomator2Driver@20e3 (2eb8af4b)]&amp#27;[0m Got response with status 200: {"sessionId":"9d67d8fb-4a7d-4886-b012-0b0e31d22bf2","value":null}
&amp#27;[38;5;32m[AndroidUiautomator2Driver@20e3 (2eb8af4b)]&amp#27;[0m Responding to client with driver.click() result: null
&amp#27;[38;5;0m[HTTP]&amp#27;[0m &amp#27;[37m<-- POST /session/2eb8af4b-f6f5-46ef-858a-418a2cc165ce/element/00000000-0000-01c8-ffff-ffff000000c6/click &amp#27;[39m&amp#27;[32m200&amp#27;[39m &amp#27;[90m77 ms - 14&amp#27;[39m
&amp#27;[38;5;0m[HTTP]&amp#27;[0m &amp#27;[90m&amp#27;[39m
&amp#27;[38;5;0m[HTTP]&amp#27;[0m &amp#27;[37m-->&amp#27;[39m &amp#27;[37mGET&amp#27;[39m &amp#27;[37m/session/2eb8af4b-f6f5-46ef-858a-418a2cc165ce/context&amp#27;[39m
&amp#27;[38;5;0m[HTTP]&amp#27;[0m &amp#27;[90m{}&amp#27;[39m
&amp#27;[38;5;32m[AndroidUiautomator2Driver@20e3 (2eb8af4b)]&amp#27;[0m Calling AppiumDriver.getCurrentContext() with args: ["2eb8af4b-f6f5-46ef-858a-418a2cc165ce"]
&amp#27;[38;5;32m[AndroidUiautomator2Driver@20e3 (2eb8af4b)]&amp#27;[0m Responding to client with driver.getCurrentContext() result: "NATIVE_APP"
&amp#27;[38;5;0m[HTTP]&amp#27;[0m &amp#27;[37m<-- GET /session/2eb8af4b-f6f5-46ef-858a-418a2cc165ce/context &amp#27;[39m&amp#27;[32m200&amp#27;[39m &amp#27;[90m1 ms - 22&amp#27;[39m
&amp#27;[38;5;0m[HTTP]&amp#27;[0m &amp#27;[90m&amp#27;[39m
&amp#27;[38;5;0m[HTTP]&amp#27;[0m &amp#27;[37m-->&amp#27;[39m &amp#27;[37mPOST&amp#27;[39m &amp#27;[37m/session/2eb8af4b-f6f5-46ef-858a-418a2cc165ce/elements&amp#27;[39m
&amp#27;[38;5;0m[HTTP]&amp#27;[0m &amp#27;[90m{"value":"com.androidsample.generalstore:id/productName","using":"id"}&amp#27;[39m
&amp#27;[38;5;32m[AndroidUiautomator2Driver@20e3 (2eb8af4b)]&amp#27;[0m Calling AppiumDriver.findElements() with args: ["id","com.androidsample.generalstore:id/productName","2eb8af4b-f6f5-46ef-858a-418a2cc165ce"]
&amp#27;[38;5;32m[AndroidUiautomator2Driver@20e3 (2eb8af4b)]&amp#27;[0m Valid locator strategies for this request: xpath, id, class name, accessibility id, css selector, -android uiautomator
&amp#27;[38;5;32m[AndroidUiautomator2Driver@20e3 (2eb8af4b)]&amp#27;[0m Waiting up to 5000 ms for condition
&amp#27;[38;5;32m[AndroidUiautomator2Driver@20e3 (2eb8af4b)]&amp#27;[0m Matched '/elements' to command name 'findElements'
&amp#27;[38;5;32m[AndroidUiautomator2Driver@20e3 (2eb8af4b)]&amp#27;[0m Proxying [POST /elements] to [POST http://127.0.0.1:8200/session/9d67d8fb-4a7d-4886-b012-0b0e31d22bf2/elements] with body: {"strategy":"id","selector":"com.androidsample.generalstore:id/productName","context":"","multiple":true}
&amp#27;[38;5;32m[AndroidUiautomator2Driver@20e3 (2eb8af4b)]&amp#27;[0m Got response with status 200: {"sessionId":"9d67d8fb-4a7d-4886-b012-0b0e31d22bf2","value":[{"ELEMENT":"00000000-0000-01c8-ffff-ffff000000ba","element-6066-11e4-a52e-4f735466cecf":"00000000-0000-01c8-ffff-ffff000000ba"},{"ELEMENT":"00000000-0000-01c8-ffff-ffff000000c2","element-6066-11e4-a52e-4f735466cecf":"00000000-0000-01c8-ffff-ffff000000c2"}]}
&amp#27;[38;5;32m[AndroidUiautomator2Driver@20e3 (2eb8af4b)]&amp#27;[0m Responding to client with driver.findElements() result: [{"element-6066-11e4-a52e-4f735466cecf":"00000000-0000-01c8-ffff-ffff000000ba","ELEMENT":"00000000-0000-01c8-ffff-ffff000000ba"},{"element-6066-11e4-a52e-4f735466cecf":"00000000-0000-01c8-ffff-ffff000000c2","ELEMENT":"00000000-0000-01c8-ffff-ffff000000c2"}]
&amp#27;[38;5;0m[HTTP]&amp#27;[0m &amp#27;[37m<-- POST /session/2eb8af4b-f6f5-46ef-858a-418a2cc165ce/elements &amp#27;[39m&amp#27;[32m200&amp#27;[39m &amp#27;[90m826 ms - 267&amp#27;[39m
&amp#27;[38;5;0m[HTTP]&amp#27;[0m &amp#27;[90m&amp#27;[39m
&amp#27;[38;5;0m[HTTP]&amp#27;[0m &amp#27;[37m-->&amp#27;[39m &amp#27;[37mGET&amp#27;[39m &amp#27;[37m/session/2eb8af4b-f6f5-46ef-858a-418a2cc165ce/element/00000000-0000-01c8-ffff-ffff000000ba/text&amp#27;[39m
&amp#27;[38;5;0m[HTTP]&amp#27;[0m &amp#27;[90m{}&amp#27;[39m
&amp#27;[38;5;32m[AndroidUiautomator2Driver@20e3 (2eb8af4b)]&amp#27;[0m Driver proxy active, passing request on via HTTP proxy
&amp#27;[38;5;32m[AndroidUiautomator2Driver@20e3 (2eb8af4b)]&amp#27;[0m Matched '/session/2eb8af4b-f6f5-46ef-858a-418a2cc165ce/element/00000000-0000-01c8-ffff-ffff000000ba/text' to command name 'getText'
&amp#27;[38;5;32m[AndroidUiautomator2Driver@20e3 (2eb8af4b)]&amp#27;[0m Proxying [GET /session/2eb8af4b-f6f5-46ef-858a-418a2cc165ce/element/00000000-0000-01c8-ffff-ffff000000ba/text] to [GET http://127.0.0.1:8200/session/9d67d8fb-4a7d-4886-b012-0b0e31d22bf2/element/00000000-0000-01c8-ffff-ffff000000ba/text] with no body
&amp#27;[38;5;32m[AndroidUiautomator2Driver@20e3 (2eb8af4b)]&amp#27;[0m Got response with status 200: {"sessionId":"9d67d8fb-4a7d-4886-b012-0b0e31d22bf2","value":"Air Jordan 4 Retro"}
&amp#27;[38;5;32m[AndroidUiautomator2Driver@20e3 (2eb8af4b)]&amp#27;[0m Replacing sessionId 9d67d8fb-4a7d-4886-b012-0b0e31d22bf2 with 2eb8af4b-f6f5-46ef-858a-418a2cc165ce
&amp#27;[38;5;0m[HTTP]&amp#27;[0m &amp#27;[37m<-- GET /session/2eb8af4b-f6f5-46ef-858a-418a2cc165ce/element/00000000-0000-01c8-ffff-ffff000000ba/text &amp#27;[39m&amp#27;[32m200&amp#27;[39m &amp#27;[90m72 ms - 81&amp#27;[39m
&amp#27;[38;5;0m[HTTP]&amp#27;[0m &amp#27;[90m&amp#27;[39m
&amp#27;[38;5;0m[HTTP]&amp#27;[0m &amp#27;[37m-->&amp#27;[39m &amp#27;[37mGET&amp#27;[39m &amp#27;[37m/session/2eb8af4b-f6f5-46ef-858a-418a2cc165ce/context&amp#27;[39m
&amp#27;[38;5;0m[HTTP]&amp#27;[0m &amp#27;[90m{}&amp#27;[39m
&amp#27;[38;5;32m[AndroidUiautomator2Driver@20e3 (2eb8af4b)]&amp#27;[0m Calling AppiumDriver.getCurrentContext() with args: ["2eb8af4b-f6f5-46ef-858a-418a2cc165ce"]
&amp#27;[38;5;32m[AndroidUiautomator2Driver@20e3 (2eb8af4b)]&amp#27;[0m Responding to client with driver.getCurrentContext() result: "NATIVE_APP"
&amp#27;[38;5;0m[HTTP]&amp#27;[0m &amp#27;[37m<-- GET /session/2eb8af4b-f6f5-46ef-858a-418a2cc165ce/context &amp#27;[39m&amp#27;[32m200&amp#27;[39m &amp#27;[90m1 ms - 22&amp#27;[39m
&amp#27;[38;5;0m[HTTP]&amp#27;[0m &amp#27;[90m&amp#27;[39m
&amp#27;[38;5;0m[HTTP]&amp#27;[0m &amp#27;[37m-->&amp#27;[39m &amp#27;[37mPOST&amp#27;[39m &amp#27;[37m/session/2eb8af4b-f6f5-46ef-858a-418a2cc165ce/elements&amp#27;[39m
&amp#27;[38;5;0m[HTTP]&amp#27;[0m &amp#27;[90m{"value":"com.androidsample.generalstore:id/productName","using":"id"}&amp#27;[39m
&amp#27;[38;5;32m[AndroidUiautomator2Driver@20e3 (2eb8af4b)]&amp#27;[0m Calling AppiumDriver.findElements() with args: ["id","com.androidsample.generalstore:id/productName","2eb8af4b-f6f5-46ef-858a-418a2cc165ce"]
&amp#27;[38;5;32m[AndroidUiautomator2Driver@20e3 (2eb8af4b)]&amp#27;[0m Valid locator strategies for this request: xpath, id, class name, accessibility id, css selector, -android uiautomator
&amp#27;[38;5;32m[AndroidUiautomator2Driver@20e3 (2eb8af4b)]&amp#27;[0m Waiting up to 5000 ms for condition
&amp#27;[38;5;32m[AndroidUiautomator2Driver@20e3 (2eb8af4b)]&amp#27;[0m Matched '/elements' to command name 'findElements'
&amp#27;[38;5;32m[AndroidUiautomator2Driver@20e3 (2eb8af4b)]&amp#27;[0m Proxying [POST /elements] to [POST http://127.0.0.1:8200/session/9d67d8fb-4a7d-4886-b012-0b0e31d22bf2/elements] with body: {"strategy":"id","selector":"com.androidsample.generalstore:id/productName","context":"","multiple":true}
&amp#27;[38;5;32m[AndroidUiautomator2Driver@20e3 (2eb8af4b)]&amp#27;[0m Got response with status 200: {"sessionId":"9d67d8fb-4a7d-4886-b012-0b0e31d22bf2","value":[{"ELEMENT":"00000000-0000-01c8-ffff-ffff000000ba","element-6066-11e4-a52e-4f735466cecf":"00000000-0000-01c8-ffff-ffff000000ba"},{"ELEMENT":"00000000-0000-01c8-ffff-ffff000000c2","element-6066-11e4-a52e-4f735466cecf":"00000000-0000-01c8-ffff-ffff000000c2"}]}
&amp#27;[38;5;32m[AndroidUiautomator2Driver@20e3 (2eb8af4b)]&amp#27;[0m Responding to client with driver.findElements() result: [{"element-6066-11e4-a52e-4f735466cecf":"00000000-0000-01c8-ffff-ffff000000ba","ELEMENT":"00000000-0000-01c8-ffff-ffff000000ba"},{"element-6066-11e4-a52e-4f735466cecf":"00000000-0000-01c8-ffff-ffff000000c2","ELEMENT":"00000000-0000-01c8-ffff-ffff000000c2"}]
&amp#27;[38;5;0m[HTTP]&amp#27;[0m &amp#27;[37m<-- POST /session/2eb8af4b-f6f5-46ef-858a-418a2cc165ce/elements &amp#27;[39m&amp#27;[32m200&amp#27;[39m &amp#27;[90m360 ms - 267&amp#27;[39m
&amp#27;[38;5;0m[HTTP]&amp#27;[0m &amp#27;[90m&amp#27;[39m
&amp#27;[38;5;0m[HTTP]&amp#27;[0m &amp#27;[37m-->&amp#27;[39m &amp#27;[37mGET&amp#27;[39m &amp#27;[37m/session/2eb8af4b-f6f5-46ef-858a-418a2cc165ce/element/00000000-0000-01c8-ffff-ffff000000c2/text&amp#27;[39m
&amp#27;[38;5;0m[HTTP]&amp#27;[0m &amp#27;[90m{}&amp#27;[39m
&amp#27;[38;5;32m[AndroidUiautomator2Driver@20e3 (2eb8af4b)]&amp#27;[0m Driver proxy active, passing request on via HTTP proxy
&amp#27;[38;5;32m[AndroidUiautomator2Driver@20e3 (2eb8af4b)]&amp#27;[0m Matched '/session/2eb8af4b-f6f5-46ef-858a-418a2cc165ce/element/00000000-0000-01c8-ffff-ffff000000c2/text' to command name 'getText'
&amp#27;[38;5;32m[AndroidUiautomator2Driver@20e3 (2eb8af4b)]&amp#27;[0m Proxying [GET /session/2eb8af4b-f6f5-46ef-858a-418a2cc165ce/element/00000000-0000-01c8-ffff-ffff000000c2/text] to [GET http://127.0.0.1:8200/session/9d67d8fb-4a7d-4886-b012-0b0e31d22bf2/element/00000000-0000-01c8-ffff-ffff000000c2/text] with no body
&amp#27;[38;5;32m[AndroidUiautomator2Driver@20e3 (2eb8af4b)]&amp#27;[0m Got response with status 200: {"sessionId":"9d67d8fb-4a7d-4886-b012-0b0e31d22bf2","value":"Air Jordan 1 Mid SE"}
&amp#27;[38;5;32m[AndroidUiautomator2Driver@20e3 (2eb8af4b)]&amp#27;[0m Replacing sessionId 9d67d8fb-4a7d-4886-b012-0b0e31d22bf2 with 2eb8af4b-f6f5-46ef-858a-418a2cc165ce
&amp#27;[38;5;0m[HTTP]&amp#27;[0m &amp#27;[37m<-- GET /session/2eb8af4b-f6f5-46ef-858a-418a2cc165ce/element/00000000-0000-01c8-ffff-ffff000000c2/text &amp#27;[39m&amp#27;[32m200&amp#27;[39m &amp#27;[90m74 ms - 82&amp#27;[39m
&amp#27;[38;5;0m[HTTP]&amp#27;[0m &amp#27;[90m&amp#27;[39m
&amp#27;[38;5;0m[HTTP]&amp#27;[0m &amp#27;[37m-->&amp#27;[39m &amp#27;[37mGET&amp#27;[39m &amp#27;[37m/session/2eb8af4b-f6f5-46ef-858a-418a2cc165ce/context&amp#27;[39m
&amp#27;[38;5;0m[HTTP]&amp#27;[0m &amp#27;[90m{}&amp#27;[39m
&amp#27;[38;5;32m[AndroidUiautomator2Driver@20e3 (2eb8af4b)]&amp#27;[0m Calling AppiumDriver.getCurrentContext() with args: ["2eb8af4b-f6f5-46ef-858a-418a2cc165ce"]
&amp#27;[38;5;32m[AndroidUiautomator2Driver@20e3 (2eb8af4b)]&amp#27;[0m Responding to client with driver.getCurrentContext() result: "NATIVE_APP"
&amp#27;[38;5;0m[HTTP]&amp#27;[0m &amp#27;[37m<-- GET /session/2eb8af4b-f6f5-46ef-858a-418a2cc165ce/context &amp#27;[39m&amp#27;[32m200&amp#27;[39m &amp#27;[90m1 ms - 22&amp#27;[39m
&amp#27;[38;5;0m[HTTP]&amp#27;[0m &amp#27;[90m&amp#27;[39m
&amp#27;[38;5;0m[HTTP]&amp#27;[0m &amp#27;[37m-->&amp#27;[39m &amp#27;[37mPOST&amp#27;[39m &amp#27;[37m/session/2eb8af4b-f6f5-46ef-858a-418a2cc165ce/element&amp#27;[39m
&amp#27;[38;5;0m[HTTP]&amp#27;[0m &amp#27;[90m{"value":"com.androidsample.generalstore:id/appbar_btn_cart","using":"id"}&amp#27;[39m
&amp#27;[38;5;32m[AndroidUiautomator2Driver@20e3 (2eb8af4b)]&amp#27;[0m Calling AppiumDriver.findElement() with args: ["id","com.androidsample.generalstore:id/appbar_btn_cart","2eb8af4b-f6f5-46ef-858a-418a2cc165ce"]
&amp#27;[38;5;32m[AndroidUiautomator2Driver@20e3 (2eb8af4b)]&amp#27;[0m Valid locator strategies for this request: xpath, id, class name, accessibility id, css selector, -android uiautomator
&amp#27;[38;5;32m[AndroidUiautomator2Driver@20e3 (2eb8af4b)]&amp#27;[0m Waiting up to 5000 ms for condition
&amp#27;[38;5;32m[AndroidUiautomator2Driver@20e3 (2eb8af4b)]&amp#27;[0m Matched '/element' to command name 'findElement'
&amp#27;[38;5;32m[AndroidUiautomator2Driver@20e3 (2eb8af4b)]&amp#27;[0m Proxying [POST /element] to [POST http://127.0.0.1:8200/session/9d67d8fb-4a7d-4886-b012-0b0e31d22bf2/element] with body: {"strategy":"id","selector":"com.androidsample.generalstore:id/appbar_btn_cart","context":"","multiple":false}
&amp#27;[38;5;32m[AndroidUiautomator2Driver@20e3 (2eb8af4b)]&amp#27;[0m Got response with status 200: {"sessionId":"9d67d8fb-4a7d-4886-b012-0b0e31d22bf2","value":{"ELEMENT":"00000000-0000-01c8-ffff-ffff000000b1","element-6066-11e4-a52e-4f735466cecf":"00000000-0000-01c8-ffff-ffff000000b1"}}
&amp#27;[38;5;32m[AndroidUiautomator2Driver@20e3 (2eb8af4b)]&amp#27;[0m Responding to client with driver.findElement() result: {"element-6066-11e4-a52e-4f735466cecf":"00000000-0000-01c8-ffff-ffff000000b1","ELEMENT":"00000000-0000-01c8-ffff-ffff000000b1"}
&amp#27;[38;5;0m[HTTP]&amp#27;[0m &amp#27;[37m<-- POST /session/2eb8af4b-f6f5-46ef-858a-418a2cc165ce/element &amp#27;[39m&amp#27;[32m200&amp#27;[39m &amp#27;[90m156 ms - 137&amp#27;[39m
&amp#27;[38;5;0m[HTTP]&amp#27;[0m &amp#27;[90m&amp#27;[39m
&amp#27;[38;5;0m[HTTP]&amp#27;[0m &amp#27;[37m-->&amp#27;[39m &amp#27;[37mPOST&amp#27;[39m &amp#27;[37m/session/2eb8af4b-f6f5-46ef-858a-418a2cc165ce/element/00000000-0000-01c8-ffff-ffff000000b1/click&amp#27;[39m
&amp#27;[38;5;0m[HTTP]&amp#27;[0m &amp#27;[90m{"id":"00000000-0000-01c8-ffff-ffff000000b1"}&amp#27;[39m
&amp#27;[38;5;32m[AndroidUiautomator2Driver@20e3 (2eb8af4b)]&amp#27;[0m Calling AppiumDriver.click() with args: ["00000000-0000-01c8-ffff-ffff000000b1","2eb8af4b-f6f5-46ef-858a-418a2cc165ce"]
&amp#27;[38;5;32m[AndroidUiautomator2Driver@20e3 (2eb8af4b)]&amp#27;[0m Matched '/element/00000000-0000-01c8-ffff-ffff000000b1/click' to command name 'click'
&amp#27;[38;5;32m[AndroidUiautomator2Driver@20e3 (2eb8af4b)]&amp#27;[0m Proxying [POST /element/00000000-0000-01c8-ffff-ffff000000b1/click] to [POST http://127.0.0.1:8200/session/9d67d8fb-4a7d-4886-b012-0b0e31d22bf2/element/00000000-0000-01c8-ffff-ffff000000b1/click] with body: {"element":"00000000-0000-01c8-ffff-ffff000000b1"}
&amp#27;[38;5;32m[AndroidUiautomator2Driver@20e3 (2eb8af4b)]&amp#27;[0m Got response with status 200: {"sessionId":"9d67d8fb-4a7d-4886-b012-0b0e31d22bf2","value":null}
&amp#27;[38;5;32m[AndroidUiautomator2Driver@20e3 (2eb8af4b)]&amp#27;[0m Responding to client with driver.click() result: null
&amp#27;[38;5;0m[HTTP]&amp#27;[0m &amp#27;[37m<-- POST /session/2eb8af4b-f6f5-46ef-858a-418a2cc165ce/element/00000000-0000-01c8-ffff-ffff000000b1/click &amp#27;[39m&amp#27;[32m200&amp#27;[39m &amp#27;[90m124 ms - 14&amp#27;[39m
&amp#27;[38;5;0m[HTTP]&amp#27;[0m &amp#27;[90m&amp#27;[39m
product1: Air Jordan 4 Retro
product2: Air Jordan 1 Mid SE
&amp#27;[38;5;0m[HTTP]&amp#27;[0m &amp#27;[37m-->&amp#27;[39m &amp#27;[37mGET&amp#27;[39m &amp#27;[37m/session/2eb8af4b-f6f5-46ef-858a-418a2cc165ce/context&amp#27;[39m
&amp#27;[38;5;0m[HTTP]&amp#27;[0m &amp#27;[90m{}&amp#27;[39m
&amp#27;[38;5;32m[AndroidUiautomator2Driver@20e3 (2eb8af4b)]&amp#27;[0m Calling AppiumDriver.getCurrentContext() with args: ["2eb8af4b-f6f5-46ef-858a-418a2cc165ce"]
&amp#27;[38;5;32m[AndroidUiautomator2Driver@20e3 (2eb8af4b)]&amp#27;[0m Responding to client with driver.getCurrentContext() result: "NATIVE_APP"
&amp#27;[38;5;0m[HTTP]&amp#27;[0m &amp#27;[37m<-- GET /session/2eb8af4b-f6f5-46ef-858a-418a2cc165ce/context &amp#27;[39m&amp#27;[32m200&amp#27;[39m &amp#27;[90m2 ms - 22&amp#27;[39m
&amp#27;[38;5;0m[HTTP]&amp#27;[0m &amp#27;[90m&amp#27;[39m
&amp#27;[38;5;0m[HTTP]&amp#27;[0m &amp#27;[37m-->&amp#27;[39m &amp#27;[37mPOST&amp#27;[39m &amp#27;[37m/session/2eb8af4b-f6f5-46ef-858a-418a2cc165ce/elements&amp#27;[39m
&amp#27;[38;5;0m[HTTP]&amp#27;[0m &amp#27;[90m{"value":"com.androidsample.generalstore:id/productName","using":"id"}&amp#27;[39m
&amp#27;[38;5;32m[AndroidUiautomator2Driver@20e3 (2eb8af4b)]&amp#27;[0m Calling AppiumDriver.findElements() with args: ["id","com.androidsample.generalstore:id/productName","2eb8af4b-f6f5-46ef-858a-418a2cc165ce"]
&amp#27;[38;5;32m[AndroidUiautomator2Driver@20e3 (2eb8af4b)]&amp#27;[0m Valid locator strategies for this request: xpath, id, class name, accessibility id, css selector, -android uiautomator
&amp#27;[38;5;32m[AndroidUiautomator2Driver@20e3 (2eb8af4b)]&amp#27;[0m Waiting up to 5000 ms for condition
&amp#27;[38;5;32m[AndroidUiautomator2Driver@20e3 (2eb8af4b)]&amp#27;[0m Matched '/elements' to command name 'findElements'
&amp#27;[38;5;32m[AndroidUiautomator2Driver@20e3 (2eb8af4b)]&amp#27;[0m Proxying [POST /elements] to [POST http://127.0.0.1:8200/session/9d67d8fb-4a7d-4886-b012-0b0e31d22bf2/elements] with body: {"strategy":"id","selector":"com.androidsample.generalstore:id/productName","context":"","multiple":true}
&amp#27;[38;5;32m[AndroidUiautomator2Driver@20e3 (2eb8af4b)]&amp#27;[0m Got response with status 200: {"sessionId":"9d67d8fb-4a7d-4886-b012-0b0e31d22bf2","value":[{"ELEMENT":"00000000-0000-01c9-ffff-ffff000000f0","element-6066-11e4-a52e-4f735466cecf":"00000000-0000-01c9-ffff-ffff000000f0"},{"ELEMENT":"00000000-0000-01c9-ffff-ffff000000f8","element-6066-11e4-a52e-4f735466cecf":"00000000-0000-01c9-ffff-ffff000000f8"}]}
&amp#27;[38;5;32m[AndroidUiautomator2Driver@20e3 (2eb8af4b)]&amp#27;[0m Responding to client with driver.findElements() result: [{"element-6066-11e4-a52e-4f735466cecf":"00000000-0000-01c9-ffff-ffff000000f0","ELEMENT":"00000000-0000-01c9-ffff-ffff000000f0"},{"element-6066-11e4-a52e-4f735466cecf":"00000000-0000-01c9-ffff-ffff000000f8","ELEMENT":"00000000-0000-01c9-ffff-ffff000000f8"}]
&amp#27;[38;5;0m[HTTP]&amp#27;[0m &amp#27;[37m<-- POST /session/2eb8af4b-f6f5-46ef-858a-418a2cc165ce/elements &amp#27;[39m&amp#27;[32m200&amp#27;[39m &amp#27;[90m366 ms - 267&amp#27;[39m
&amp#27;[38;5;0m[HTTP]&amp#27;[0m &amp#27;[90m&amp#27;[39m
&amp#27;[38;5;0m[HTTP]&amp#27;[0m &amp#27;[37m-->&amp#27;[39m &amp#27;[37mGET&amp#27;[39m &amp#27;[37m/session/2eb8af4b-f6f5-46ef-858a-418a2cc165ce/element/00000000-0000-01c9-ffff-ffff000000f0/text&amp#27;[39m
&amp#27;[38;5;0m[HTTP]&amp#27;[0m &amp#27;[90m{}&amp#27;[39m
&amp#27;[38;5;32m[AndroidUiautomator2Driver@20e3 (2eb8af4b)]&amp#27;[0m Driver proxy active, passing request on via HTTP proxy
&amp#27;[38;5;32m[AndroidUiautomator2Driver@20e3 (2eb8af4b)]&amp#27;[0m Matched '/session/2eb8af4b-f6f5-46ef-858a-418a2cc165ce/element/00000000-0000-01c9-ffff-ffff000000f0/text' to command name 'getText'
&amp#27;[38;5;32m[AndroidUiautomator2Driver@20e3 (2eb8af4b)]&amp#27;[0m Proxying [GET /session/2eb8af4b-f6f5-46ef-858a-418a2cc165ce/element/00000000-0000-01c9-ffff-ffff000000f0/text] to [GET http://127.0.0.1:8200/session/9d67d8fb-4a7d-4886-b012-0b0e31d22bf2/element/00000000-0000-01c9-ffff-ffff000000f0/text] with no body
&amp#27;[38;5;32m[AndroidUiautomator2Driver@20e3 (2eb8af4b)]&amp#27;[0m Got response with status 200: {"sessionId":"9d67d8fb-4a7d-4886-b012-0b0e31d22bf2","value":"Air Jordan 4 Retro"}
&amp#27;[38;5;32m[AndroidUiautomator2Driver@20e3 (2eb8af4b)]&amp#27;[0m Replacing sessionId 9d67d8fb-4a7d-4886-b012-0b0e31d22bf2 with 2eb8af4b-f6f5-46ef-858a-418a2cc165ce
&amp#27;[38;5;0m[HTTP]&amp#27;[0m &amp#27;[37m<-- GET /session/2eb8af4b-f6f5-46ef-858a-418a2cc165ce/element/00000000-0000-01c9-ffff-ffff000000f0/text &amp#27;[39m&amp#27;[32m200&amp#27;[39m &amp#27;[90m65 ms - 81&amp#27;[39m
&amp#27;[38;5;0m[HTTP]&amp#27;[0m &amp#27;[90m&amp#27;[39m
&amp#27;[38;5;0m[HTTP]&amp#27;[0m &amp#27;[37m-->&amp#27;[39m &amp#27;[37mGET&amp#27;[39m &amp#27;[37m/session/2eb8af4b-f6f5-46ef-858a-418a2cc165ce/context&amp#27;[39m
&amp#27;[38;5;0m[HTTP]&amp#27;[0m &amp#27;[90m{}&amp#27;[39m
&amp#27;[38;5;32m[AndroidUiautomator2Driver@20e3 (2eb8af4b)]&amp#27;[0m Calling AppiumDriver.getCurrentContext() with args: ["2eb8af4b-f6f5-46ef-858a-418a2cc165ce"]
&amp#27;[38;5;32m[AndroidUiautomator2Driver@20e3 (2eb8af4b)]&amp#27;[0m Responding to client with driver.getCurrentContext() result: "NATIVE_APP"
&amp#27;[38;5;0m[HTTP]&amp#27;[0m &amp#27;[37m<-- GET /session/2eb8af4b-f6f5-46ef-858a-418a2cc165ce/context &amp#27;[39m&amp#27;[32m200&amp#27;[39m &amp#27;[90m1 ms - 22&amp#27;[39m
&amp#27;[38;5;0m[HTTP]&amp#27;[0m &amp#27;[90m&amp#27;[39m
&amp#27;[38;5;0m[HTTP]&amp#27;[0m &amp#27;[37m-->&amp#27;[39m &amp#27;[37mPOST&amp#27;[39m &amp#27;[37m/session/2eb8af4b-f6f5-46ef-858a-418a2cc165ce/elements&amp#27;[39m
&amp#27;[38;5;0m[HTTP]&amp#27;[0m &amp#27;[90m{"value":"com.androidsample.generalstore:id/productName","using":"id"}&amp#27;[39m
&amp#27;[38;5;32m[AndroidUiautomator2Driver@20e3 (2eb8af4b)]&amp#27;[0m Calling AppiumDriver.findElements() with args: ["id","com.androidsample.generalstore:id/productName","2eb8af4b-f6f5-46ef-858a-418a2cc165ce"]
&amp#27;[38;5;32m[AndroidUiautomator2Driver@20e3 (2eb8af4b)]&amp#27;[0m Valid locator strategies for this request: xpath, id, class name, accessibility id, css selector, -android uiautomator
&amp#27;[38;5;32m[AndroidUiautomator2Driver@20e3 (2eb8af4b)]&amp#27;[0m Waiting up to 5000 ms for condition
&amp#27;[38;5;32m[AndroidUiautomator2Driver@20e3 (2eb8af4b)]&amp#27;[0m Matched '/elements' to command name 'findElements'
&amp#27;[38;5;32m[AndroidUiautomator2Driver@20e3 (2eb8af4b)]&amp#27;[0m Proxying [POST /elements] to [POST http://127.0.0.1:8200/session/9d67d8fb-4a7d-4886-b012-0b0e31d22bf2/elements] with body: {"strategy":"id","selector":"com.androidsample.generalstore:id/productName","context":"","multiple":true}
&amp#27;[38;5;32m[AndroidUiautomator2Driver@20e3 (2eb8af4b)]&amp#27;[0m Got response with status 200: {"sessionId":"9d67d8fb-4a7d-4886-b012-0b0e31d22bf2","value":[{"ELEMENT":"00000000-0000-01c9-ffff-ffff000000f0","element-6066-11e4-a52e-4f735466cecf":"00000000-0000-01c9-ffff-ffff000000f0"},{"ELEMENT":"00000000-0000-01c9-ffff-ffff000000f8","element-6066-11e4-a52e-4f735466cecf":"00000000-0000-01c9-ffff-ffff000000f8"}]}
&amp#27;[38;5;32m[AndroidUiautomator2Driver@20e3 (2eb8af4b)]&amp#27;[0m Responding to client with driver.findElements() result: [{"element-6066-11e4-a52e-4f735466cecf":"00000000-0000-01c9-ffff-ffff000000f0","ELEMENT":"00000000-0000-01c9-ffff-ffff000000f0"},{"element-6066-11e4-a52e-4f735466cecf":"00000000-0000-01c9-ffff-ffff000000f8","ELEMENT":"00000000-0000-01c9-ffff-ffff000000f8"}]
&amp#27;[38;5;0m[HTTP]&amp#27;[0m &amp#27;[37m<-- POST /session/2eb8af4b-f6f5-46ef-858a-418a2cc165ce/elements &amp#27;[39m&amp#27;[32m200&amp#27;[39m &amp#27;[90m333 ms - 267&amp#27;[39m
&amp#27;[38;5;0m[HTTP]&amp#27;[0m &amp#27;[90m&amp#27;[39m
&amp#27;[38;5;0m[HTTP]&amp#27;[0m &amp#27;[37m-->&amp#27;[39m &amp#27;[37mGET&amp#27;[39m &amp#27;[37m/session/2eb8af4b-f6f5-46ef-858a-418a2cc165ce/element/00000000-0000-01c9-ffff-ffff000000f8/text&amp#27;[39m
&amp#27;[38;5;0m[HTTP]&amp#27;[0m &amp#27;[90m{}&amp#27;[39m
&amp#27;[38;5;32m[AndroidUiautomator2Driver@20e3 (2eb8af4b)]&amp#27;[0m Driver proxy active, passing request on via HTTP proxy
&amp#27;[38;5;32m[AndroidUiautomator2Driver@20e3 (2eb8af4b)]&amp#27;[0m Matched '/session/2eb8af4b-f6f5-46ef-858a-418a2cc165ce/element/00000000-0000-01c9-ffff-ffff000000f8/text' to command name 'getText'
&amp#27;[38;5;32m[AndroidUiautomator2Driver@20e3 (2eb8af4b)]&amp#27;[0m Proxying [GET /session/2eb8af4b-f6f5-46ef-858a-418a2cc165ce/element/00000000-0000-01c9-ffff-ffff000000f8/text] to [GET http://127.0.0.1:8200/session/9d67d8fb-4a7d-4886-b012-0b0e31d22bf2/element/00000000-0000-01c9-ffff-ffff000000f8/text] with no body
&amp#27;[38;5;32m[AndroidUiautomator2Driver@20e3 (2eb8af4b)]&amp#27;[0m Got response with status 200: {"sessionId":"9d67d8fb-4a7d-4886-b012-0b0e31d22bf2","value":"Air Jordan 1 Mid SE"}
&amp#27;[38;5;32m[AndroidUiautomator2Driver@20e3 (2eb8af4b)]&amp#27;[0m Replacing sessionId 9d67d8fb-4a7d-4886-b012-0b0e31d22bf2 with 2eb8af4b-f6f5-46ef-858a-418a2cc165ce
&amp#27;[38;5;0m[HTTP]&amp#27;[0m &amp#27;[37m<-- GET /session/2eb8af4b-f6f5-46ef-858a-418a2cc165ce/element/00000000-0000-01c9-ffff-ffff000000f8/text &amp#27;[39m&amp#27;[32m200&amp#27;[39m &amp#27;[90m52 ms - 82&amp#27;[39m
&amp#27;[38;5;0m[HTTP]&amp#27;[0m &amp#27;[90m&amp#27;[39m
&amp#27;[38;5;0m[HTTP]&amp#27;[0m &amp#27;[37m-->&amp#27;[39m &amp#27;[37mGET&amp#27;[39m &amp#27;[37m/session/2eb8af4b-f6f5-46ef-858a-418a2cc165ce/context&amp#27;[39m
&amp#27;[38;5;0m[HTTP]&amp#27;[0m &amp#27;[90m{}&amp#27;[39m
&amp#27;[38;5;32m[AndroidUiautomator2Driver@20e3 (2eb8af4b)]&amp#27;[0m Calling AppiumDriver.getCurrentContext() with args: ["2eb8af4b-f6f5-46ef-858a-418a2cc165ce"]
&amp#27;[38;5;32m[AndroidUiautomator2Driver@20e3 (2eb8af4b)]&amp#27;[0m Responding to client with driver.getCurrentContext() result: "NATIVE_APP"
&amp#27;[38;5;0m[HTTP]&amp#27;[0m &amp#27;[37m<-- GET /session/2eb8af4b-f6f5-46ef-858a-418a2cc165ce/context &amp#27;[39m&amp#27;[32m200&amp#27;[39m &amp#27;[90m1 ms - 22&amp#27;[39m
&amp#27;[38;5;0m[HTTP]&amp#27;[0m &amp#27;[90m&amp#27;[39m
&amp#27;[38;5;0m[HTTP]&amp#27;[0m &amp#27;[37m-->&amp#27;[39m &amp#27;[37mPOST&amp#27;[39m &amp#27;[37m/session/2eb8af4b-f6f5-46ef-858a-418a2cc165ce/elements&amp#27;[39m
&amp#27;[38;5;0m[HTTP]&amp#27;[0m &amp#27;[90m{"value":"com.androidsample.generalstore:id/productPrice","using":"id"}&amp#27;[39m
&amp#27;[38;5;32m[AndroidUiautomator2Driver@20e3 (2eb8af4b)]&amp#27;[0m Calling AppiumDriver.findElements() with args: ["id","com.androidsample.generalstore:id/productPrice","2eb8af4b-f6f5-46ef-858a-418a2cc165ce"]
&amp#27;[38;5;32m[AndroidUiautomator2Driver@20e3 (2eb8af4b)]&amp#27;[0m Valid locator strategies for this request: xpath, id, class name, accessibility id, css selector, -android uiautomator
&amp#27;[38;5;32m[AndroidUiautomator2Driver@20e3 (2eb8af4b)]&amp#27;[0m Waiting up to 5000 ms for condition
&amp#27;[38;5;32m[AndroidUiautomator2Driver@20e3 (2eb8af4b)]&amp#27;[0m Matched '/elements' to command name 'findElements'
&amp#27;[38;5;32m[AndroidUiautomator2Driver@20e3 (2eb8af4b)]&amp#27;[0m Proxying [POST /elements] to [POST http://127.0.0.1:8200/session/9d67d8fb-4a7d-4886-b012-0b0e31d22bf2/elements] with body: {"strategy":"id","selector":"com.androidsample.generalstore:id/productPrice","context":"","multiple":true}
&amp#27;[38;5;32m[AndroidUiautomator2Driver@20e3 (2eb8af4b)]&amp#27;[0m Got response with status 200: {"sessionId":"9d67d8fb-4a7d-4886-b012-0b0e31d22bf2","value":[{"ELEMENT":"00000000-0000-01c9-ffff-ffff000000f3","element-6066-11e4-a52e-4f735466cecf":"00000000-0000-01c9-ffff-ffff000000f3"},{"ELEMENT":"00000000-0000-01c9-ffff-ffff000000fb","element-6066-11e4-a52e-4f735466cecf":"00000000-0000-01c9-ffff-ffff000000fb"}]}
&amp#27;[38;5;32m[AndroidUiautomator2Driver@20e3 (2eb8af4b)]&amp#27;[0m Responding to client with driver.findElements() result: [{"element-6066-11e4-a52e-4f735466cecf":"00000000-0000-01c9-ffff-ffff000000f3","ELEMENT":"00000000-0000-01c9-ffff-ffff000000f3"},{"element-6066-11e4-a52e-4f735466cecf":"00000000-0000-01c9-ffff-ffff000000fb","ELEMENT":"00000000-0000-01c9-ffff-ffff000000fb"}]
&amp#27;[38;5;0m[HTTP]&amp#27;[0m &amp#27;[37m<-- POST /session/2eb8af4b-f6f5-46ef-858a-418a2cc165ce/elements &amp#27;[39m&amp#27;[32m200&amp#27;[39m &amp#27;[90m318 ms - 267&amp#27;[39m
&amp#27;[38;5;0m[HTTP]&amp#27;[0m &amp#27;[90m&amp#27;[39m
&amp#27;[38;5;0m[HTTP]&amp#27;[0m &amp#27;[37m-->&amp#27;[39m &amp#27;[37mGET&amp#27;[39m &amp#27;[37m/session/2eb8af4b-f6f5-46ef-858a-418a2cc165ce/context&amp#27;[39m
&amp#27;[38;5;0m[HTTP]&amp#27;[0m &amp#27;[90m{}&amp#27;[39m
&amp#27;[38;5;32m[AndroidUiautomator2Driver@20e3 (2eb8af4b)]&amp#27;[0m Calling AppiumDriver.getCurrentContext() with args: ["2eb8af4b-f6f5-46ef-858a-418a2cc165ce"]
&amp#27;[38;5;32m[AndroidUiautomator2Driver@20e3 (2eb8af4b)]&amp#27;[0m Responding to client with driver.getCurrentContext() result: "NATIVE_APP"
&amp#27;[38;5;0m[HTTP]&amp#27;[0m &amp#27;[37m<-- GET /session/2eb8af4b-f6f5-46ef-858a-418a2cc165ce/context &amp#27;[39m&amp#27;[32m200&amp#27;[39m &amp#27;[90m1 ms - 22&amp#27;[39m
&amp#27;[38;5;0m[HTTP]&amp#27;[0m &amp#27;[90m&amp#27;[39m
&amp#27;[38;5;0m[HTTP]&amp#27;[0m &amp#27;[37m-->&amp#27;[39m &amp#27;[37mPOST&amp#27;[39m &amp#27;[37m/session/2eb8af4b-f6f5-46ef-858a-418a2cc165ce/elements&amp#27;[39m
&amp#27;[38;5;0m[HTTP]&amp#27;[0m &amp#27;[90m{"value":"com.androidsample.generalstore:id/productPrice","using":"id"}&amp#27;[39m
&amp#27;[38;5;32m[AndroidUiautomator2Driver@20e3 (2eb8af4b)]&amp#27;[0m Calling AppiumDriver.findElements() with args: ["id","com.androidsample.generalstore:id/productPrice","2eb8af4b-f6f5-46ef-858a-418a2cc165ce"]
&amp#27;[38;5;32m[AndroidUiautomator2Driver@20e3 (2eb8af4b)]&amp#27;[0m Valid locator strategies for this request: xpath, id, class name, accessibility id, css selector, -android uiautomator
&amp#27;[38;5;32m[AndroidUiautomator2Driver@20e3 (2eb8af4b)]&amp#27;[0m Waiting up to 5000 ms for condition
&amp#27;[38;5;32m[AndroidUiautomator2Driver@20e3 (2eb8af4b)]&amp#27;[0m Matched '/elements' to command name 'findElements'
&amp#27;[38;5;32m[AndroidUiautomator2Driver@20e3 (2eb8af4b)]&amp#27;[0m Proxying [POST /elements] to [POST http://127.0.0.1:8200/session/9d67d8fb-4a7d-4886-b012-0b0e31d22bf2/elements] with body: {"strategy":"id","selector":"com.androidsample.generalstore:id/productPrice","context":"","multiple":true}
&amp#27;[38;5;32m[AndroidUiautomator2Driver@20e3 (2eb8af4b)]&amp#27;[0m Got response with status 200: {"sessionId":"9d67d8fb-4a7d-4886-b012-0b0e31d22bf2","value":[{"ELEMENT":"00000000-0000-01c9-ffff-ffff000000f3","element-6066-11e4-a52e-4f735466cecf":"00000000-0000-01c9-ffff-ffff000000f3"},{"ELEMENT":"00000000-0000-01c9-ffff-ffff000000fb","element-6066-11e4-a52e-4f735466cecf":"00000000-0000-01c9-ffff-ffff000000fb"}]}
&amp#27;[38;5;32m[AndroidUiautomator2Driver@20e3 (2eb8af4b)]&amp#27;[0m Responding to client with driver.findElements() result: [{"element-6066-11e4-a52e-4f735466cecf":"00000000-0000-01c9-ffff-ffff000000f3","ELEMENT":"00000000-0000-01c9-ffff-ffff000000f3"},{"element-6066-11e4-a52e-4f735466cecf":"00000000-0000-01c9-ffff-ffff000000fb","ELEMENT":"00000000-0000-01c9-ffff-ffff000000fb"}]
&amp#27;[38;5;0m[HTTP]&amp#27;[0m &amp#27;[37m<-- POST /session/2eb8af4b-f6f5-46ef-858a-418a2cc165ce/elements &amp#27;[39m&amp#27;[32m200&amp#27;[39m &amp#27;[90m317 ms - 267&amp#27;[39m
&amp#27;[38;5;0m[HTTP]&amp#27;[0m &amp#27;[90m&amp#27;[39m
&amp#27;[38;5;0m[HTTP]&amp#27;[0m &amp#27;[37m-->&amp#27;[39m &amp#27;[37mGET&amp#27;[39m &amp#27;[37m/session/2eb8af4b-f6f5-46ef-858a-418a2cc165ce/element/00000000-0000-01c9-ffff-ffff000000f3/text&amp#27;[39m
&amp#27;[38;5;0m[HTTP]&amp#27;[0m &amp#27;[90m{}&amp#27;[39m
&amp#27;[38;5;32m[AndroidUiautomator2Driver@20e3 (2eb8af4b)]&amp#27;[0m Driver proxy active, passing request on via HTTP proxy
&amp#27;[38;5;32m[AndroidUiautomator2Driver@20e3 (2eb8af4b)]&amp#27;[0m Matched '/session/2eb8af4b-f6f5-46ef-858a-418a2cc165ce/element/00000000-0000-01c9-ffff-ffff000000f3/text' to command name 'getText'
&amp#27;[38;5;32m[AndroidUiautomator2Driver@20e3 (2eb8af4b)]&amp#27;[0m Proxying [GET /session/2eb8af4b-f6f5-46ef-858a-418a2cc165ce/element/00000000-0000-01c9-ffff-ffff000000f3/text] to [GET http://127.0.0.1:8200/session/9d67d8fb-4a7d-4886-b012-0b0e31d22bf2/element/00000000-0000-01c9-ffff-ffff000000f3/text] with no body
&amp#27;[38;5;32m[AndroidUiautomator2Driver@20e3 (2eb8af4b)]&amp#27;[0m Got response with status 200: {"sessionId":"9d67d8fb-4a7d-4886-b012-0b0e31d22bf2","value":"$160.97"}
&amp#27;[38;5;32m[AndroidUiautomator2Driver@20e3 (2eb8af4b)]&amp#27;[0m Replacing sessionId 9d67d8fb-4a7d-4886-b012-0b0e31d22bf2 with 2eb8af4b-f6f5-46ef-858a-418a2cc165ce
&amp#27;[38;5;0m[HTTP]&amp#27;[0m &amp#27;[37m<-- GET /session/2eb8af4b-f6f5-46ef-858a-418a2cc165ce/element/00000000-0000-01c9-ffff-ffff000000f3/text &amp#27;[39m&amp#27;[32m200&amp#27;[39m &amp#27;[90m68 ms - 70&amp#27;[39m
&amp#27;[38;5;0m[HTTP]&amp#27;[0m &amp#27;[90m&amp#27;[39m
&amp#27;[38;5;0m[HTTP]&amp#27;[0m &amp#27;[37m-->&amp#27;[39m &amp#27;[37mGET&amp#27;[39m &amp#27;[37m/session/2eb8af4b-f6f5-46ef-858a-418a2cc165ce/context&amp#27;[39m
&amp#27;[38;5;0m[HTTP]&amp#27;[0m &amp#27;[90m{}&amp#27;[39m
&amp#27;[38;5;32m[AndroidUiautomator2Driver@20e3 (2eb8af4b)]&amp#27;[0m Calling AppiumDriver.getCurrentContext() with args: ["2eb8af4b-f6f5-46ef-858a-418a2cc165ce"]
&amp#27;[38;5;32m[AndroidUiautomator2Driver@20e3 (2eb8af4b)]&amp#27;[0m Responding to client with driver.getCurrentContext() result: "NATIVE_APP"
&amp#27;[38;5;0m[HTTP]&amp#27;[0m &amp#27;[37m<-- GET /session/2eb8af4b-f6f5-46ef-858a-418a2cc165ce/context &amp#27;[39m&amp#27;[32m200&amp#27;[39m &amp#27;[90m1 ms - 22&amp#27;[39m
&amp#27;[38;5;0m[HTTP]&amp#27;[0m &amp#27;[90m&amp#27;[39m
&amp#27;[38;5;0m[HTTP]&amp#27;[0m &amp#27;[37m-->&amp#27;[39m &amp#27;[37mPOST&amp#27;[39m &amp#27;[37m/session/2eb8af4b-f6f5-46ef-858a-418a2cc165ce/elements&amp#27;[39m
&amp#27;[38;5;0m[HTTP]&amp#27;[0m &amp#27;[90m{"value":"com.androidsample.generalstore:id/productPrice","using":"id"}&amp#27;[39m
&amp#27;[38;5;32m[AndroidUiautomator2Driver@20e3 (2eb8af4b)]&amp#27;[0m Calling AppiumDriver.findElements() with args: ["id","com.androidsample.generalstore:id/productPrice","2eb8af4b-f6f5-46ef-858a-418a2cc165ce"]
&amp#27;[38;5;32m[AndroidUiautomator2Driver@20e3 (2eb8af4b)]&amp#27;[0m Valid locator strategies for this request: xpath, id, class name, accessibility id, css selector, -android uiautomator
&amp#27;[38;5;32m[AndroidUiautomator2Driver@20e3 (2eb8af4b)]&amp#27;[0m Waiting up to 5000 ms for condition
&amp#27;[38;5;32m[AndroidUiautomator2Driver@20e3 (2eb8af4b)]&amp#27;[0m Matched '/elements' to command name 'findElements'
&amp#27;[38;5;32m[AndroidUiautomator2Driver@20e3 (2eb8af4b)]&amp#27;[0m Proxying [POST /elements] to [POST http://127.0.0.1:8200/session/9d67d8fb-4a7d-4886-b012-0b0e31d22bf2/elements] with body: {"strategy":"id","selector":"com.androidsample.generalstore:id/productPrice","context":"","multiple":true}
&amp#27;[38;5;32m[AndroidUiautomator2Driver@20e3 (2eb8af4b)]&amp#27;[0m Got response with status 200: {"sessionId":"9d67d8fb-4a7d-4886-b012-0b0e31d22bf2","value":[{"ELEMENT":"00000000-0000-01c9-ffff-ffff000000f3","element-6066-11e4-a52e-4f735466cecf":"00000000-0000-01c9-ffff-ffff000000f3"},{"ELEMENT":"00000000-0000-01c9-ffff-ffff000000fb","element-6066-11e4-a52e-4f735466cecf":"00000000-0000-01c9-ffff-ffff000000fb"}]}
&amp#27;[38;5;32m[AndroidUiautomator2Driver@20e3 (2eb8af4b)]&amp#27;[0m Responding to client with driver.findElements() result: [{"element-6066-11e4-a52e-4f735466cecf":"00000000-0000-01c9-ffff-ffff000000f3","ELEMENT":"00000000-0000-01c9-ffff-ffff000000f3"},{"element-6066-11e4-a52e-4f735466cecf":"00000000-0000-01c9-ffff-ffff000000fb","ELEMENT":"00000000-0000-01c9-ffff-ffff000000fb"}]
&amp#27;[38;5;0m[HTTP]&amp#27;[0m &amp#27;[37m<-- POST /session/2eb8af4b-f6f5-46ef-858a-418a2cc165ce/elements &amp#27;[39m&amp#27;[32m200&amp#27;[39m &amp#27;[90m357 ms - 267&amp#27;[39m
&amp#27;[38;5;0m[HTTP]&amp#27;[0m &amp#27;[90m&amp#27;[39m
&amp#27;[38;5;0m[HTTP]&amp#27;[0m &amp#27;[37m-->&amp#27;[39m &amp#27;[37mGET&amp#27;[39m &amp#27;[37m/session/2eb8af4b-f6f5-46ef-858a-418a2cc165ce/element/00000000-0000-01c9-ffff-ffff000000fb/text&amp#27;[39m
&amp#27;[38;5;0m[HTTP]&amp#27;[0m &amp#27;[90m{}&amp#27;[39m
&amp#27;[38;5;32m[AndroidUiautomator2Driver@20e3 (2eb8af4b)]&amp#27;[0m Driver proxy active, passing request on via HTTP proxy
&amp#27;[38;5;32m[AndroidUiautomator2Driver@20e3 (2eb8af4b)]&amp#27;[0m Matched '/session/2eb8af4b-f6f5-46ef-858a-418a2cc165ce/element/00000000-0000-01c9-ffff-ffff000000fb/text' to command name 'getText'
&amp#27;[38;5;32m[AndroidUiautomator2Driver@20e3 (2eb8af4b)]&amp#27;[0m Proxying [GET /session/2eb8af4b-f6f5-46ef-858a-418a2cc165ce/element/00000000-0000-01c9-ffff-ffff000000fb/text] to [GET http://127.0.0.1:8200/session/9d67d8fb-4a7d-4886-b012-0b0e31d22bf2/element/00000000-0000-01c9-ffff-ffff000000fb/text] with no body
&amp#27;[38;5;32m[AndroidUiautomator2Driver@20e3 (2eb8af4b)]&amp#27;[0m Got response with status 200: {"sessionId":"9d67d8fb-4a7d-4886-b012-0b0e31d22bf2","value":"$120.0"}
&amp#27;[38;5;32m[AndroidUiautomator2Driver@20e3 (2eb8af4b)]&amp#27;[0m Replacing sessionId 9d67d8fb-4a7d-4886-b012-0b0e31d22bf2 with 2eb8af4b-f6f5-46ef-858a-418a2cc165ce
&amp#27;[38;5;0m[HTTP]&amp#27;[0m &amp#27;[37m<-- GET /session/2eb8af4b-f6f5-46ef-858a-418a2cc165ce/element/00000000-0000-01c9-ffff-ffff000000fb/text &amp#27;[39m&amp#27;[32m200&amp#27;[39m &amp#27;[90m63 ms - 69&amp#27;[39m
&amp#27;[38;5;0m[HTTP]&amp#27;[0m &amp#27;[90m&amp#27;[39m
&amp#27;[38;5;0m[HTTP]&amp#27;[0m &amp#27;[37m-->&amp#27;[39m &amp#27;[37mGET&amp#27;[39m &amp#27;[37m/session/2eb8af4b-f6f5-46ef-858a-418a2cc165ce/context&amp#27;[39m
&amp#27;[38;5;0m[HTTP]&amp#27;[0m &amp#27;[90m{}&amp#27;[39m
&amp#27;[38;5;32m[AndroidUiautomator2Driver@20e3 (2eb8af4b)]&amp#27;[0m Calling AppiumDriver.getCurrentContext() with args: ["2eb8af4b-f6f5-46ef-858a-418a2cc165ce"]
&amp#27;[38;5;32m[AndroidUiautomator2Driver@20e3 (2eb8af4b)]&amp#27;[0m Responding to client with driver.getCurrentContext() result: "NATIVE_APP"
&amp#27;[38;5;0m[HTTP]&amp#27;[0m &amp#27;[37m<-- GET /session/2eb8af4b-f6f5-46ef-858a-418a2cc165ce/context &amp#27;[39m&amp#27;[32m200&amp#27;[39m &amp#27;[90m1 ms - 22&amp#27;[39m
&amp#27;[38;5;0m[HTTP]&amp#27;[0m &amp#27;[90m&amp#27;[39m
&amp#27;[38;5;0m[HTTP]&amp#27;[0m &amp#27;[37m-->&amp#27;[39m &amp#27;[37mPOST&amp#27;[39m &amp#27;[37m/session/2eb8af4b-f6f5-46ef-858a-418a2cc165ce/element&amp#27;[39m
&amp#27;[38;5;0m[HTTP]&amp#27;[0m &amp#27;[90m{"value":"com.androidsample.generalstore:id/totalAmountLbl","using":"id"}&amp#27;[39m
&amp#27;[38;5;32m[AndroidUiautomator2Driver@20e3 (2eb8af4b)]&amp#27;[0m Calling AppiumDriver.findElement() with args: ["id","com.androidsample.generalstore:id/totalAmountLbl","2eb8af4b-f6f5-46ef-858a-418a2cc165ce"]
&amp#27;[38;5;32m[AndroidUiautomator2Driver@20e3 (2eb8af4b)]&amp#27;[0m Valid locator strategies for this request: xpath, id, class name, accessibility id, css selector, -android uiautomator
&amp#27;[38;5;32m[AndroidUiautomator2Driver@20e3 (2eb8af4b)]&amp#27;[0m Waiting up to 5000 ms for condition
&amp#27;[38;5;32m[AndroidUiautomator2Driver@20e3 (2eb8af4b)]&amp#27;[0m Matched '/element' to command name 'findElement'
&amp#27;[38;5;32m[AndroidUiautomator2Driver@20e3 (2eb8af4b)]&amp#27;[0m Proxying [POST /element] to [POST http://127.0.0.1:8200/session/9d67d8fb-4a7d-4886-b012-0b0e31d22bf2/element] with body: {"strategy":"id","selector":"com.androidsample.generalstore:id/totalAmountLbl","context":"","multiple":false}
&amp#27;[38;5;32m[AndroidUiautomator2Driver@20e3 (2eb8af4b)]&amp#27;[0m Got response with status 200: {"sessionId":"9d67d8fb-4a7d-4886-b012-0b0e31d22bf2","value":{"ELEMENT":"00000000-0000-01c9-ffff-ffff000000e7","element-6066-11e4-a52e-4f735466cecf":"00000000-0000-01c9-ffff-ffff000000e7"}}
&amp#27;[38;5;32m[AndroidUiautomator2Driver@20e3 (2eb8af4b)]&amp#27;[0m Responding to client with driver.findElement() result: {"element-6066-11e4-a52e-4f735466cecf":"00000000-0000-01c9-ffff-ffff000000e7","ELEMENT":"00000000-0000-01c9-ffff-ffff000000e7"}
&amp#27;[38;5;0m[HTTP]&amp#27;[0m &amp#27;[37m<-- POST /session/2eb8af4b-f6f5-46ef-858a-418a2cc165ce/element &amp#27;[39m&amp#27;[32m200&amp#27;[39m &amp#27;[90m299 ms - 137&amp#27;[39m
&amp#27;[38;5;0m[HTTP]&amp#27;[0m &amp#27;[90m&amp#27;[39m
&amp#27;[38;5;0m[HTTP]&amp#27;[0m &amp#27;[37m-->&amp#27;[39m &amp#27;[37mGET&amp#27;[39m &amp#27;[37m/session/2eb8af4b-f6f5-46ef-858a-418a2cc165ce/element/00000000-0000-01c9-ffff-ffff000000e7/text&amp#27;[39m
&amp#27;[38;5;0m[HTTP]&amp#27;[0m &amp#27;[90m{}&amp#27;[39m
&amp#27;[38;5;32m[AndroidUiautomator2Driver@20e3 (2eb8af4b)]&amp#27;[0m Driver proxy active, passing request on via HTTP proxy
&amp#27;[38;5;32m[AndroidUiautomator2Driver@20e3 (2eb8af4b)]&amp#27;[0m Matched '/session/2eb8af4b-f6f5-46ef-858a-418a2cc165ce/element/00000000-0000-01c9-ffff-ffff000000e7/text' to command name 'getText'
&amp#27;[38;5;32m[AndroidUiautomator2Driver@20e3 (2eb8af4b)]&amp#27;[0m Proxying [GET /session/2eb8af4b-f6f5-46ef-858a-418a2cc165ce/element/00000000-0000-01c9-ffff-ffff000000e7/text] to [GET http://127.0.0.1:8200/session/9d67d8fb-4a7d-4886-b012-0b0e31d22bf2/element/00000000-0000-01c9-ffff-ffff000000e7/text] with no body
&amp#27;[38;5;32m[AndroidUiautomator2Driver@20e3 (2eb8af4b)]&amp#27;[0m Got response with status 200: {"sessionId":"9d67d8fb-4a7d-4886-b012-0b0e31d22bf2","value":"$ 280.97"}
&amp#27;[38;5;32m[AndroidUiautomator2Driver@20e3 (2eb8af4b)]&amp#27;[0m Replacing sessionId 9d67d8fb-4a7d-4886-b012-0b0e31d22bf2 with 2eb8af4b-f6f5-46ef-858a-418a2cc165ce
&amp#27;[38;5;0m[HTTP]&amp#27;[0m &amp#27;[37m<-- GET /session/2eb8af4b-f6f5-46ef-858a-418a2cc165ce/element/00000000-0000-01c9-ffff-ffff000000e7/text &amp#27;[39m&amp#27;[32m200&amp#27;[39m &amp#27;[90m68 ms - 71&amp#27;[39m
&amp#27;[38;5;0m[HTTP]&amp#27;[0m &amp#27;[90m&amp#27;[39m
&amp#27;[38;5;0m[HTTP]&amp#27;[0m &amp#27;[37m-->&amp#27;[39m &amp#27;[37mGET&amp#27;[39m &amp#27;[37m/session/2eb8af4b-f6f5-46ef-858a-418a2cc165ce/context&amp#27;[39m
&amp#27;[38;5;0m[HTTP]&amp#27;[0m &amp#27;[90m{}&amp#27;[39m
&amp#27;[38;5;32m[AndroidUiautomator2Driver@20e3 (2eb8af4b)]&amp#27;[0m Calling AppiumDriver.getCurrentContext() with args: ["2eb8af4b-f6f5-46ef-858a-418a2cc165ce"]
&amp#27;[38;5;32m[AndroidUiautomator2Driver@20e3 (2eb8af4b)]&amp#27;[0m Responding to client with driver.getCurrentContext() result: "NATIVE_APP"
&amp#27;[38;5;0m[HTTP]&amp#27;[0m &amp#27;[37m<-- GET /session/2eb8af4b-f6f5-46ef-858a-418a2cc165ce/context &amp#27;[39m&amp#27;[32m200&amp#27;[39m &amp#27;[90m1 ms - 22&amp#27;[39m
&amp#27;[38;5;0m[HTTP]&amp#27;[0m &amp#27;[90m&amp#27;[39m
&amp#27;[38;5;0m[HTTP]&amp#27;[0m &amp#27;[37m-->&amp#27;[39m &amp#27;[37mPOST&amp#27;[39m &amp#27;[37m/session/2eb8af4b-f6f5-46ef-858a-418a2cc165ce/element&amp#27;[39m
&amp#27;[38;5;0m[HTTP]&amp#27;[0m &amp#27;[90m{"value":"android.widget.CheckBox","using":"class name"}&amp#27;[39m
&amp#27;[38;5;32m[AndroidUiautomator2Driver@20e3 (2eb8af4b)]&amp#27;[0m Calling AppiumDriver.findElement() with args: ["class name","android.widget.CheckBox","2eb8af4b-f6f5-46ef-858a-418a2cc165ce"]
&amp#27;[38;5;32m[AndroidUiautomator2Driver@20e3 (2eb8af4b)]&amp#27;[0m Valid locator strategies for this request: xpath, id, class name, accessibility id, css selector, -android uiautomator
&amp#27;[38;5;32m[AndroidUiautomator2Driver@20e3 (2eb8af4b)]&amp#27;[0m Waiting up to 5000 ms for condition
&amp#27;[38;5;32m[AndroidUiautomator2Driver@20e3 (2eb8af4b)]&amp#27;[0m Matched '/element' to command name 'findElement'
&amp#27;[38;5;32m[AndroidUiautomator2Driver@20e3 (2eb8af4b)]&amp#27;[0m Proxying [POST /element] to [POST http://127.0.0.1:8200/session/9d67d8fb-4a7d-4886-b012-0b0e31d22bf2/element] with body: {"strategy":"class name","selector":"android.widget.CheckBox","context":"","multiple":false}
&amp#27;[38;5;32m[AndroidUiautomator2Driver@20e3 (2eb8af4b)]&amp#27;[0m Got response with status 200: {"sessionId":"9d67d8fb-4a7d-4886-b012-0b0e31d22bf2","value":{"ELEMENT":"00000000-0000-01c9-ffff-ffff000000e8","element-6066-11e4-a52e-4f735466cecf":"00000000-0000-01c9-ffff-ffff000000e8"}}
&amp#27;[38;5;32m[AndroidUiautomator2Driver@20e3 (2eb8af4b)]&amp#27;[0m Responding to client with driver.findElement() result: {"element-6066-11e4-a52e-4f735466cecf":"00000000-0000-01c9-ffff-ffff000000e8","ELEMENT":"00000000-0000-01c9-ffff-ffff000000e8"}
&amp#27;[38;5;0m[HTTP]&amp#27;[0m &amp#27;[37m<-- POST /session/2eb8af4b-f6f5-46ef-858a-418a2cc165ce/element &amp#27;[39m&amp#27;[32m200&amp#27;[39m &amp#27;[90m316 ms - 137&amp#27;[39m
&amp#27;[38;5;0m[HTTP]&amp#27;[0m &amp#27;[90m&amp#27;[39m
&amp#27;[38;5;0m[HTTP]&amp#27;[0m &amp#27;[37m-->&amp#27;[39m &amp#27;[37mPOST&amp#27;[39m &amp#27;[37m/session/2eb8af4b-f6f5-46ef-858a-418a2cc165ce/element/00000000-0000-01c9-ffff-ffff000000e8/click&amp#27;[39m
&amp#27;[38;5;0m[HTTP]&amp#27;[0m &amp#27;[90m{"id":"00000000-0000-01c9-ffff-ffff000000e8"}&amp#27;[39m
&amp#27;[38;5;32m[AndroidUiautomator2Driver@20e3 (2eb8af4b)]&amp#27;[0m Calling AppiumDriver.click() with args: ["00000000-0000-01c9-ffff-ffff000000e8","2eb8af4b-f6f5-46ef-858a-418a2cc165ce"]
&amp#27;[38;5;32m[AndroidUiautomator2Driver@20e3 (2eb8af4b)]&amp#27;[0m Matched '/element/00000000-0000-01c9-ffff-ffff000000e8/click' to command name 'click'
&amp#27;[38;5;32m[AndroidUiautomator2Driver@20e3 (2eb8af4b)]&amp#27;[0m Proxying [POST /element/00000000-0000-01c9-ffff-ffff000000e8/click] to [POST http://127.0.0.1:8200/session/9d67d8fb-4a7d-4886-b012-0b0e31d22bf2/element/00000000-0000-01c9-ffff-ffff000000e8/click] with body: {"element":"00000000-0000-01c9-ffff-ffff000000e8"}
&amp#27;[38;5;32m[AndroidUiautomator2Driver@20e3 (2eb8af4b)]&amp#27;[0m Got response with status 200: {"sessionId":"9d67d8fb-4a7d-4886-b012-0b0e31d22bf2","value":null}
&amp#27;[38;5;32m[AndroidUiautomator2Driver@20e3 (2eb8af4b)]&amp#27;[0m Responding to client with driver.click() result: null
&amp#27;[38;5;0m[HTTP]&amp#27;[0m &amp#27;[37m<-- POST /session/2eb8af4b-f6f5-46ef-858a-418a2cc165ce/element/00000000-0000-01c9-ffff-ffff000000e8/click &amp#27;[39m&amp#27;[32m200&amp#27;[39m &amp#27;[90m134 ms - 14&amp#27;[39m
&amp#27;[38;5;0m[HTTP]&amp#27;[0m &amp#27;[90m&amp#27;[39m
&amp#27;[38;5;0m[HTTP]&amp#27;[0m &amp#27;[37m-->&amp#27;[39m &amp#27;[37mGET&amp#27;[39m &amp#27;[37m/session/2eb8af4b-f6f5-46ef-858a-418a2cc165ce/context&amp#27;[39m
&amp#27;[38;5;0m[HTTP]&amp#27;[0m &amp#27;[90m{}&amp#27;[39m
&amp#27;[38;5;32m[AndroidUiautomator2Driver@20e3 (2eb8af4b)]&amp#27;[0m Calling AppiumDriver.getCurrentContext() with args: ["2eb8af4b-f6f5-46ef-858a-418a2cc165ce"]
&amp#27;[38;5;32m[AndroidUiautomator2Driver@20e3 (2eb8af4b)]&amp#27;[0m Responding to client with driver.getCurrentContext() result: "NATIVE_APP"
&amp#27;[38;5;0m[HTTP]&amp#27;[0m &amp#27;[37m<-- GET /session/2eb8af4b-f6f5-46ef-858a-418a2cc165ce/context &amp#27;[39m&amp#27;[32m200&amp#27;[39m &amp#27;[90m1 ms - 22&amp#27;[39m
&amp#27;[38;5;0m[HTTP]&amp#27;[0m &amp#27;[90m&amp#27;[39m
&amp#27;[38;5;0m[HTTP]&amp#27;[0m &amp#27;[37m-->&amp#27;[39m &amp#27;[37mPOST&amp#27;[39m &amp#27;[37m/session/2eb8af4b-f6f5-46ef-858a-418a2cc165ce/element&amp#27;[39m
&amp#27;[38;5;0m[HTTP]&amp#27;[0m &amp#27;[90m{"value":"com.androidsample.generalstore:id/termsButton","using":"id"}&amp#27;[39m
&amp#27;[38;5;32m[AndroidUiautomator2Driver@20e3 (2eb8af4b)]&amp#27;[0m Calling AppiumDriver.findElement() with args: ["id","com.androidsample.generalstore:id/termsButton","2eb8af4b-f6f5-46ef-858a-418a2cc165ce"]
&amp#27;[38;5;32m[AndroidUiautomator2Driver@20e3 (2eb8af4b)]&amp#27;[0m Valid locator strategies for this request: xpath, id, class name, accessibility id, css selector, -android uiautomator
&amp#27;[38;5;32m[AndroidUiautomator2Driver@20e3 (2eb8af4b)]&amp#27;[0m Waiting up to 5000 ms for condition
&amp#27;[38;5;32m[AndroidUiautomator2Driver@20e3 (2eb8af4b)]&amp#27;[0m Matched '/element' to command name 'findElement'
&amp#27;[38;5;32m[AndroidUiautomator2Driver@20e3 (2eb8af4b)]&amp#27;[0m Proxying [POST /element] to [POST http://127.0.0.1:8200/session/9d67d8fb-4a7d-4886-b012-0b0e31d22bf2/element] with body: {"strategy":"id","selector":"com.androidsample.generalstore:id/termsButton","context":"","multiple":false}
&amp#27;[38;5;32m[AndroidUiautomator2Driver@20e3 (2eb8af4b)]&amp#27;[0m Got response with status 200: {"sessionId":"9d67d8fb-4a7d-4886-b012-0b0e31d22bf2","value":{"ELEMENT":"00000000-0000-01c9-ffff-ffff000000ea","element-6066-11e4-a52e-4f735466cecf":"00000000-0000-01c9-ffff-ffff000000ea"}}
&amp#27;[38;5;32m[AndroidUiautomator2Driver@20e3 (2eb8af4b)]&amp#27;[0m Responding to client with driver.findElement() result: {"element-6066-11e4-a52e-4f735466cecf":"00000000-0000-01c9-ffff-ffff000000ea","ELEMENT":"00000000-0000-01c9-ffff-ffff000000ea"}
&amp#27;[38;5;0m[HTTP]&amp#27;[0m &amp#27;[37m<-- POST /session/2eb8af4b-f6f5-46ef-858a-418a2cc165ce/element &amp#27;[39m&amp#27;[32m200&amp#27;[39m &amp#27;[90m896 ms - 137&amp#27;[39m
&amp#27;[38;5;0m[HTTP]&amp#27;[0m &amp#27;[90m&amp#27;[39m
&amp#27;[38;5;0m[HTTP]&amp#27;[0m &amp#27;[37m-->&amp#27;[39m &amp#27;[37mPOST&amp#27;[39m &amp#27;[37m/session/2eb8af4b-f6f5-46ef-858a-418a2cc165ce/execute/sync&amp#27;[39m
&amp#27;[38;5;0m[HTTP]&amp#27;[0m &amp#27;[90m{"script":"mobile: longClickGesture","args":[{"elementId":"00000000-0000-01c9-ffff-ffff000000ea","duration":2000}]}&amp#27;[39m
&amp#27;[38;5;32m[AndroidUiautomator2Driver@20e3 (2eb8af4b)]&amp#27;[0m Calling AppiumDriver.execute() with args: ["mobile: longClickGesture",[{"elementId":"00000000-0000-01c9-ffff-ffff000000ea","duration":2000}],"2eb8af4b-f6f5-46ef-858a-418a2cc165ce"]
&amp#27;[38;5;32m[AndroidUiautomator2Driver@20e3 (2eb8af4b)]&amp#27;[0m Executing native command 'mobile: longClickGesture'
&amp#27;[38;5;32m[AndroidUiautomator2Driver@20e3 (2eb8af4b)]&amp#27;[0m Proxying [POST /appium/gestures/long_click] to [POST http://127.0.0.1:8200/session/9d67d8fb-4a7d-4886-b012-0b0e31d22bf2/appium/gestures/long_click] with body: {"origin":{"ELEMENT":"00000000-0000-01c9-ffff-ffff000000ea","element-6066-11e4-a52e-4f735466cecf":"00000000-0000-01c9-ffff-ffff000000ea"},"duration":2000}
&amp#27;[38;5;32m[AndroidUiautomator2Driver@20e3 (2eb8af4b)]&amp#27;[0m Got response with status 200: {"sessionId":"9d67d8fb-4a7d-4886-b012-0b0e31d22bf2","value":null}
&amp#27;[38;5;32m[AndroidUiautomator2Driver@20e3 (2eb8af4b)]&amp#27;[0m Responding to client with driver.execute() result: null
&amp#27;[38;5;0m[HTTP]&amp#27;[0m &amp#27;[37m<-- POST /session/2eb8af4b-f6f5-46ef-858a-418a2cc165ce/execute/sync &amp#27;[39m&amp#27;[32m200&amp#27;[39m &amp#27;[90m4630 ms - 14&amp#27;[39m
&amp#27;[38;5;0m[HTTP]&amp#27;[0m &amp#27;[90m&amp#27;[39m
&amp#27;[38;5;0m[HTTP]&amp#27;[0m &amp#27;[37m-->&amp#27;[39m &amp#27;[37mGET&amp#27;[39m &amp#27;[37m/session/2eb8af4b-f6f5-46ef-858a-418a2cc165ce/context&amp#27;[39m
&amp#27;[38;5;0m[HTTP]&amp#27;[0m &amp#27;[90m{}&amp#27;[39m
&amp#27;[38;5;32m[AndroidUiautomator2Driver@20e3 (2eb8af4b)]&amp#27;[0m Calling AppiumDriver.getCurrentContext() with args: ["2eb8af4b-f6f5-46ef-858a-418a2cc165ce"]
&amp#27;[38;5;32m[AndroidUiautomator2Driver@20e3 (2eb8af4b)]&amp#27;[0m Responding to client with driver.getCurrentContext() result: "NATIVE_APP"
&amp#27;[38;5;0m[HTTP]&amp#27;[0m &amp#27;[37m<-- GET /session/2eb8af4b-f6f5-46ef-858a-418a2cc165ce/context &amp#27;[39m&amp#27;[32m200&amp#27;[39m &amp#27;[90m1 ms - 22&amp#27;[39m
&amp#27;[38;5;0m[HTTP]&amp#27;[0m &amp#27;[90m&amp#27;[39m
&amp#27;[38;5;0m[HTTP]&amp#27;[0m &amp#27;[37m-->&amp#27;[39m &amp#27;[37mPOST&amp#27;[39m &amp#27;[37m/session/2eb8af4b-f6f5-46ef-858a-418a2cc165ce/element&amp#27;[39m
&amp#27;[38;5;0m[HTTP]&amp#27;[0m &amp#27;[90m{"value":"com.androidsample.generalstore:id/alertTitle","using":"id"}&amp#27;[39m
&amp#27;[38;5;32m[AndroidUiautomator2Driver@20e3 (2eb8af4b)]&amp#27;[0m Calling AppiumDriver.findElement() with args: ["id","com.androidsample.generalstore:id/alertTitle","2eb8af4b-f6f5-46ef-858a-418a2cc165ce"]
&amp#27;[38;5;32m[AndroidUiautomator2Driver@20e3 (2eb8af4b)]&amp#27;[0m Valid locator strategies for this request: xpath, id, class name, accessibility id, css selector, -android uiautomator
&amp#27;[38;5;32m[AndroidUiautomator2Driver@20e3 (2eb8af4b)]&amp#27;[0m Waiting up to 5000 ms for condition
&amp#27;[38;5;32m[AndroidUiautomator2Driver@20e3 (2eb8af4b)]&amp#27;[0m Matched '/element' to command name 'findElement'
&amp#27;[38;5;32m[AndroidUiautomator2Driver@20e3 (2eb8af4b)]&amp#27;[0m Proxying [POST /element] to [POST http://127.0.0.1:8200/session/9d67d8fb-4a7d-4886-b012-0b0e31d22bf2/element] with body: {"strategy":"id","selector":"com.androidsample.generalstore:id/alertTitle","context":"","multiple":false}
&amp#27;[38;5;32m[AndroidUiautomator2Driver@20e3 (2eb8af4b)]&amp#27;[0m Got response with status 200: {"sessionId":"9d67d8fb-4a7d-4886-b012-0b0e31d22bf2","value":{"ELEMENT":"00000000-0000-01ca-ffff-ffff00000107","element-6066-11e4-a52e-4f735466cecf":"00000000-0000-01ca-ffff-ffff00000107"}}
&amp#27;[38;5;32m[AndroidUiautomator2Driver@20e3 (2eb8af4b)]&amp#27;[0m Responding to client with driver.findElement() result: {"element-6066-11e4-a52e-4f735466cecf":"00000000-0000-01ca-ffff-ffff00000107","ELEMENT":"00000000-0000-01ca-ffff-ffff00000107"}
&amp#27;[38;5;0m[HTTP]&amp#27;[0m &amp#27;[37m<-- POST /session/2eb8af4b-f6f5-46ef-858a-418a2cc165ce/element &amp#27;[39m&amp#27;[32m200&amp#27;[39m &amp#27;[90m113 ms - 137&amp#27;[39m
&amp#27;[38;5;0m[HTTP]&amp#27;[0m &amp#27;[90m&amp#27;[39m
&amp#27;[38;5;0m[HTTP]&amp#27;[0m &amp#27;[37m-->&amp#27;[39m &amp#27;[37mGET&amp#27;[39m &amp#27;[37m/session/2eb8af4b-f6f5-46ef-858a-418a2cc165ce/element/00000000-0000-01ca-ffff-ffff00000107/text&amp#27;[39m
&amp#27;[38;5;0m[HTTP]&amp#27;[0m &amp#27;[90m{}&amp#27;[39m
&amp#27;[38;5;32m[AndroidUiautomator2Driver@20e3 (2eb8af4b)]&amp#27;[0m Driver proxy active, passing request on via HTTP proxy
&amp#27;[38;5;32m[AndroidUiautomator2Driver@20e3 (2eb8af4b)]&amp#27;[0m Matched '/session/2eb8af4b-f6f5-46ef-858a-418a2cc165ce/element/00000000-0000-01ca-ffff-ffff00000107/text' to command name 'getText'
&amp#27;[38;5;32m[AndroidUiautomator2Driver@20e3 (2eb8af4b)]&amp#27;[0m Proxying [GET /session/2eb8af4b-f6f5-46ef-858a-418a2cc165ce/element/00000000-0000-01ca-ffff-ffff00000107/text] to [GET http://127.0.0.1:8200/session/9d67d8fb-4a7d-4886-b012-0b0e31d22bf2/element/00000000-0000-01ca-ffff-ffff00000107/text] with no body
&amp#27;[38;5;32m[AndroidUiautomator2Driver@20e3 (2eb8af4b)]&amp#27;[0m Got response with status 200: {"sessionId":"9d67d8fb-4a7d-4886-b012-0b0e31d22bf2","value":"Terms Of Conditions"}
&amp#27;[38;5;32m[AndroidUiautomator2Driver@20e3 (2eb8af4b)]&amp#27;[0m Replacing sessionId 9d67d8fb-4a7d-4886-b012-0b0e31d22bf2 with 2eb8af4b-f6f5-46ef-858a-418a2cc165ce
&amp#27;[38;5;0m[HTTP]&amp#27;[0m &amp#27;[37m<-- GET /session/2eb8af4b-f6f5-46ef-858a-418a2cc165ce/element/00000000-0000-01ca-ffff-ffff00000107/text &amp#27;[39m&amp#27;[32m200&amp#27;[39m &amp#27;[90m65 ms - 82&amp#27;[39m
&amp#27;[38;5;0m[HTTP]&amp#27;[0m &amp#27;[90m&amp#27;[39m
&amp#27;[38;5;0m[HTTP]&amp#27;[0m &amp#27;[37m-->&amp#27;[39m &amp#27;[37mGET&amp#27;[39m &amp#27;[37m/session/2eb8af4b-f6f5-46ef-858a-418a2cc165ce/context&amp#27;[39m
&amp#27;[38;5;0m[HTTP]&amp#27;[0m &amp#27;[90m{}&amp#27;[39m
&amp#27;[38;5;32m[AndroidUiautomator2Driver@20e3 (2eb8af4b)]&amp#27;[0m Calling AppiumDriver.getCurrentContext() with args: ["2eb8af4b-f6f5-46ef-858a-418a2cc165ce"]
&amp#27;[38;5;32m[AndroidUiautomator2Driver@20e3 (2eb8af4b)]&amp#27;[0m Responding to client with driver.getCurrentContext() result: "NATIVE_APP"
&amp#27;[38;5;0m[HTTP]&amp#27;[0m &amp#27;[37m<-- GET /session/2eb8af4b-f6f5-46ef-858a-418a2cc165ce/context &amp#27;[39m&amp#27;[32m200&amp#27;[39m &amp#27;[90m1 ms - 22&amp#27;[39m
&amp#27;[38;5;0m[HTTP]&amp#27;[0m &amp#27;[90m&amp#27;[39m
&amp#27;[38;5;0m[HTTP]&amp#27;[0m &amp#27;[37m-->&amp#27;[39m &amp#27;[37mPOST&amp#27;[39m &amp#27;[37m/session/2eb8af4b-f6f5-46ef-858a-418a2cc165ce/element&amp#27;[39m
&amp#27;[38;5;0m[HTTP]&amp#27;[0m &amp#27;[90m{"value":"android:id/button1","using":"id"}&amp#27;[39m
&amp#27;[38;5;32m[AndroidUiautomator2Driver@20e3 (2eb8af4b)]&amp#27;[0m Calling AppiumDriver.findElement() with args: ["id","android:id/button1","2eb8af4b-f6f5-46ef-858a-418a2cc165ce"]
&amp#27;[38;5;32m[AndroidUiautomator2Driver@20e3 (2eb8af4b)]&amp#27;[0m Valid locator strategies for this request: xpath, id, class name, accessibility id, css selector, -android uiautomator
&amp#27;[38;5;32m[AndroidUiautomator2Driver@20e3 (2eb8af4b)]&amp#27;[0m Waiting up to 5000 ms for condition
&amp#27;[38;5;32m[AndroidUiautomator2Driver@20e3 (2eb8af4b)]&amp#27;[0m Matched '/element' to command name 'findElement'
&amp#27;[38;5;32m[AndroidUiautomator2Driver@20e3 (2eb8af4b)]&amp#27;[0m Proxying [POST /element] to [POST http://127.0.0.1:8200/session/9d67d8fb-4a7d-4886-b012-0b0e31d22bf2/element] with body: {"strategy":"id","selector":"android:id/button1","context":"","multiple":false}
&amp#27;[38;5;32m[AndroidUiautomator2Driver@20e3 (2eb8af4b)]&amp#27;[0m Got response with status 200: {"sessionId":"9d67d8fb-4a7d-4886-b012-0b0e31d22bf2","value":{"ELEMENT":"00000000-0000-01ca-ffff-ffff00000116","element-6066-11e4-a52e-4f735466cecf":"00000000-0000-01ca-ffff-ffff00000116"}}
&amp#27;[38;5;32m[AndroidUiautomator2Driver@20e3 (2eb8af4b)]&amp#27;[0m Responding to client with driver.findElement() result: {"element-6066-11e4-a52e-4f735466cecf":"00000000-0000-01ca-ffff-ffff00000116","ELEMENT":"00000000-0000-01ca-ffff-ffff00000116"}
&amp#27;[38;5;0m[HTTP]&amp#27;[0m &amp#27;[37m<-- POST /session/2eb8af4b-f6f5-46ef-858a-418a2cc165ce/element &amp#27;[39m&amp#27;[32m200&amp#27;[39m &amp#27;[90m218 ms - 137&amp#27;[39m
&amp#27;[38;5;0m[HTTP]&amp#27;[0m &amp#27;[90m&amp#27;[39m
&amp#27;[38;5;0m[HTTP]&amp#27;[0m &amp#27;[37m-->&amp#27;[39m &amp#27;[37mPOST&amp#27;[39m &amp#27;[37m/session/2eb8af4b-f6f5-46ef-858a-418a2cc165ce/element/00000000-0000-01ca-ffff-ffff00000116/click&amp#27;[39m
&amp#27;[38;5;0m[HTTP]&amp#27;[0m &amp#27;[90m{"id":"00000000-0000-01ca-ffff-ffff00000116"}&amp#27;[39m
&amp#27;[38;5;32m[AndroidUiautomator2Driver@20e3 (2eb8af4b)]&amp#27;[0m Calling AppiumDriver.click() with args: ["00000000-0000-01ca-ffff-ffff00000116","2eb8af4b-f6f5-46ef-858a-418a2cc165ce"]
&amp#27;[38;5;32m[AndroidUiautomator2Driver@20e3 (2eb8af4b)]&amp#27;[0m Matched '/element/00000000-0000-01ca-ffff-ffff00000116/click' to command name 'click'
&amp#27;[38;5;32m[AndroidUiautomator2Driver@20e3 (2eb8af4b)]&amp#27;[0m Proxying [POST /element/00000000-0000-01ca-ffff-ffff00000116/click] to [POST http://127.0.0.1:8200/session/9d67d8fb-4a7d-4886-b012-0b0e31d22bf2/element/00000000-0000-01ca-ffff-ffff00000116/click] with body: {"element":"00000000-0000-01ca-ffff-ffff00000116"}
&amp#27;[38;5;32m[AndroidUiautomator2Driver@20e3 (2eb8af4b)]&amp#27;[0m Got response with status 200: {"sessionId":"9d67d8fb-4a7d-4886-b012-0b0e31d22bf2","value":null}
&amp#27;[38;5;32m[AndroidUiautomator2Driver@20e3 (2eb8af4b)]&amp#27;[0m Responding to client with driver.click() result: null
&amp#27;[38;5;0m[HTTP]&amp#27;[0m &amp#27;[37m<-- POST /session/2eb8af4b-f6f5-46ef-858a-418a2cc165ce/element/00000000-0000-01ca-ffff-ffff00000116/click &amp#27;[39m&amp#27;[32m200&amp#27;[39m &amp#27;[90m131 ms - 14&amp#27;[39m
&amp#27;[38;5;0m[HTTP]&amp#27;[0m &amp#27;[90m&amp#27;[39m
&amp#27;[38;5;0m[HTTP]&amp#27;[0m &amp#27;[37m-->&amp#27;[39m &amp#27;[37mGET&amp#27;[39m &amp#27;[37m/session/2eb8af4b-f6f5-46ef-858a-418a2cc165ce/context&amp#27;[39m
&amp#27;[38;5;0m[HTTP]&amp#27;[0m &amp#27;[90m{}&amp#27;[39m
&amp#27;[38;5;32m[AndroidUiautomator2Driver@20e3 (2eb8af4b)]&amp#27;[0m Calling AppiumDriver.getCurrentContext() with args: ["2eb8af4b-f6f5-46ef-858a-418a2cc165ce"]
&amp#27;[38;5;32m[AndroidUiautomator2Driver@20e3 (2eb8af4b)]&amp#27;[0m Responding to client with driver.getCurrentContext() result: "NATIVE_APP"
&amp#27;[38;5;0m[HTTP]&amp#27;[0m &amp#27;[37m<-- GET /session/2eb8af4b-f6f5-46ef-858a-418a2cc165ce/context &amp#27;[39m&amp#27;[32m200&amp#27;[39m &amp#27;[90m1 ms - 22&amp#27;[39m
&amp#27;[38;5;0m[HTTP]&amp#27;[0m &amp#27;[90m&amp#27;[39m
&amp#27;[38;5;0m[HTTP]&amp#27;[0m &amp#27;[37m-->&amp#27;[39m &amp#27;[37mPOST&amp#27;[39m &amp#27;[37m/session/2eb8af4b-f6f5-46ef-858a-418a2cc165ce/element&amp#27;[39m
&amp#27;[38;5;0m[HTTP]&amp#27;[0m &amp#27;[90m{"value":"com.androidsample.generalstore:id/btnProceed","using":"id"}&amp#27;[39m
&amp#27;[38;5;32m[AndroidUiautomator2Driver@20e3 (2eb8af4b)]&amp#27;[0m Calling AppiumDriver.findElement() with args: ["id","com.androidsample.generalstore:id/btnProceed","2eb8af4b-f6f5-46ef-858a-418a2cc165ce"]
&amp#27;[38;5;32m[AndroidUiautomator2Driver@20e3 (2eb8af4b)]&amp#27;[0m Valid locator strategies for this request: xpath, id, class name, accessibility id, css selector, -android uiautomator
&amp#27;[38;5;32m[AndroidUiautomator2Driver@20e3 (2eb8af4b)]&amp#27;[0m Waiting up to 5000 ms for condition
&amp#27;[38;5;32m[AndroidUiautomator2Driver@20e3 (2eb8af4b)]&amp#27;[0m Matched '/element' to command name 'findElement'
&amp#27;[38;5;32m[AndroidUiautomator2Driver@20e3 (2eb8af4b)]&amp#27;[0m Proxying [POST /element] to [POST http://127.0.0.1:8200/session/9d67d8fb-4a7d-4886-b012-0b0e31d22bf2/element] with body: {"strategy":"id","selector":"com.androidsample.generalstore:id/btnProceed","context":"","multiple":false}
&amp#27;[38;5;32m[AndroidUiautomator2Driver@20e3 (2eb8af4b)]&amp#27;[0m Got response with status 200: {"sessionId":"9d67d8fb-4a7d-4886-b012-0b0e31d22bf2","value":{"ELEMENT":"00000000-0000-01c9-ffff-ffff000000e9","element-6066-11e4-a52e-4f735466cecf":"00000000-0000-01c9-ffff-ffff000000e9"}}
&amp#27;[38;5;32m[AndroidUiautomator2Driver@20e3 (2eb8af4b)]&amp#27;[0m Responding to client with driver.findElement() result: {"element-6066-11e4-a52e-4f735466cecf":"00000000-0000-01c9-ffff-ffff000000e9","ELEMENT":"00000000-0000-01c9-ffff-ffff000000e9"}
&amp#27;[38;5;0m[HTTP]&amp#27;[0m &amp#27;[37m<-- POST /session/2eb8af4b-f6f5-46ef-858a-418a2cc165ce/element &amp#27;[39m&amp#27;[32m200&amp#27;[39m &amp#27;[90m892 ms - 137&amp#27;[39m
&amp#27;[38;5;0m[HTTP]&amp#27;[0m &amp#27;[90m&amp#27;[39m
&amp#27;[38;5;0m[HTTP]&amp#27;[0m &amp#27;[37m-->&amp#27;[39m &amp#27;[37mPOST&amp#27;[39m &amp#27;[37m/session/2eb8af4b-f6f5-46ef-858a-418a2cc165ce/element/00000000-0000-01c9-ffff-ffff000000e9/click&amp#27;[39m
&amp#27;[38;5;0m[HTTP]&amp#27;[0m &amp#27;[90m{"id":"00000000-0000-01c9-ffff-ffff000000e9"}&amp#27;[39m
&amp#27;[38;5;32m[AndroidUiautomator2Driver@20e3 (2eb8af4b)]&amp#27;[0m Calling AppiumDriver.click() with args: ["00000000-0000-01c9-ffff-ffff000000e9","2eb8af4b-f6f5-46ef-858a-418a2cc165ce"]
&amp#27;[38;5;32m[AndroidUiautomator2Driver@20e3 (2eb8af4b)]&amp#27;[0m Matched '/element/00000000-0000-01c9-ffff-ffff000000e9/click' to command name 'click'
&amp#27;[38;5;32m[AndroidUiautomator2Driver@20e3 (2eb8af4b)]&amp#27;[0m Proxying [POST /element/00000000-0000-01c9-ffff-ffff000000e9/click] to [POST http://127.0.0.1:8200/session/9d67d8fb-4a7d-4886-b012-0b0e31d22bf2/element/00000000-0000-01c9-ffff-ffff000000e9/click] with body: {"element":"00000000-0000-01c9-ffff-ffff000000e9"}
&amp#27;[38;5;32m[AndroidUiautomator2Driver@20e3 (2eb8af4b)]&amp#27;[0m Got response with status 200: {"sessionId":"9d67d8fb-4a7d-4886-b012-0b0e31d22bf2","value":null}
&amp#27;[38;5;32m[AndroidUiautomator2Driver@20e3 (2eb8af4b)]&amp#27;[0m Responding to client with driver.click() result: null
&amp#27;[38;5;0m[HTTP]&amp#27;[0m &amp#27;[37m<-- POST /session/2eb8af4b-f6f5-46ef-858a-418a2cc165ce/element/00000000-0000-01c9-ffff-ffff000000e9/click &amp#27;[39m&amp#27;[32m200&amp#27;[39m &amp#27;[90m107 ms - 14&amp#27;[39m
&amp#27;[38;5;0m[HTTP]&amp#27;[0m &amp#27;[90m&amp#27;[39m
]]></system-out>
  </testcase>
</testsuite>