<?xml version="1.0" encoding="UTF-8"?>
<!-- Generated by org.testng.reporters.JUnitReportReporter -->
<testsuite hostname="DESKTOP-OU8PKGM" failures="0" tests="3" name="testautomation.eCommerce_E2E_tc2" time="57.143" errors="0" timestamp="2024-06-19T18:43:52 CEST" skipped="0">
  <testcase classname="testautomation.eCommerce_E2E_tc2" name="fillForm_PositiveFlow" time="15.392"/>
  <testcase classname="testautomation.eCommerce_E2E_tc2" name="fillForm_PositiveFlow" time="22.586"/>
  <testcase classname="testautomation.eCommerce_E2E_tc2" name="totalAmountMatching" time="19.165"/>
</testsuite> <!-- testautomation.eCommerce_E2E_tc2 -->
