<?xml version="1.0" encoding="UTF-8"?>
<!-- Generated by org.testng.reporters.JUnitReportReporter -->
<testsuite hostname="DESKTOP-OU8PKGM" failures="0" tests="2" name="testautomation.eCommerce_tc_1" time="27.238" errors="0" timestamp="2024-06-19T18:26:59 CEST" skipped="0">
  <testcase classname="testautomation.eCommerce_tc_1" name="fillForm_ErrorValidation" time="6.475"/>
  <testcase classname="testautomation.eCommerce_tc_1" name="fillForm_PositiveFlow" time="20.763"/>
</testsuite> <!-- testautomation.eCommerce_tc_1 -->
