<?xml version="1.0" encoding="UTF-8"?>
<!-- Generated by org.testng.reporters.JUnitReportReporter -->
<testsuite hostname="DESKTOP-OU8PKGM" failures="0" tests="2" name="testautomation.eCommerce_tc_4" time="1.619" errors="1" timestamp="2024-06-16T17:32:28 CEST" skipped="1">
  <testcase classname="testautomation.eCommerce_tc_4" name="configureAppium" time="1.619">
    <error message="Could not start a new session. Response code 500. Message: An unknown server-side error occurred while processing the command. Original error: Error executing adbExec. Original error: &#039;Command &#039;C:\\Users\\Sabir\\AppData\\Local\\Android\\Sdk\\platform-tools\\adb.exe -P 5037 -s R58T10BJQHK shell cmd package list packages&#039; exited with code 255&#039;; Command output: 
Exception occurred while executing &#039;list&#039;:
java.lang.SecurityException: Shell does not have permission to access user 150
 com.android.server.am.ActivityManagerService.handleIncomingUser:15970 android.app.ActivityManager.handleIncomingUser:5152 com.android.server.pm.PackageManagerShellCommand.translateUserId:3733 
	at com.android.server.am.UserController.handleIncomingUser(UserController.java:2892)
	at com.android.server.am.ActivityManagerService.handleIncomingUser(ActivityManagerService.java:15970)
	at android.app.ActivityManager.handleIncomingUser(ActivityManager.java:5152)
	at com.android.server.pm.PackageManagerShellCommand.translateUserId(PackageManagerShellCommand.java:3733)
	at com.android.server.pm.PackageManagerShellCommand.runListPackages(PackageManagerShellCommand.java:1074)
	at com.android.server.pm.PackageManagerShellCommand.runListPackages(PackageManagerShellCommand.java:960)
	at com.android.server.pm.PackageManagerShellCommand.runList(PackageManagerShellCommand.java:800)
	at com.android.server.pm.PackageManagerShellCommand.onCommand(PackageManagerShellCommand.java:237)
	at com.android.modules.utils.BasicShellCommandHandler.exec(BasicShellCommandHandler.java:97)
	at android.os.ShellCommand.exec(ShellCommand.java:38)
	at com.android.server.pm.PackageManagerService$IPackageManagerImpl.onShellCommand(PackageManagerService.java:7119)
	at android.os.Binder.shellCommand(Binder.java:1104)
	at android.os.Binder.onTransact(Binder.java:914)
	at android.content.pm.IPackageManager$Stub.onTransact(IPackageManager.java:4905)
	at com.android.server.pm.PackageManagerService$IPackageManagerImpl.onTransact(PackageManagerService.java:7103)
	at android.os.Binder.execTransactInternal(Binder.java:1380)
	at android.os.Binder.execTransact(Binder.java:1311)
 
Host info: host: &#039;DESKTOP-OU8PKGM&#039;, ip: &#039;158.39.125.203&#039;
Build info: version: &#039;4.21.0&#039;, revision: &#039;79ed462ef4&#039;
System info: os.name: &#039;Windows 11&#039;, os.arch: &#039;amd64&#039;, os.version: &#039;10.0&#039;, java.version: &#039;21.0.2&#039;
Driver info: io.appium.java_client.android.AndroidDriver
Command: [null, newSession {capabilities=[Capabilities {appium:app: C:\Users\Sabir\eclipse-work..., appium:automationName: UIAutomator2, appium:deviceName: Galaxy A52, platformName: ANDROID}]}]
Capabilities {appium:app: C:\Users\Sabir\eclipse-work..., appium:automationName: UIAutomator2, appium:deviceName: Galaxy A52, platformName: ANDROID}" type="org.openqa.selenium.SessionNotCreatedException">
      <![CDATA[org.openqa.selenium.SessionNotCreatedException: Could not start a new session. Response code 500. Message: An unknown server-side error occurred while processing the command. Original error: Error executing adbExec. Original error: 'Command 'C:\\Users\\Sabir\\AppData\\Local\\Android\\Sdk\\platform-tools\\adb.exe -P 5037 -s R58T10BJQHK shell cmd package list packages' exited with code 255'; Command output: 
Exception occurred while executing 'list':
java.lang.SecurityException: Shell does not have permission to access user 150
 com.android.server.am.ActivityManagerService.handleIncomingUser:15970 android.app.ActivityManager.handleIncomingUser:5152 com.android.server.pm.PackageManagerShellCommand.translateUserId:3733 
at com.android.server.am.UserController.handleIncomingUser(UserController.java:2892)
at com.android.server.am.ActivityManagerService.handleIncomingUser(ActivityManagerService.java:15970)
at android.app.ActivityManager.handleIncomingUser(ActivityManager.java:5152)
at com.android.server.pm.PackageManagerShellCommand.translateUserId(PackageManagerShellCommand.java:3733)
at com.android.server.pm.PackageManagerShellCommand.runListPackages(PackageManagerShellCommand.java:1074)
at com.android.server.pm.PackageManagerShellCommand.runListPackages(PackageManagerShellCommand.java:960)
at com.android.server.pm.PackageManagerShellCommand.runList(PackageManagerShellCommand.java:800)
at com.android.server.pm.PackageManagerShellCommand.onCommand(PackageManagerShellCommand.java:237)
at com.android.modules.utils.BasicShellCommandHandler.exec(BasicShellCommandHandler.java:97)
at android.os.ShellCommand.exec(ShellCommand.java:38)
at com.android.server.pm.PackageManagerService$IPackageManagerImpl.onShellCommand(PackageManagerService.java:7119)
at android.os.Binder.shellCommand(Binder.java:1104)
at android.os.Binder.onTransact(Binder.java:914)
at android.content.pm.IPackageManager$Stub.onTransact(IPackageManager.java:4905)
at com.android.server.pm.PackageManagerService$IPackageManagerImpl.onTransact(PackageManagerService.java:7103)
at android.os.Binder.execTransactInternal(Binder.java:1380)
at android.os.Binder.execTransact(Binder.java:1311)
 
Host info: host: 'DESKTOP-OU8PKGM', ip: '158.39.125.203'
Build info: version: '4.21.0', revision: '79ed462ef4'
System info: os.name: 'Windows 11', os.arch: 'amd64', os.version: '10.0', java.version: '21.0.2'
Driver info: io.appium.java_client.android.AndroidDriver
Command: [null, newSession {capabilities=[Capabilities {appium:app: C:\Users\Sabir\eclipse-work..., appium:automationName: UIAutomator2, appium:deviceName: Galaxy A52, platformName: ANDROID}]}]
Capabilities {appium:app: C:\Users\Sabir\eclipse-work..., appium:automationName: UIAutomator2, appium:deviceName: Galaxy A52, platformName: ANDROID}
at org.openqa.selenium.remote.ProtocolHandshake.createSession(ProtocolHandshake.java:114)
at org.openqa.selenium.remote.ProtocolHandshake.createSession(ProtocolHandshake.java:75)
at org.openqa.selenium.remote.ProtocolHandshake.createSession(ProtocolHandshake.java:61)
at io.appium.java_client.remote.AppiumCommandExecutor.createSession(AppiumCommandExecutor.java:176)
at io.appium.java_client.remote.AppiumCommandExecutor.execute(AppiumCommandExecutor.java:237)
at org.openqa.selenium.remote.RemoteWebDriver.execute(RemoteWebDriver.java:518)
at io.appium.java_client.AppiumDriver.startSession(AppiumDriver.java:270)
at org.openqa.selenium.remote.RemoteWebDriver.<init>(RemoteWebDriver.java:161)
at io.appium.java_client.AppiumDriver.<init>(AppiumDriver.java:91)
at io.appium.java_client.AppiumDriver.<init>(AppiumDriver.java:103)
at io.appium.java_client.android.AndroidDriver.<init>(AndroidDriver.java:109)
at testautomation.BaseTest.configureAppium(BaseTest.java:48)
at java.base/jdk.internal.reflect.DirectMethodHandleAccessor.invoke(DirectMethodHandleAccessor.java:103)
at java.base/java.lang.reflect.Method.invoke(Method.java:580)
at org.testng.internal.MethodInvocationHelper.invokeMethod(MethodInvocationHelper.java:133)
at org.testng.internal.MethodInvocationHelper.invokeMethodConsideringTimeout(MethodInvocationHelper.java:62)
at org.testng.internal.ConfigInvoker.invokeConfigurationMethod(ConfigInvoker.java:340)
at org.testng.internal.ConfigInvoker.invokeConfigurations(ConfigInvoker.java:294)
at org.testng.internal.TestMethodWorker.invokeBeforeClassMethods(TestMethodWorker.java:176)
at org.testng.internal.TestMethodWorker.run(TestMethodWorker.java:122)
at java.base/java.util.ArrayList.forEach(ArrayList.java:1596)
at org.testng.TestRunner.privateRun(TestRunner.java:770)
at org.testng.TestRunner.run(TestRunner.java:591)
at org.testng.SuiteRunner.runTest(SuiteRunner.java:402)
at org.testng.SuiteRunner.runSequentially(SuiteRunner.java:396)
at org.testng.SuiteRunner.privateRun(SuiteRunner.java:355)
at org.testng.SuiteRunner.run(SuiteRunner.java:304)
at org.testng.SuiteRunnerWorker.runSuite(SuiteRunnerWorker.java:53)
at org.testng.SuiteRunnerWorker.run(SuiteRunnerWorker.java:96)
at org.testng.TestNG.runSuitesSequentially(TestNG.java:1180)
at org.testng.TestNG.runSuitesLocally(TestNG.java:1102)
at org.testng.TestNG.runSuites(TestNG.java:1032)
at org.testng.TestNG.run(TestNG.java:1000)
at org.testng.remote.AbstractRemoteTestNG.run(AbstractRemoteTestNG.java:115)
at org.testng.remote.RemoteTestNG.initAndRun(RemoteTestNG.java:293)
at org.testng.remote.RemoteTestNG.main(RemoteTestNG.java:91)
]]>
    </error>
  </testcase> <!-- configureAppium -->
  <testcase classname="testautomation.eCommerce_tc_4" name="totalAmountMatching" time="0.000">
    <skipped/>
  </testcase> <!-- totalAmountMatching -->
</testsuite> <!-- testautomation.eCommerce_tc_4 -->
