<?xml version="1.0" encoding="UTF-8"?>
<!-- Generated by org.testng.reporters.JUnitReportReporter -->
<testsuite hostname="DESKTOP-OU8PKGM" failures="0" tests="2" name="testautomation.MobileBrowserTest" time="34.592" errors="0" timestamp="2024-06-19T18:26:59 CEST" skipped="0">
  <testcase classname="testautomation.MobileBrowserTest" name="signUpThroughChangeAddress" time="17.314"/>
  <testcase classname="testautomation.MobileBrowserTest" name="signUpThroughChangeAddress" time="17.278"/>
</testsuite> <!-- testautomation.MobileBrowserTest -->
