<?xml version="1.0" encoding="UTF-8"?>
<!-- Generated by org.testng.reporters.JUnitReportReporter -->
<testsuite hostname="DESKTOP-OU8PKGM" failures="0" tests="4" name="testautomation.eCommerce_E2E_tc" time="105.266" errors="0" timestamp="2024-06-19T18:26:59 CEST" skipped="0">
  <testcase classname="testautomation.eCommerce_E2E_tc" name="totalAmountMatching" time="19.602"/>
  <testcase classname="testautomation.eCommerce_E2E_tc" name="fillForm_PositiveFlow" time="14.799"/>
  <testcase classname="testautomation.eCommerce_E2E_tc" name="fillForm_ErrorValidation" time="6.003"/>
  <testcase classname="testautomation.eCommerce_E2E_tc" name="fillForm_PositiveFlow" time="64.862"/>
</testsuite> <!-- testautomation.eCommerce_E2E_tc -->
