<?xml version="1.0" encoding="UTF-8"?>
<!-- Generated by org.testng.reporters.JUnitReportReporter -->
<testsuite hostname="DESKTOP-OU8PKGM" failures="0" tests="3" name="testautomation.eCommerce_E2E_tc2" time="58.069" errors="0" timestamp="2024-06-19T19:43:21 CEST" skipped="0">
  <testcase classname="testautomation.eCommerce_E2E_tc2" name="fillForm_PositiveFlow" time="16.039"/>
  <testcase classname="testautomation.eCommerce_E2E_tc2" name="totalAmountMatching" time="18.989"/>
  <testcase classname="testautomation.eCommerce_E2E_tc2" name="fillForm_PositiveFlow" time="23.041"/>
</testsuite> <!-- testautomation.eCommerce_E2E_tc2 -->
